2025-04-17 20:44:38,196 DEBUG [background-preinit][LoggerProviders.java:152] - Logging Provider: org.jboss.logging.Log4j2LoggerProvider
2025-04-17 20:44:38,196 DEBUG [background-preinit][LoggerProviders.java:152] - Logging Provider: org.jboss.logging.Log4j2LoggerProvider
2025-04-17 20:44:38,238 INFO [background-preinit][Version.java:21] - HV000001: Hibernate Validator 6.2.5.Final
2025-04-17 20:44:38,238 INFO [background-preinit][Version.java:21] - HV000001: Hibernate Validator 6.2.5.Final
2025-04-17 20:44:38,251 DEBUG [background-preinit][ValidationXmlParser.java:120] - Trying to load META-INF/validation.xml for XML based Validator configuration.
2025-04-17 20:44:38,251 DEBUG [background-preinit][ValidationXmlParser.java:120] - Trying to load META-INF/validation.xml for XML based Validator configuration.
2025-04-17 20:44:38,254 DEBUG [background-preinit][ResourceLoaderHelper.java:60] - Trying to load META-INF/validation.xml via TCCL
2025-04-17 20:44:38,254 DEBUG [background-preinit][ResourceLoaderHelper.java:60] - Trying to load META-INF/validation.xml via TCCL
2025-04-17 20:44:38,255 DEBUG [background-preinit][ResourceLoaderHelper.java:66] - Trying to load META-INF/validation.xml via Hibernate Validator's class loader
2025-04-17 20:44:38,255 DEBUG [background-preinit][ResourceLoaderHelper.java:66] - Trying to load META-INF/validation.xml via Hibernate Validator's class loader
2025-04-17 20:44:38,255 DEBUG [background-preinit][ValidationXmlParser.java:127] - No META-INF/validation.xml found. Using annotation based configuration only.
2025-04-17 20:44:38,255 DEBUG [background-preinit][ValidationXmlParser.java:127] - No META-INF/validation.xml found. Using annotation based configuration only.
2025-04-17 20:44:38,262 DEBUG [background-preinit][TraversableResolvers.java:60] - Cannot find javax.persistence.Persistence on classpath. Assuming non JPA 2 environment. All properties will per default be traversable.
2025-04-17 20:44:38,262 DEBUG [background-preinit][TraversableResolvers.java:60] - Cannot find javax.persistence.Persistence on classpath. Assuming non JPA 2 environment. All properties will per default be traversable.
2025-04-17 20:44:38,269 INFO [main][StartupInfoLogger.java:55] - Starting LearningOnlineContentApiApplication using Java 1.8.0_432 on yhc with PID 23044 (C:\Users\86157\Desktop\在线学习平台\LearningPlatform\LearningOnline-content\LearningOnline-content-api\target\classes started by 86157 in C:\Users\86157\Desktop\在线学习平台\LearningPlatform)
2025-04-17 20:44:38,269 INFO [main][StartupInfoLogger.java:55] - Starting LearningOnlineContentApiApplication using Java 1.8.0_432 on yhc with PID 23044 (C:\Users\86157\Desktop\在线学习平台\LearningPlatform\LearningOnline-content\LearningOnline-content-api\target\classes started by 86157 in C:\Users\86157\Desktop\在线学习平台\LearningPlatform)
2025-04-17 20:44:38,272 DEBUG [main][StartupInfoLogger.java:56] - Running with Spring Boot v2.7.6, Spring v5.3.24
2025-04-17 20:44:38,272 DEBUG [main][StartupInfoLogger.java:56] - Running with Spring Boot v2.7.6, Spring v5.3.24
2025-04-17 20:44:38,273 INFO [main][SpringApplication.java:631] - No active profile set, falling back to 1 default profile: "default"
2025-04-17 20:44:38,273 INFO [main][SpringApplication.java:631] - No active profile set, falling back to 1 default profile: "default"
2025-04-17 20:44:38,296 DEBUG [background-preinit][ResourceBundleMessageInterpolator.java:172] - Loaded expression factory via original TCCL
2025-04-17 20:44:38,296 DEBUG [background-preinit][ResourceBundleMessageInterpolator.java:172] - Loaded expression factory via original TCCL
2025-04-17 20:44:38,506 DEBUG [background-preinit][ValidatorFactoryConfigurationHelper.java:345] - HV000252: Using org.hibernate.validator.internal.engine.DefaultPropertyNodeNameProvider as property node name provider.
2025-04-17 20:44:38,506 DEBUG [background-preinit][ValidatorFactoryConfigurationHelper.java:345] - HV000252: Using org.hibernate.validator.internal.engine.DefaultPropertyNodeNameProvider as property node name provider.
2025-04-17 20:44:38,516 DEBUG [background-preinit][ValidatorFactoryConfigurationHelper.java:420] - HV000234: Using org.hibernate.validator.messageinterpolation.ResourceBundleMessageInterpolator as ValidatorFactory-scoped message interpolator.
2025-04-17 20:44:38,516 DEBUG [background-preinit][ValidatorFactoryConfigurationHelper.java:420] - HV000234: Using org.hibernate.validator.messageinterpolation.ResourceBundleMessageInterpolator as ValidatorFactory-scoped message interpolator.
2025-04-17 20:44:38,516 DEBUG [background-preinit][ValidatorFactoryConfigurationHelper.java:421] - HV000234: Using org.hibernate.validator.internal.engine.resolver.TraverseAllTraversableResolver as ValidatorFactory-scoped traversable resolver.
2025-04-17 20:44:38,516 DEBUG [background-preinit][ValidatorFactoryConfigurationHelper.java:421] - HV000234: Using org.hibernate.validator.internal.engine.resolver.TraverseAllTraversableResolver as ValidatorFactory-scoped traversable resolver.
2025-04-17 20:44:38,517 DEBUG [background-preinit][ValidatorFactoryConfigurationHelper.java:422] - HV000234: Using org.hibernate.validator.internal.util.ExecutableParameterNameProvider as ValidatorFactory-scoped parameter name provider.
2025-04-17 20:44:38,517 DEBUG [background-preinit][ValidatorFactoryConfigurationHelper.java:422] - HV000234: Using org.hibernate.validator.internal.util.ExecutableParameterNameProvider as ValidatorFactory-scoped parameter name provider.
2025-04-17 20:44:38,517 DEBUG [background-preinit][ValidatorFactoryConfigurationHelper.java:423] - HV000234: Using org.hibernate.validator.internal.engine.DefaultClockProvider as ValidatorFactory-scoped clock provider.
2025-04-17 20:44:38,517 DEBUG [background-preinit][ValidatorFactoryConfigurationHelper.java:423] - HV000234: Using org.hibernate.validator.internal.engine.DefaultClockProvider as ValidatorFactory-scoped clock provider.
2025-04-17 20:44:38,517 DEBUG [background-preinit][ValidatorFactoryConfigurationHelper.java:424] - HV000234: Using org.hibernate.validator.internal.engine.scripting.DefaultScriptEvaluatorFactory as ValidatorFactory-scoped script evaluator factory.
2025-04-17 20:44:38,517 DEBUG [background-preinit][ValidatorFactoryConfigurationHelper.java:424] - HV000234: Using org.hibernate.validator.internal.engine.scripting.DefaultScriptEvaluatorFactory as ValidatorFactory-scoped script evaluator factory.
2025-04-17 20:44:39,552 DEBUG [main][LogFactory.java:109] - Logging initialized using 'class org.apache.ibatis.logging.slf4j.Slf4jImpl' adapter.
2025-04-17 20:44:39,552 DEBUG [main][LogFactory.java:109] - Logging initialized using 'class org.apache.ibatis.logging.slf4j.Slf4jImpl' adapter.
2025-04-17 20:44:39,647 INFO [main][GenericScope.java:283] - BeanFactory id=b4969e34-d8a6-33b5-901f-3d1dd1e86d1b
2025-04-17 20:44:39,647 INFO [main][GenericScope.java:283] - BeanFactory id=b4969e34-d8a6-33b5-901f-3d1dd1e86d1b
2025-04-17 20:44:40,047 INFO [main][TomcatWebServer.java:108] - Tomcat initialized with port(s): 9090 (http)
2025-04-17 20:44:40,047 INFO [main][TomcatWebServer.java:108] - Tomcat initialized with port(s): 9090 (http)
2025-04-17 20:44:40,058 INFO [main][DirectJDKLog.java:173] - Initializing ProtocolHandler ["http-nio-9090"]
2025-04-17 20:44:40,058 INFO [main][DirectJDKLog.java:173] - Initializing ProtocolHandler ["http-nio-9090"]
2025-04-17 20:44:40,059 INFO [main][DirectJDKLog.java:173] - Starting service [Tomcat]
2025-04-17 20:44:40,059 INFO [main][DirectJDKLog.java:173] - Starting service [Tomcat]
2025-04-17 20:44:40,059 INFO [main][DirectJDKLog.java:173] - Starting Servlet engine: [Apache Tomcat/9.0.69]
2025-04-17 20:44:40,059 INFO [main][DirectJDKLog.java:173] - Starting Servlet engine: [Apache Tomcat/9.0.69]
2025-04-17 20:44:40,201 INFO [main][DirectJDKLog.java:173] - Initializing Spring embedded WebApplicationContext
2025-04-17 20:44:40,201 INFO [main][DirectJDKLog.java:173] - Initializing Spring embedded WebApplicationContext
2025-04-17 20:44:40,202 INFO [main][ServletWebServerApplicationContext.java:292] - Root WebApplicationContext: initialization completed in 1881 ms
2025-04-17 20:44:40,202 INFO [main][ServletWebServerApplicationContext.java:292] - Root WebApplicationContext: initialization completed in 1881 ms
2025-04-17 20:44:40,314 DEBUG [main][HikariConfig.java:971] - Driver class com.mysql.cj.jdbc.Driver found in Thread context class loader sun.misc.Launcher$AppClassLoader@18b4aac2
2025-04-17 20:44:40,314 DEBUG [main][HikariConfig.java:971] - Driver class com.mysql.cj.jdbc.Driver found in Thread context class loader sun.misc.Launcher$AppClassLoader@18b4aac2
2025-04-17 20:44:40,388 DEBUG [main][Logger.java:49] - Registered plugin: 'com.baomidou.mybatisplus.extension.plugins.MybatisPlusInterceptor@5b7c8930'
2025-04-17 20:44:40,388 DEBUG [main][Logger.java:49] - Registered plugin: 'com.baomidou.mybatisplus.extension.plugins.MybatisPlusInterceptor@5b7c8930'
2025-04-17 20:44:40,390 DEBUG [main][Logger.java:49] - Property 'mapperLocations' was not specified.
2025-04-17 20:44:40,390 DEBUG [main][Logger.java:49] - Property 'mapperLocations' was not specified.
2025-04-17 20:44:41,468 DEBUG [main][AbstractHandlerMethodMapping.java:295] - 
	c.l.c.a.c.CourseBaseInfoController:
	{POST [/course/list]}: queryCourseList(PageParams,QueryCourseParamsDto)
2025-04-17 20:44:41,468 DEBUG [main][AbstractHandlerMethodMapping.java:295] - 
	c.l.c.a.c.CourseBaseInfoController:
	{POST [/course/list]}: queryCourseList(PageParams,QueryCourseParamsDto)
2025-04-17 20:44:41,471 DEBUG [main][AbstractHandlerMethodMapping.java:295] - 
	s.d.o.w.OpenApiControllerWebMvc:
	{GET [/v3/api-docs], produces [application/json || application/hal+json]}: getDocumentation(String,HttpServletRequest)
2025-04-17 20:44:41,471 DEBUG [main][AbstractHandlerMethodMapping.java:295] - 
	s.d.o.w.OpenApiControllerWebMvc:
	{GET [/v3/api-docs], produces [application/json || application/hal+json]}: getDocumentation(String,HttpServletRequest)
2025-04-17 20:44:41,473 DEBUG [main][AbstractHandlerMethodMapping.java:295] - 
	s.d.s.w.ApiResourceController:
	{GET [/swagger-resources/configuration/ui], produces [application/json]}: uiConfiguration()
	{GET [/swagger-resources], produces [application/json]}: swaggerResources()
	{GET [/swagger-resources/configuration/security], produces [application/json]}: securityConfiguration()
2025-04-17 20:44:41,473 DEBUG [main][AbstractHandlerMethodMapping.java:295] - 
	s.d.s.w.ApiResourceController:
	{GET [/swagger-resources/configuration/ui], produces [application/json]}: uiConfiguration()
	{GET [/swagger-resources], produces [application/json]}: swaggerResources()
	{GET [/swagger-resources/configuration/security], produces [application/json]}: securityConfiguration()
2025-04-17 20:44:41,475 DEBUG [main][AbstractHandlerMethodMapping.java:295] - 
	s.d.s.w.Swagger2ControllerWebMvc:
	{GET [/v2/api-docs], produces [application/json || application/hal+json]}: getDocumentation(String,HttpServletRequest)
2025-04-17 20:44:41,475 DEBUG [main][AbstractHandlerMethodMapping.java:295] - 
	s.d.s.w.Swagger2ControllerWebMvc:
	{GET [/v2/api-docs], produces [application/json || application/hal+json]}: getDocumentation(String,HttpServletRequest)
2025-04-17 20:44:41,478 DEBUG [main][AbstractHandlerMethodMapping.java:295] - 
	o.s.b.a.w.s.e.BasicErrorController:
	{ [/error]}: error(HttpServletRequest)
	{ [/error], produces [text/html]}: errorHtml(HttpServletRequest,HttpServletResponse)
2025-04-17 20:44:41,478 DEBUG [main][AbstractHandlerMethodMapping.java:295] - 
	o.s.b.a.w.s.e.BasicErrorController:
	{ [/error]}: error(HttpServletRequest)
	{ [/error], produces [text/html]}: errorHtml(HttpServletRequest,HttpServletResponse)
2025-04-17 20:44:41,556 DEBUG [main][ResourceBundleMessageInterpolator.java:172] - Loaded expression factory via original TCCL
2025-04-17 20:44:41,556 DEBUG [main][ResourceBundleMessageInterpolator.java:172] - Loaded expression factory via original TCCL
2025-04-17 20:44:41,559 DEBUG [main][AbstractConfigurationImpl.java:174] - Setting custom MessageInterpolator of type org.springframework.validation.beanvalidation.LocaleContextMessageInterpolator
2025-04-17 20:44:41,559 DEBUG [main][AbstractConfigurationImpl.java:174] - Setting custom MessageInterpolator of type org.springframework.validation.beanvalidation.LocaleContextMessageInterpolator
2025-04-17 20:44:41,559 DEBUG [main][AbstractConfigurationImpl.java:206] - Setting custom ConstraintValidatorFactory of type org.springframework.validation.beanvalidation.SpringConstraintValidatorFactory
2025-04-17 20:44:41,559 DEBUG [main][AbstractConfigurationImpl.java:206] - Setting custom ConstraintValidatorFactory of type org.springframework.validation.beanvalidation.SpringConstraintValidatorFactory
2025-04-17 20:44:41,560 DEBUG [main][AbstractConfigurationImpl.java:220] - Setting custom ParameterNameProvider of type org.springframework.validation.beanvalidation.LocalValidatorFactoryBean$1
2025-04-17 20:44:41,560 DEBUG [main][AbstractConfigurationImpl.java:220] - Setting custom ParameterNameProvider of type org.springframework.validation.beanvalidation.LocalValidatorFactoryBean$1
2025-04-17 20:44:41,560 DEBUG [main][ValidationXmlParser.java:120] - Trying to load META-INF/validation.xml for XML based Validator configuration.
2025-04-17 20:44:41,560 DEBUG [main][ValidationXmlParser.java:120] - Trying to load META-INF/validation.xml for XML based Validator configuration.
2025-04-17 20:44:41,560 DEBUG [main][ResourceLoaderHelper.java:53] - Trying to load META-INF/validation.xml via user class loader
2025-04-17 20:44:41,560 DEBUG [main][ResourceLoaderHelper.java:53] - Trying to load META-INF/validation.xml via user class loader
2025-04-17 20:44:41,561 DEBUG [main][ResourceLoaderHelper.java:60] - Trying to load META-INF/validation.xml via TCCL
2025-04-17 20:44:41,561 DEBUG [main][ResourceLoaderHelper.java:60] - Trying to load META-INF/validation.xml via TCCL
2025-04-17 20:44:41,561 DEBUG [main][ResourceLoaderHelper.java:66] - Trying to load META-INF/validation.xml via Hibernate Validator's class loader
2025-04-17 20:44:41,561 DEBUG [main][ResourceLoaderHelper.java:66] - Trying to load META-INF/validation.xml via Hibernate Validator's class loader
2025-04-17 20:44:41,562 DEBUG [main][ValidationXmlParser.java:127] - No META-INF/validation.xml found. Using annotation based configuration only.
2025-04-17 20:44:41,562 DEBUG [main][ValidationXmlParser.java:127] - No META-INF/validation.xml found. Using annotation based configuration only.
2025-04-17 20:44:41,562 DEBUG [main][TraversableResolvers.java:60] - Cannot find javax.persistence.Persistence on classpath. Assuming non JPA 2 environment. All properties will per default be traversable.
2025-04-17 20:44:41,562 DEBUG [main][TraversableResolvers.java:60] - Cannot find javax.persistence.Persistence on classpath. Assuming non JPA 2 environment. All properties will per default be traversable.
2025-04-17 20:44:41,565 DEBUG [main][ValidatorFactoryConfigurationHelper.java:345] - HV000252: Using org.hibernate.validator.internal.engine.DefaultPropertyNodeNameProvider as property node name provider.
2025-04-17 20:44:41,565 DEBUG [main][ValidatorFactoryConfigurationHelper.java:345] - HV000252: Using org.hibernate.validator.internal.engine.DefaultPropertyNodeNameProvider as property node name provider.
2025-04-17 20:44:41,565 DEBUG [main][ValidatorFactoryConfigurationHelper.java:420] - HV000234: Using org.springframework.validation.beanvalidation.LocaleContextMessageInterpolator as ValidatorFactory-scoped message interpolator.
2025-04-17 20:44:41,565 DEBUG [main][ValidatorFactoryConfigurationHelper.java:420] - HV000234: Using org.springframework.validation.beanvalidation.LocaleContextMessageInterpolator as ValidatorFactory-scoped message interpolator.
2025-04-17 20:44:41,566 DEBUG [main][ValidatorFactoryConfigurationHelper.java:421] - HV000234: Using org.hibernate.validator.internal.engine.resolver.TraverseAllTraversableResolver as ValidatorFactory-scoped traversable resolver.
2025-04-17 20:44:41,566 DEBUG [main][ValidatorFactoryConfigurationHelper.java:421] - HV000234: Using org.hibernate.validator.internal.engine.resolver.TraverseAllTraversableResolver as ValidatorFactory-scoped traversable resolver.
2025-04-17 20:44:41,566 DEBUG [main][ValidatorFactoryConfigurationHelper.java:422] - HV000234: Using org.hibernate.validator.internal.util.ExecutableParameterNameProvider as ValidatorFactory-scoped parameter name provider.
2025-04-17 20:44:41,566 DEBUG [main][ValidatorFactoryConfigurationHelper.java:422] - HV000234: Using org.hibernate.validator.internal.util.ExecutableParameterNameProvider as ValidatorFactory-scoped parameter name provider.
2025-04-17 20:44:41,566 DEBUG [main][ValidatorFactoryConfigurationHelper.java:423] - HV000234: Using org.hibernate.validator.internal.engine.DefaultClockProvider as ValidatorFactory-scoped clock provider.
2025-04-17 20:44:41,566 DEBUG [main][ValidatorFactoryConfigurationHelper.java:423] - HV000234: Using org.hibernate.validator.internal.engine.DefaultClockProvider as ValidatorFactory-scoped clock provider.
2025-04-17 20:44:41,566 DEBUG [main][ValidatorFactoryConfigurationHelper.java:424] - HV000234: Using org.hibernate.validator.internal.engine.scripting.DefaultScriptEvaluatorFactory as ValidatorFactory-scoped script evaluator factory.
2025-04-17 20:44:41,566 DEBUG [main][ValidatorFactoryConfigurationHelper.java:424] - HV000234: Using org.hibernate.validator.internal.engine.scripting.DefaultScriptEvaluatorFactory as ValidatorFactory-scoped script evaluator factory.
2025-04-17 20:44:41,741 DEBUG [main][SimpleUrlHandlerMapping.java:177] - 'viewControllerHandlerMapping' {/swagger-ui/=ParameterizableViewController [view="forward:/swagger-ui/index.html"]}
2025-04-17 20:44:41,741 DEBUG [main][SimpleUrlHandlerMapping.java:177] - 'viewControllerHandlerMapping' {/swagger-ui/=ParameterizableViewController [view="forward:/swagger-ui/index.html"]}
2025-04-17 20:44:41,745 DEBUG [main][AbstractDetectingUrlHandlerMapping.java:86] - 'beanNameHandlerMapping' {}
2025-04-17 20:44:41,745 DEBUG [main][AbstractDetectingUrlHandlerMapping.java:86] - 'beanNameHandlerMapping' {}
2025-04-17 20:44:41,762 DEBUG [main][SimpleUrlHandlerMapping.java:177] - 'resourceHandlerMapping' {/webjars/**=ResourceHttpRequestHandler [classpath [META-INF/resources/webjars/]], /**=ResourceHttpRequestHandler [classpath [META-INF/resources/], classpath [resources/], classpath [static/], classpath [public/], ServletContext [/]], /swagger-ui/**=ResourceHttpRequestHandler [classpath [META-INF/resources/webjars/springfox-swagger-ui/]]}
2025-04-17 20:44:41,762 DEBUG [main][SimpleUrlHandlerMapping.java:177] - 'resourceHandlerMapping' {/webjars/**=ResourceHttpRequestHandler [classpath [META-INF/resources/webjars/]], /**=ResourceHttpRequestHandler [classpath [META-INF/resources/], classpath [resources/], classpath [static/], classpath [public/], ServletContext [/]], /swagger-ui/**=ResourceHttpRequestHandler [classpath [META-INF/resources/webjars/springfox-swagger-ui/]]}
2025-04-17 20:44:42,102 INFO [main][DirectJDKLog.java:173] - Starting ProtocolHandler ["http-nio-9090"]
2025-04-17 20:44:42,102 INFO [main][DirectJDKLog.java:173] - Starting ProtocolHandler ["http-nio-9090"]
2025-04-17 20:44:42,128 INFO [main][TomcatWebServer.java:220] - Tomcat started on port(s): 9090 (http) with context path '/content'
2025-04-17 20:44:42,128 INFO [main][TomcatWebServer.java:220] - Tomcat started on port(s): 9090 (http) with context path '/content'
2025-04-17 20:44:42,321 DEBUG [main][NoopValidator.java:24] - ERROR [ModelSpecification.spec] At least one type of specification is required
2025-04-17 20:44:42,321 DEBUG [main][NoopValidator.java:24] - ERROR [ModelSpecification.spec] At least one type of specification is required
2025-04-17 20:44:42,340 INFO [main][StartupInfoLogger.java:61] - Started LearningOnlineContentApiApplication in 4.632 seconds (JVM running for 6.409)
2025-04-17 20:44:42,340 INFO [main][StartupInfoLogger.java:61] - Started LearningOnlineContentApiApplication in 4.632 seconds (JVM running for 6.409)
