2025-05-14 19:55:34,721 DEBUG [background-preinit][LoggerProviders.java:152] - Logging Provider: org.jboss.logging.Log4j2LoggerProvider
2025-05-14 19:55:34,721 DEBUG [background-preinit][LoggerProviders.java:152] - Logging Provider: org.jboss.logging.Log4j2LoggerProvider
2025-05-14 19:55:34,733 INFO [background-preinit][Version.java:21] - HV000001: Hibernate Validator 6.2.5.Final
2025-05-14 19:55:34,733 INFO [background-preinit][Version.java:21] - HV000001: Hibernate Validator 6.2.5.Final
2025-05-14 19:55:34,744 DEBUG [background-preinit][ValidationXmlParser.java:120] - Trying to load META-INF/validation.xml for XML based Validator configuration.
2025-05-14 19:55:34,744 DEBUG [background-preinit][ValidationXmlParser.java:120] - Trying to load META-INF/validation.xml for XML based Validator configuration.
2025-05-14 19:55:34,746 DEBUG [background-preinit][ResourceLoaderHelper.java:60] - Trying to load META-INF/validation.xml via TCCL
2025-05-14 19:55:34,746 DEBUG [background-preinit][ResourceLoaderHelper.java:60] - Trying to load META-INF/validation.xml via TCCL
2025-05-14 19:55:34,746 DEBUG [background-preinit][ResourceLoaderHelper.java:66] - Trying to load META-INF/validation.xml via Hibernate Validator's class loader
2025-05-14 19:55:34,746 DEBUG [background-preinit][ResourceLoaderHelper.java:66] - Trying to load META-INF/validation.xml via Hibernate Validator's class loader
2025-05-14 19:55:34,747 DEBUG [background-preinit][ValidationXmlParser.java:127] - No META-INF/validation.xml found. Using annotation based configuration only.
2025-05-14 19:55:34,747 DEBUG [background-preinit][ValidationXmlParser.java:127] - No META-INF/validation.xml found. Using annotation based configuration only.
2025-05-14 19:55:34,753 DEBUG [background-preinit][TraversableResolvers.java:60] - Cannot find javax.persistence.Persistence on classpath. Assuming non JPA 2 environment. All properties will per default be traversable.
2025-05-14 19:55:34,753 DEBUG [background-preinit][TraversableResolvers.java:60] - Cannot find javax.persistence.Persistence on classpath. Assuming non JPA 2 environment. All properties will per default be traversable.
2025-05-14 19:55:34,783 DEBUG [background-preinit][ResourceBundleMessageInterpolator.java:172] - Loaded expression factory via original TCCL
2025-05-14 19:55:34,783 DEBUG [background-preinit][ResourceBundleMessageInterpolator.java:172] - Loaded expression factory via original TCCL
2025-05-14 19:55:34,785 INFO [main][StartupInfoLogger.java:55] - Starting LearningOnlineContentApiApplication using Java 1.8.0_432 on yhc with PID 35304 (C:\Users\86157\Desktop\在线学习平台\LearningPlatform\LearningOnline-content\LearningOnline-content-api\target\classes started by 86157 in C:\Users\86157\Desktop\在线学习平台\LearningPlatform)
2025-05-14 19:55:34,785 INFO [main][StartupInfoLogger.java:55] - Starting LearningOnlineContentApiApplication using Java 1.8.0_432 on yhc with PID 35304 (C:\Users\86157\Desktop\在线学习平台\LearningPlatform\LearningOnline-content\LearningOnline-content-api\target\classes started by 86157 in C:\Users\86157\Desktop\在线学习平台\LearningPlatform)
2025-05-14 19:55:34,788 DEBUG [main][StartupInfoLogger.java:56] - Running with Spring Boot v2.7.6, Spring v5.3.24
2025-05-14 19:55:34,788 DEBUG [main][StartupInfoLogger.java:56] - Running with Spring Boot v2.7.6, Spring v5.3.24
2025-05-14 19:55:34,789 INFO [main][SpringApplication.java:637] - The following 1 profile is active: "dev"
2025-05-14 19:55:34,789 INFO [main][SpringApplication.java:637] - The following 1 profile is active: "dev"
2025-05-14 19:55:34,829 INFO [main][DeferredLog.java:255] - [Nacos Config] Load config[dataId=logging-dev.yaml, group=LearningPlatform-common] success
2025-05-14 19:55:34,829 INFO [main][DeferredLog.java:255] - [Nacos Config] Load config[dataId=logging-dev.yaml, group=LearningPlatform-common] success
2025-05-14 19:55:34,829 DEBUG [main][DeferredLog.java:252] - [Nacos Config] config[dataId=logging-dev.yaml, group=LearningPlatform-common] content: 
# 日志文件配置路径
logging:
  config: classpath:log4j2-dev.xml
  level:
    org.springframework.cloud.gateway: trace
2025-05-14 19:55:34,829 DEBUG [main][DeferredLog.java:252] - [Nacos Config] config[dataId=logging-dev.yaml, group=LearningPlatform-common] content: 
# 日志文件配置路径
logging:
  config: classpath:log4j2-dev.xml
  level:
    org.springframework.cloud.gateway: trace
2025-05-14 19:55:34,829 INFO [main][DeferredLog.java:255] - [Nacos Config] Load config[dataId=swagger-dev.yaml, group=LearningPlatform-common] success
2025-05-14 19:55:34,829 INFO [main][DeferredLog.java:255] - [Nacos Config] Load config[dataId=swagger-dev.yaml, group=LearningPlatform-common] success
2025-05-14 19:55:34,830 DEBUG [main][DeferredLog.java:252] - [Nacos Config] config[dataId=swagger-dev.yaml, group=LearningPlatform-common] content: 
# swagger 开启配置
spring:
  mvc:
    pathmatch:
      matching-strategy: ant_path_matcher
      
test_config:
 a: 1a
 b: 1b
 c: 1c
 d: 1d
2025-05-14 19:55:34,830 DEBUG [main][DeferredLog.java:252] - [Nacos Config] config[dataId=swagger-dev.yaml, group=LearningPlatform-common] content: 
# swagger 开启配置
spring:
  mvc:
    pathmatch:
      matching-strategy: ant_path_matcher
      
test_config:
 a: 1a
 b: 1b
 c: 1c
 d: 1d
2025-05-14 19:55:34,830 INFO [main][DeferredLog.java:255] - [Nacos Config] Load config[dataId=content-service-dev.yaml, group=LearningPlatform] success
2025-05-14 19:55:34,830 INFO [main][DeferredLog.java:255] - [Nacos Config] Load config[dataId=content-service-dev.yaml, group=LearningPlatform] success
2025-05-14 19:55:34,830 DEBUG [main][DeferredLog.java:252] - [Nacos Config] config[dataId=content-service-dev.yaml, group=LearningPlatform] content: 
spring:
  datasource:
    driver-class-name: com.mysql.cj.jdbc.Driver
    url: jdbc:mysql://192.168.130.1:3306/lo_content_db?serverTimezone=UTC&useUnicode=true&useSSL=false&allowPublicKeyRetrieval=true
    username: root
    password: 123456

xxl:
  job:
    admin: 
      addresses: http://192.168.101.65:8088/xxl-job-admin
    executor:
      appname: coursepublish-job
      address: 
      ip: 
      port: 8999
      logpath: /data/applogs/xxl-job/jobhandler
      logretentiondays: 30
    accessToken: default_token
test_config:
 a: 2a
 b: 2b
 c: 2c
2025-05-14 19:55:34,830 DEBUG [main][DeferredLog.java:252] - [Nacos Config] config[dataId=content-service-dev.yaml, group=LearningPlatform] content: 
spring:
  datasource:
    driver-class-name: com.mysql.cj.jdbc.Driver
    url: jdbc:mysql://192.168.130.1:3306/lo_content_db?serverTimezone=UTC&useUnicode=true&useSSL=false&allowPublicKeyRetrieval=true
    username: root
    password: 123456

xxl:
  job:
    admin: 
      addresses: http://192.168.101.65:8088/xxl-job-admin
    executor:
      appname: coursepublish-job
      address: 
      ip: 
      port: 8999
      logpath: /data/applogs/xxl-job/jobhandler
      logretentiondays: 30
    accessToken: default_token
test_config:
 a: 2a
 b: 2b
 c: 2c
2025-05-14 19:55:34,830 INFO [main][DeferredLog.java:255] - [Nacos Config] Load config[dataId=content-api-dev.yaml, group=LearningPlatform] success
2025-05-14 19:55:34,830 INFO [main][DeferredLog.java:255] - [Nacos Config] Load config[dataId=content-api-dev.yaml, group=LearningPlatform] success
2025-05-14 19:55:34,830 DEBUG [main][DeferredLog.java:252] - [Nacos Config] config[dataId=content-api-dev.yaml, group=LearningPlatform] content: 
server:
  servlet:
    context-path: /content
  port: 63040

test_config:
 a: 3a
 b: 3b

#配置本地优先
spring:
 cloud:
  config:
    override-none: true

2025-05-14 19:55:34,830 DEBUG [main][DeferredLog.java:252] - [Nacos Config] config[dataId=content-api-dev.yaml, group=LearningPlatform] content: 
server:
  servlet:
    context-path: /content
  port: 63040

test_config:
 a: 3a
 b: 3b

#配置本地优先
spring:
 cloud:
  config:
    override-none: true

2025-05-14 19:55:34,971 DEBUG [background-preinit][ValidatorFactoryConfigurationHelper.java:345] - HV000252: Using org.hibernate.validator.internal.engine.DefaultPropertyNodeNameProvider as property node name provider.
2025-05-14 19:55:34,971 DEBUG [background-preinit][ValidatorFactoryConfigurationHelper.java:345] - HV000252: Using org.hibernate.validator.internal.engine.DefaultPropertyNodeNameProvider as property node name provider.
2025-05-14 19:55:34,979 DEBUG [background-preinit][ValidatorFactoryConfigurationHelper.java:420] - HV000234: Using org.hibernate.validator.messageinterpolation.ResourceBundleMessageInterpolator as ValidatorFactory-scoped message interpolator.
2025-05-14 19:55:34,979 DEBUG [background-preinit][ValidatorFactoryConfigurationHelper.java:420] - HV000234: Using org.hibernate.validator.messageinterpolation.ResourceBundleMessageInterpolator as ValidatorFactory-scoped message interpolator.
2025-05-14 19:55:34,979 DEBUG [background-preinit][ValidatorFactoryConfigurationHelper.java:421] - HV000234: Using org.hibernate.validator.internal.engine.resolver.TraverseAllTraversableResolver as ValidatorFactory-scoped traversable resolver.
2025-05-14 19:55:34,979 DEBUG [background-preinit][ValidatorFactoryConfigurationHelper.java:421] - HV000234: Using org.hibernate.validator.internal.engine.resolver.TraverseAllTraversableResolver as ValidatorFactory-scoped traversable resolver.
2025-05-14 19:55:34,980 DEBUG [background-preinit][ValidatorFactoryConfigurationHelper.java:422] - HV000234: Using org.hibernate.validator.internal.util.ExecutableParameterNameProvider as ValidatorFactory-scoped parameter name provider.
2025-05-14 19:55:34,980 DEBUG [background-preinit][ValidatorFactoryConfigurationHelper.java:422] - HV000234: Using org.hibernate.validator.internal.util.ExecutableParameterNameProvider as ValidatorFactory-scoped parameter name provider.
2025-05-14 19:55:34,980 DEBUG [background-preinit][ValidatorFactoryConfigurationHelper.java:423] - HV000234: Using org.hibernate.validator.internal.engine.DefaultClockProvider as ValidatorFactory-scoped clock provider.
2025-05-14 19:55:34,980 DEBUG [background-preinit][ValidatorFactoryConfigurationHelper.java:423] - HV000234: Using org.hibernate.validator.internal.engine.DefaultClockProvider as ValidatorFactory-scoped clock provider.
2025-05-14 19:55:34,980 DEBUG [background-preinit][ValidatorFactoryConfigurationHelper.java:424] - HV000234: Using org.hibernate.validator.internal.engine.scripting.DefaultScriptEvaluatorFactory as ValidatorFactory-scoped script evaluator factory.
2025-05-14 19:55:34,980 DEBUG [background-preinit][ValidatorFactoryConfigurationHelper.java:424] - HV000234: Using org.hibernate.validator.internal.engine.scripting.DefaultScriptEvaluatorFactory as ValidatorFactory-scoped script evaluator factory.
2025-05-14 19:55:36,110 DEBUG [main][LogFactory.java:109] - Logging initialized using 'class org.apache.ibatis.logging.slf4j.Slf4jImpl' adapter.
2025-05-14 19:55:36,110 DEBUG [main][LogFactory.java:109] - Logging initialized using 'class org.apache.ibatis.logging.slf4j.Slf4jImpl' adapter.
2025-05-14 19:55:36,200 INFO [main][GenericScope.java:283] - BeanFactory id=0eb821c9-491b-3e18-bba1-d6fccd8187b5
2025-05-14 19:55:36,200 INFO [main][GenericScope.java:283] - BeanFactory id=0eb821c9-491b-3e18-bba1-d6fccd8187b5
2025-05-14 19:55:36,572 INFO [main][TomcatWebServer.java:108] - Tomcat initialized with port(s): 63040 (http)
2025-05-14 19:55:36,572 INFO [main][TomcatWebServer.java:108] - Tomcat initialized with port(s): 63040 (http)
2025-05-14 19:55:36,581 INFO [main][DirectJDKLog.java:173] - Initializing ProtocolHandler ["http-nio-63040"]
2025-05-14 19:55:36,581 INFO [main][DirectJDKLog.java:173] - Initializing ProtocolHandler ["http-nio-63040"]
2025-05-14 19:55:36,581 INFO [main][DirectJDKLog.java:173] - Starting service [Tomcat]
2025-05-14 19:55:36,581 INFO [main][DirectJDKLog.java:173] - Starting service [Tomcat]
2025-05-14 19:55:36,581 INFO [main][DirectJDKLog.java:173] - Starting Servlet engine: [Apache Tomcat/9.0.69]
2025-05-14 19:55:36,581 INFO [main][DirectJDKLog.java:173] - Starting Servlet engine: [Apache Tomcat/9.0.69]
2025-05-14 19:55:36,728 INFO [main][DirectJDKLog.java:173] - Initializing Spring embedded WebApplicationContext
2025-05-14 19:55:36,728 INFO [main][DirectJDKLog.java:173] - Initializing Spring embedded WebApplicationContext
2025-05-14 19:55:36,728 INFO [main][ServletWebServerApplicationContext.java:292] - Root WebApplicationContext: initialization completed in 1895 ms
2025-05-14 19:55:36,728 INFO [main][ServletWebServerApplicationContext.java:292] - Root WebApplicationContext: initialization completed in 1895 ms
2025-05-14 19:55:36,845 DEBUG [main][HikariConfig.java:971] - Driver class com.mysql.cj.jdbc.Driver found in Thread context class loader sun.misc.Launcher$AppClassLoader@18b4aac2
2025-05-14 19:55:36,845 DEBUG [main][HikariConfig.java:971] - Driver class com.mysql.cj.jdbc.Driver found in Thread context class loader sun.misc.Launcher$AppClassLoader@18b4aac2
2025-05-14 19:55:36,913 DEBUG [main][Logger.java:49] - Registered plugin: 'com.baomidou.mybatisplus.extension.plugins.MybatisPlusInterceptor@6e1ae763'
2025-05-14 19:55:36,913 DEBUG [main][Logger.java:49] - Registered plugin: 'com.baomidou.mybatisplus.extension.plugins.MybatisPlusInterceptor@6e1ae763'
2025-05-14 19:55:36,915 DEBUG [main][Logger.java:49] - Property 'mapperLocations' was not specified.
2025-05-14 19:55:36,915 DEBUG [main][Logger.java:49] - Property 'mapperLocations' was not specified.
2025-05-14 19:55:38,165 DEBUG [main][AbstractHandlerMethodMapping.java:295] - 
	c.l.c.a.c.CourseBaseInfoController:
	{DELETE [/course/{courseId}]}: deleteCourse(Long)
	{POST [/course/list]}: queryCourseList(PageParams,QueryCourseParamsDto)
	{POST [/course]}: addCourse(AddCourseDto)
	{PUT [/course]}: modifyCourseBase(EditCourseDto)
	{GET [/course/{courseId}]}: queryCourseById(Long)
2025-05-14 19:55:38,165 DEBUG [main][AbstractHandlerMethodMapping.java:295] - 
	c.l.c.a.c.CourseBaseInfoController:
	{DELETE [/course/{courseId}]}: deleteCourse(Long)
	{POST [/course/list]}: queryCourseList(PageParams,QueryCourseParamsDto)
	{POST [/course]}: addCourse(AddCourseDto)
	{PUT [/course]}: modifyCourseBase(EditCourseDto)
	{GET [/course/{courseId}]}: queryCourseById(Long)
2025-05-14 19:55:38,168 DEBUG [main][AbstractHandlerMethodMapping.java:295] - 
	c.l.c.a.c.CourseCategoryController:
	{GET [/course-category/tree-nodes]}: queryTreeNodes()
2025-05-14 19:55:38,168 DEBUG [main][AbstractHandlerMethodMapping.java:295] - 
	c.l.c.a.c.CourseCategoryController:
	{GET [/course-category/tree-nodes]}: queryTreeNodes()
2025-05-14 19:55:38,169 DEBUG [main][AbstractHandlerMethodMapping.java:295] - 
	c.l.c.a.c.CourseTeacherController:
	{DELETE [/courseTeacher/course/{courseId}/{teacherId}]}: deleteCourseTeacher(Long,Long)
	{GET [/courseTeacher/list/{courseId}]}: queryAllCourseTeacher(Long)
	{POST [/courseTeacher]}: saveCourseTeacher(CourseTeacher)
2025-05-14 19:55:38,169 DEBUG [main][AbstractHandlerMethodMapping.java:295] - 
	c.l.c.a.c.CourseTeacherController:
	{DELETE [/courseTeacher/course/{courseId}/{teacherId}]}: deleteCourseTeacher(Long,Long)
	{GET [/courseTeacher/list/{courseId}]}: queryAllCourseTeacher(Long)
	{POST [/courseTeacher]}: saveCourseTeacher(CourseTeacher)
2025-05-14 19:55:38,170 DEBUG [main][AbstractHandlerMethodMapping.java:295] - 
	c.l.c.a.c.TeachplanController:
	{POST [/teachplan/{moveType}/{teachplanId}]}: moveTeachplan(String,Long)
	{DELETE [/teachplan/{teachplanId}]}: deleteTeachplan(Long)
	{POST [/teachplan]}: saveTeachplan(SaveTeachplanDto)
	{GET [/teachplan/{courseId}/tree-nodes]}: getTreeNodes(Long)
2025-05-14 19:55:38,170 DEBUG [main][AbstractHandlerMethodMapping.java:295] - 
	c.l.c.a.c.TeachplanController:
	{POST [/teachplan/{moveType}/{teachplanId}]}: moveTeachplan(String,Long)
	{DELETE [/teachplan/{teachplanId}]}: deleteTeachplan(Long)
	{POST [/teachplan]}: saveTeachplan(SaveTeachplanDto)
	{GET [/teachplan/{courseId}/tree-nodes]}: getTreeNodes(Long)
2025-05-14 19:55:38,171 DEBUG [main][AbstractHandlerMethodMapping.java:295] - 
	s.d.o.w.OpenApiControllerWebMvc:
	{GET [/v3/api-docs], produces [application/json || application/hal+json]}: getDocumentation(String,HttpServletRequest)
2025-05-14 19:55:38,171 DEBUG [main][AbstractHandlerMethodMapping.java:295] - 
	s.d.o.w.OpenApiControllerWebMvc:
	{GET [/v3/api-docs], produces [application/json || application/hal+json]}: getDocumentation(String,HttpServletRequest)
2025-05-14 19:55:38,172 DEBUG [main][AbstractHandlerMethodMapping.java:295] - 
	s.d.s.w.ApiResourceController:
	{GET [/swagger-resources/configuration/security], produces [application/json]}: securityConfiguration()
	{GET [/swagger-resources], produces [application/json]}: swaggerResources()
	{GET [/swagger-resources/configuration/ui], produces [application/json]}: uiConfiguration()
2025-05-14 19:55:38,172 DEBUG [main][AbstractHandlerMethodMapping.java:295] - 
	s.d.s.w.ApiResourceController:
	{GET [/swagger-resources/configuration/security], produces [application/json]}: securityConfiguration()
	{GET [/swagger-resources], produces [application/json]}: swaggerResources()
	{GET [/swagger-resources/configuration/ui], produces [application/json]}: uiConfiguration()
2025-05-14 19:55:38,173 DEBUG [main][AbstractHandlerMethodMapping.java:295] - 
	s.d.s.w.Swagger2ControllerWebMvc:
	{GET [/v2/api-docs], produces [application/json || application/hal+json]}: getDocumentation(String,HttpServletRequest)
2025-05-14 19:55:38,173 DEBUG [main][AbstractHandlerMethodMapping.java:295] - 
	s.d.s.w.Swagger2ControllerWebMvc:
	{GET [/v2/api-docs], produces [application/json || application/hal+json]}: getDocumentation(String,HttpServletRequest)
2025-05-14 19:55:38,175 DEBUG [main][AbstractHandlerMethodMapping.java:295] - 
	o.s.b.a.w.s.e.BasicErrorController:
	{ [/error]}: error(HttpServletRequest)
	{ [/error], produces [text/html]}: errorHtml(HttpServletRequest,HttpServletResponse)
2025-05-14 19:55:38,175 DEBUG [main][AbstractHandlerMethodMapping.java:295] - 
	o.s.b.a.w.s.e.BasicErrorController:
	{ [/error]}: error(HttpServletRequest)
	{ [/error], produces [text/html]}: errorHtml(HttpServletRequest,HttpServletResponse)
2025-05-14 19:55:38,237 DEBUG [main][ResourceBundleMessageInterpolator.java:172] - Loaded expression factory via original TCCL
2025-05-14 19:55:38,237 DEBUG [main][ResourceBundleMessageInterpolator.java:172] - Loaded expression factory via original TCCL
2025-05-14 19:55:38,239 DEBUG [main][AbstractConfigurationImpl.java:174] - Setting custom MessageInterpolator of type org.springframework.validation.beanvalidation.LocaleContextMessageInterpolator
2025-05-14 19:55:38,239 DEBUG [main][AbstractConfigurationImpl.java:174] - Setting custom MessageInterpolator of type org.springframework.validation.beanvalidation.LocaleContextMessageInterpolator
2025-05-14 19:55:38,240 DEBUG [main][AbstractConfigurationImpl.java:206] - Setting custom ConstraintValidatorFactory of type org.springframework.validation.beanvalidation.SpringConstraintValidatorFactory
2025-05-14 19:55:38,240 DEBUG [main][AbstractConfigurationImpl.java:206] - Setting custom ConstraintValidatorFactory of type org.springframework.validation.beanvalidation.SpringConstraintValidatorFactory
2025-05-14 19:55:38,240 DEBUG [main][AbstractConfigurationImpl.java:220] - Setting custom ParameterNameProvider of type org.springframework.validation.beanvalidation.LocalValidatorFactoryBean$1
2025-05-14 19:55:38,240 DEBUG [main][AbstractConfigurationImpl.java:220] - Setting custom ParameterNameProvider of type org.springframework.validation.beanvalidation.LocalValidatorFactoryBean$1
2025-05-14 19:55:38,241 DEBUG [main][ValidationXmlParser.java:120] - Trying to load META-INF/validation.xml for XML based Validator configuration.
2025-05-14 19:55:38,241 DEBUG [main][ValidationXmlParser.java:120] - Trying to load META-INF/validation.xml for XML based Validator configuration.
2025-05-14 19:55:38,241 DEBUG [main][ResourceLoaderHelper.java:53] - Trying to load META-INF/validation.xml via user class loader
2025-05-14 19:55:38,241 DEBUG [main][ResourceLoaderHelper.java:53] - Trying to load META-INF/validation.xml via user class loader
2025-05-14 19:55:38,241 DEBUG [main][ResourceLoaderHelper.java:60] - Trying to load META-INF/validation.xml via TCCL
2025-05-14 19:55:38,241 DEBUG [main][ResourceLoaderHelper.java:60] - Trying to load META-INF/validation.xml via TCCL
2025-05-14 19:55:38,242 DEBUG [main][ResourceLoaderHelper.java:66] - Trying to load META-INF/validation.xml via Hibernate Validator's class loader
2025-05-14 19:55:38,242 DEBUG [main][ResourceLoaderHelper.java:66] - Trying to load META-INF/validation.xml via Hibernate Validator's class loader
2025-05-14 19:55:38,242 DEBUG [main][ValidationXmlParser.java:127] - No META-INF/validation.xml found. Using annotation based configuration only.
2025-05-14 19:55:38,242 DEBUG [main][ValidationXmlParser.java:127] - No META-INF/validation.xml found. Using annotation based configuration only.
2025-05-14 19:55:38,243 DEBUG [main][TraversableResolvers.java:60] - Cannot find javax.persistence.Persistence on classpath. Assuming non JPA 2 environment. All properties will per default be traversable.
2025-05-14 19:55:38,243 DEBUG [main][TraversableResolvers.java:60] - Cannot find javax.persistence.Persistence on classpath. Assuming non JPA 2 environment. All properties will per default be traversable.
2025-05-14 19:55:38,245 DEBUG [main][ValidatorFactoryConfigurationHelper.java:345] - HV000252: Using org.hibernate.validator.internal.engine.DefaultPropertyNodeNameProvider as property node name provider.
2025-05-14 19:55:38,245 DEBUG [main][ValidatorFactoryConfigurationHelper.java:345] - HV000252: Using org.hibernate.validator.internal.engine.DefaultPropertyNodeNameProvider as property node name provider.
2025-05-14 19:55:38,245 DEBUG [main][ValidatorFactoryConfigurationHelper.java:420] - HV000234: Using org.springframework.validation.beanvalidation.LocaleContextMessageInterpolator as ValidatorFactory-scoped message interpolator.
2025-05-14 19:55:38,245 DEBUG [main][ValidatorFactoryConfigurationHelper.java:420] - HV000234: Using org.springframework.validation.beanvalidation.LocaleContextMessageInterpolator as ValidatorFactory-scoped message interpolator.
2025-05-14 19:55:38,246 DEBUG [main][ValidatorFactoryConfigurationHelper.java:421] - HV000234: Using org.hibernate.validator.internal.engine.resolver.TraverseAllTraversableResolver as ValidatorFactory-scoped traversable resolver.
2025-05-14 19:55:38,246 DEBUG [main][ValidatorFactoryConfigurationHelper.java:421] - HV000234: Using org.hibernate.validator.internal.engine.resolver.TraverseAllTraversableResolver as ValidatorFactory-scoped traversable resolver.
2025-05-14 19:55:38,246 DEBUG [main][ValidatorFactoryConfigurationHelper.java:422] - HV000234: Using org.hibernate.validator.internal.util.ExecutableParameterNameProvider as ValidatorFactory-scoped parameter name provider.
2025-05-14 19:55:38,246 DEBUG [main][ValidatorFactoryConfigurationHelper.java:422] - HV000234: Using org.hibernate.validator.internal.util.ExecutableParameterNameProvider as ValidatorFactory-scoped parameter name provider.
2025-05-14 19:55:38,246 DEBUG [main][ValidatorFactoryConfigurationHelper.java:423] - HV000234: Using org.hibernate.validator.internal.engine.DefaultClockProvider as ValidatorFactory-scoped clock provider.
2025-05-14 19:55:38,246 DEBUG [main][ValidatorFactoryConfigurationHelper.java:423] - HV000234: Using org.hibernate.validator.internal.engine.DefaultClockProvider as ValidatorFactory-scoped clock provider.
2025-05-14 19:55:38,246 DEBUG [main][ValidatorFactoryConfigurationHelper.java:424] - HV000234: Using org.hibernate.validator.internal.engine.scripting.DefaultScriptEvaluatorFactory as ValidatorFactory-scoped script evaluator factory.
2025-05-14 19:55:38,246 DEBUG [main][ValidatorFactoryConfigurationHelper.java:424] - HV000234: Using org.hibernate.validator.internal.engine.scripting.DefaultScriptEvaluatorFactory as ValidatorFactory-scoped script evaluator factory.
2025-05-14 19:55:38,399 DEBUG [main][SimpleUrlHandlerMapping.java:177] - 'viewControllerHandlerMapping' {/swagger-ui/=ParameterizableViewController [view="forward:/swagger-ui/index.html"]}
2025-05-14 19:55:38,399 DEBUG [main][SimpleUrlHandlerMapping.java:177] - 'viewControllerHandlerMapping' {/swagger-ui/=ParameterizableViewController [view="forward:/swagger-ui/index.html"]}
2025-05-14 19:55:38,402 DEBUG [main][AbstractDetectingUrlHandlerMapping.java:86] - 'beanNameHandlerMapping' {}
2025-05-14 19:55:38,402 DEBUG [main][AbstractDetectingUrlHandlerMapping.java:86] - 'beanNameHandlerMapping' {}
2025-05-14 19:55:38,419 DEBUG [main][SimpleUrlHandlerMapping.java:177] - 'resourceHandlerMapping' {/webjars/**=ResourceHttpRequestHandler [classpath [META-INF/resources/webjars/]], /**=ResourceHttpRequestHandler [classpath [META-INF/resources/], classpath [resources/], classpath [static/], classpath [public/], ServletContext [/]], /swagger-ui/**=ResourceHttpRequestHandler [classpath [META-INF/resources/webjars/springfox-swagger-ui/]]}
2025-05-14 19:55:38,419 DEBUG [main][SimpleUrlHandlerMapping.java:177] - 'resourceHandlerMapping' {/webjars/**=ResourceHttpRequestHandler [classpath [META-INF/resources/webjars/]], /**=ResourceHttpRequestHandler [classpath [META-INF/resources/], classpath [resources/], classpath [static/], classpath [public/], ServletContext [/]], /swagger-ui/**=ResourceHttpRequestHandler [classpath [META-INF/resources/webjars/springfox-swagger-ui/]]}
2025-05-14 19:55:40,023 INFO [main][DirectJDKLog.java:173] - Starting ProtocolHandler ["http-nio-63040"]
2025-05-14 19:55:40,023 INFO [main][DirectJDKLog.java:173] - Starting ProtocolHandler ["http-nio-63040"]
2025-05-14 19:55:40,035 INFO [main][TomcatWebServer.java:220] - Tomcat started on port(s): 63040 (http) with context path '/content'
2025-05-14 19:55:40,035 INFO [main][TomcatWebServer.java:220] - Tomcat started on port(s): 63040 (http) with context path '/content'
2025-05-14 19:55:40,054 INFO [main][ClientAuthPluginManager.java:56] - [ClientAuthPluginManager] Load ClientAuthService com.alibaba.nacos.client.auth.impl.NacosClientAuthServiceImpl success.
2025-05-14 19:55:40,054 INFO [main][ClientAuthPluginManager.java:56] - [ClientAuthPluginManager] Load ClientAuthService com.alibaba.nacos.client.auth.impl.NacosClientAuthServiceImpl success.
2025-05-14 19:55:40,054 INFO [main][ClientAuthPluginManager.java:56] - [ClientAuthPluginManager] Load ClientAuthService com.alibaba.nacos.client.auth.ram.RamClientAuthServiceImpl success.
2025-05-14 19:55:40,054 INFO [main][ClientAuthPluginManager.java:56] - [ClientAuthPluginManager] Load ClientAuthService com.alibaba.nacos.client.auth.ram.RamClientAuthServiceImpl success.
2025-05-14 19:55:49,417 ERROR [main][NacosServiceRegistry.java:81] - nacos registry, content-api register failed...NacosRegistration{nacosDiscoveryProperties=NacosDiscoveryProperties{serverAddr='192.168.130.128:8848', username='', password='', endpoint='', namespace='dev', watchDelay=30000, logName='', service='content-api', weight=1.0, clusterName='DEFAULT', group='LearningPlatform', namingLoadCacheAtStart='false', metadata={IPv6=[2400:6000:a:afe3:32b3:1a5a:5b02:7b84], preserved.register.source=SPRING_CLOUD}, registerEnabled=true, ip='192.168.130.1', networkInterface='', port=63040, secure=false, accessKey='', secretKey='', heartBeatInterval=null, heartBeatTimeout=null, ipDeleteTimeout=null, instanceEnabled=true, ephemeral=true, failureToleranceEnabled=false}, ipDeleteTimeout=null, failFast=true}},
ErrCode:-401, ErrMsg:Client not connected, current status:STARTING
	at com.alibaba.nacos.common.remote.client.RpcClient.request(RpcClient.java:639)
	at com.alibaba.nacos.common.remote.client.RpcClient.request(RpcClient.java:619)
	at com.alibaba.nacos.client.naming.remote.gprc.NamingGrpcClientProxy.requestToServer(NamingGrpcClientProxy.java:356)
	at com.alibaba.nacos.client.naming.remote.gprc.NamingGrpcClientProxy.doRegisterService(NamingGrpcClientProxy.java:209)
	at com.alibaba.nacos.client.naming.remote.gprc.NamingGrpcClientProxy.registerService(NamingGrpcClientProxy.java:123)
	at com.alibaba.nacos.client.naming.remote.NamingClientProxyDelegate.registerService(NamingClientProxyDelegate.java:98)
	at com.alibaba.nacos.client.naming.NacosNamingService.registerInstance(NacosNamingService.java:152)
	at com.alibaba.cloud.nacos.registry.NacosServiceRegistry.register(NacosServiceRegistry.java:75)
	at org.springframework.cloud.client.serviceregistry.AbstractAutoServiceRegistration.register(AbstractAutoServiceRegistration.java:232)
	at com.alibaba.cloud.nacos.registry.NacosAutoServiceRegistration.register(NacosAutoServiceRegistration.java:78)
	at org.springframework.cloud.client.serviceregistry.AbstractAutoServiceRegistration.start(AbstractAutoServiceRegistration.java:133)
	at org.springframework.cloud.client.serviceregistry.AbstractAutoServiceRegistration.bind(AbstractAutoServiceRegistration.java:98)
	at org.springframework.cloud.client.serviceregistry.AbstractAutoServiceRegistration.onApplicationEvent(AbstractAutoServiceRegistration.java:86)
	at org.springframework.cloud.client.serviceregistry.AbstractAutoServiceRegistration.onApplicationEvent(AbstractAutoServiceRegistration.java:47)
	at org.springframework.context.event.SimpleApplicationEventMulticaster.doInvokeListener(SimpleApplicationEventMulticaster.java:176)
	at org.springframework.context.event.SimpleApplicationEventMulticaster.invokeListener(SimpleApplicationEventMulticaster.java:169)
	at org.springframework.context.event.SimpleApplicationEventMulticaster.multicastEvent(SimpleApplicationEventMulticaster.java:143)
	at org.springframework.context.support.AbstractApplicationContext.publishEvent(AbstractApplicationContext.java:421)
	at org.springframework.context.support.AbstractApplicationContext.publishEvent(AbstractApplicationContext.java:378)
	at org.springframework.boot.web.servlet.context.WebServerStartStopLifecycle.start(WebServerStartStopLifecycle.java:46)
	at org.springframework.context.support.DefaultLifecycleProcessor.doStart(DefaultLifecycleProcessor.java:178)
	at org.springframework.context.support.DefaultLifecycleProcessor.access$200(DefaultLifecycleProcessor.java:54)
	at org.springframework.context.support.DefaultLifecycleProcessor$LifecycleGroup.start(DefaultLifecycleProcessor.java:356)
	at java.lang.Iterable.forEach(Iterable.java:75)
	at org.springframework.context.support.DefaultLifecycleProcessor.startBeans(DefaultLifecycleProcessor.java:155)
	at org.springframework.context.support.DefaultLifecycleProcessor.onRefresh(DefaultLifecycleProcessor.java:123)
	at org.springframework.context.support.AbstractApplicationContext.finishRefresh(AbstractApplicationContext.java:935)
	at org.springframework.context.support.AbstractApplicationContext.refresh(AbstractApplicationContext.java:586)
	at org.springframework.boot.web.servlet.context.ServletWebServerApplicationContext.refresh(ServletWebServerApplicationContext.java:147)
	at org.springframework.boot.SpringApplication.refresh(SpringApplication.java:731)
	at org.springframework.boot.SpringApplication.refreshContext(SpringApplication.java:408)
	at org.springframework.boot.SpringApplication.run(SpringApplication.java:307)
	at org.springframework.boot.SpringApplication.run(SpringApplication.java:1303)
	at org.springframework.boot.SpringApplication.run(SpringApplication.java:1292)
	at com.learningonline.content.api.LearningOnlineContentApiApplication.main(LearningOnlineContentApiApplication.java:14)
2025-05-14 19:55:49,424 WARN [main][AbstractApplicationContext.java:591] - Exception encountered during context initialization - cancelling refresh attempt: org.springframework.context.ApplicationContextException: Failed to start bean 'webServerStartStop'; nested exception is java.lang.reflect.UndeclaredThrowableException
2025-05-14 19:55:49,417 ERROR [main][NacosServiceRegistry.java:81] - nacos registry, content-api register failed...NacosRegistration{nacosDiscoveryProperties=NacosDiscoveryProperties{serverAddr='192.168.130.128:8848', username='', password='', endpoint='', namespace='dev', watchDelay=30000, logName='', service='content-api', weight=1.0, clusterName='DEFAULT', group='LearningPlatform', namingLoadCacheAtStart='false', metadata={IPv6=[2400:6000:a:afe3:32b3:1a5a:5b02:7b84], preserved.register.source=SPRING_CLOUD}, registerEnabled=true, ip='192.168.130.1', networkInterface='', port=63040, secure=false, accessKey='', secretKey='', heartBeatInterval=null, heartBeatTimeout=null, ipDeleteTimeout=null, instanceEnabled=true, ephemeral=true, failureToleranceEnabled=false}, ipDeleteTimeout=null, failFast=true}},
ErrCode:-401, ErrMsg:Client not connected, current status:STARTING
	at com.alibaba.nacos.common.remote.client.RpcClient.request(RpcClient.java:639)
	at com.alibaba.nacos.common.remote.client.RpcClient.request(RpcClient.java:619)
	at com.alibaba.nacos.client.naming.remote.gprc.NamingGrpcClientProxy.requestToServer(NamingGrpcClientProxy.java:356)
	at com.alibaba.nacos.client.naming.remote.gprc.NamingGrpcClientProxy.doRegisterService(NamingGrpcClientProxy.java:209)
	at com.alibaba.nacos.client.naming.remote.gprc.NamingGrpcClientProxy.registerService(NamingGrpcClientProxy.java:123)
	at com.alibaba.nacos.client.naming.remote.NamingClientProxyDelegate.registerService(NamingClientProxyDelegate.java:98)
	at com.alibaba.nacos.client.naming.NacosNamingService.registerInstance(NacosNamingService.java:152)
	at com.alibaba.cloud.nacos.registry.NacosServiceRegistry.register(NacosServiceRegistry.java:75)
	at org.springframework.cloud.client.serviceregistry.AbstractAutoServiceRegistration.register(AbstractAutoServiceRegistration.java:232)
	at com.alibaba.cloud.nacos.registry.NacosAutoServiceRegistration.register(NacosAutoServiceRegistration.java:78)
	at org.springframework.cloud.client.serviceregistry.AbstractAutoServiceRegistration.start(AbstractAutoServiceRegistration.java:133)
	at org.springframework.cloud.client.serviceregistry.AbstractAutoServiceRegistration.bind(AbstractAutoServiceRegistration.java:98)
	at org.springframework.cloud.client.serviceregistry.AbstractAutoServiceRegistration.onApplicationEvent(AbstractAutoServiceRegistration.java:86)
	at org.springframework.cloud.client.serviceregistry.AbstractAutoServiceRegistration.onApplicationEvent(AbstractAutoServiceRegistration.java:47)
	at org.springframework.context.event.SimpleApplicationEventMulticaster.doInvokeListener(SimpleApplicationEventMulticaster.java:176)
	at org.springframework.context.event.SimpleApplicationEventMulticaster.invokeListener(SimpleApplicationEventMulticaster.java:169)
	at org.springframework.context.event.SimpleApplicationEventMulticaster.multicastEvent(SimpleApplicationEventMulticaster.java:143)
	at org.springframework.context.support.AbstractApplicationContext.publishEvent(AbstractApplicationContext.java:421)
	at org.springframework.context.support.AbstractApplicationContext.publishEvent(AbstractApplicationContext.java:378)
	at org.springframework.boot.web.servlet.context.WebServerStartStopLifecycle.start(WebServerStartStopLifecycle.java:46)
	at org.springframework.context.support.DefaultLifecycleProcessor.doStart(DefaultLifecycleProcessor.java:178)
	at org.springframework.context.support.DefaultLifecycleProcessor.access$200(DefaultLifecycleProcessor.java:54)
	at org.springframework.context.support.DefaultLifecycleProcessor$LifecycleGroup.start(DefaultLifecycleProcessor.java:356)
	at java.lang.Iterable.forEach(Iterable.java:75)
	at org.springframework.context.support.DefaultLifecycleProcessor.startBeans(DefaultLifecycleProcessor.java:155)
	at org.springframework.context.support.DefaultLifecycleProcessor.onRefresh(DefaultLifecycleProcessor.java:123)
	at org.springframework.context.support.AbstractApplicationContext.finishRefresh(AbstractApplicationContext.java:935)
	at org.springframework.context.support.AbstractApplicationContext.refresh(AbstractApplicationContext.java:586)
	at org.springframework.boot.web.servlet.context.ServletWebServerApplicationContext.refresh(ServletWebServerApplicationContext.java:147)
	at org.springframework.boot.SpringApplication.refresh(SpringApplication.java:731)
	at org.springframework.boot.SpringApplication.refreshContext(SpringApplication.java:408)
	at org.springframework.boot.SpringApplication.run(SpringApplication.java:307)
	at org.springframework.boot.SpringApplication.run(SpringApplication.java:1303)
	at org.springframework.boot.SpringApplication.run(SpringApplication.java:1292)
	at com.learningonline.content.api.LearningOnlineContentApiApplication.main(LearningOnlineContentApiApplication.java:14)
2025-05-14 19:55:49,424 WARN [main][AbstractApplicationContext.java:591] - Exception encountered during context initialization - cancelling refresh attempt: org.springframework.context.ApplicationContextException: Failed to start bean 'webServerStartStop'; nested exception is java.lang.reflect.UndeclaredThrowableException
2025-05-14 19:55:50,062 INFO [main][DirectJDKLog.java:173] - Pausing ProtocolHandler ["http-nio-63040"]
2025-05-14 19:55:50,062 INFO [main][DirectJDKLog.java:173] - Pausing ProtocolHandler ["http-nio-63040"]
2025-05-14 19:55:50,062 INFO [main][DirectJDKLog.java:173] - Stopping service [Tomcat]
2025-05-14 19:55:50,062 INFO [main][DirectJDKLog.java:173] - Stopping service [Tomcat]
2025-05-14 19:55:50,067 INFO [main][DirectJDKLog.java:173] - Stopping ProtocolHandler ["http-nio-63040"]
2025-05-14 19:55:50,067 INFO [main][DirectJDKLog.java:173] - Stopping ProtocolHandler ["http-nio-63040"]
2025-05-14 19:55:50,069 INFO [main][DirectJDKLog.java:173] - Destroying ProtocolHandler ["http-nio-63040"]
2025-05-14 19:55:50,069 INFO [main][DirectJDKLog.java:173] - Destroying ProtocolHandler ["http-nio-63040"]
2025-05-14 19:55:50,075 INFO [main][ConditionEvaluationReportLoggingListener.java:136] - 

Error starting ApplicationContext. To display the conditions report re-run your application with 'debug' enabled.
2025-05-14 19:55:50,075 INFO [main][ConditionEvaluationReportLoggingListener.java:136] - 

Error starting ApplicationContext. To display the conditions report re-run your application with 'debug' enabled.
2025-05-14 19:55:50,109 ERROR [main][SpringApplication.java:821] - Application run failed
org.springframework.context.ApplicationContextException: Failed to start bean 'webServerStartStop'; nested exception is java.lang.reflect.UndeclaredThrowableException
	at org.springframework.context.support.DefaultLifecycleProcessor.doStart(DefaultLifecycleProcessor.java:181)
	at org.springframework.context.support.DefaultLifecycleProcessor.access$200(DefaultLifecycleProcessor.java:54)
	at org.springframework.context.support.DefaultLifecycleProcessor$LifecycleGroup.start(DefaultLifecycleProcessor.java:356)
	at java.lang.Iterable.forEach(Iterable.java:75)
	at org.springframework.context.support.DefaultLifecycleProcessor.startBeans(DefaultLifecycleProcessor.java:155)
	at org.springframework.context.support.DefaultLifecycleProcessor.onRefresh(DefaultLifecycleProcessor.java:123)
	at org.springframework.context.support.AbstractApplicationContext.finishRefresh(AbstractApplicationContext.java:935)
	at org.springframework.context.support.AbstractApplicationContext.refresh(AbstractApplicationContext.java:586)
	at org.springframework.boot.web.servlet.context.ServletWebServerApplicationContext.refresh(ServletWebServerApplicationContext.java:147)
	at org.springframework.boot.SpringApplication.refresh(SpringApplication.java:731)
	at org.springframework.boot.SpringApplication.refreshContext(SpringApplication.java:408)
	at org.springframework.boot.SpringApplication.run(SpringApplication.java:307)
	at org.springframework.boot.SpringApplication.run(SpringApplication.java:1303)
	at org.springframework.boot.SpringApplication.run(SpringApplication.java:1292)
	at com.learningonline.content.api.LearningOnlineContentApiApplication.main(LearningOnlineContentApiApplication.java:14)
Caused by: java.lang.reflect.UndeclaredThrowableException
	at org.springframework.util.ReflectionUtils.rethrowRuntimeException(ReflectionUtils.java:147)
	at com.alibaba.cloud.nacos.registry.NacosServiceRegistry.register(NacosServiceRegistry.java:83)
	at org.springframework.cloud.client.serviceregistry.AbstractAutoServiceRegistration.register(AbstractAutoServiceRegistration.java:232)
	at com.alibaba.cloud.nacos.registry.NacosAutoServiceRegistration.register(NacosAutoServiceRegistration.java:78)
	at org.springframework.cloud.client.serviceregistry.AbstractAutoServiceRegistration.start(AbstractAutoServiceRegistration.java:133)
	at org.springframework.cloud.client.serviceregistry.AbstractAutoServiceRegistration.bind(AbstractAutoServiceRegistration.java:98)
	at org.springframework.cloud.client.serviceregistry.AbstractAutoServiceRegistration.onApplicationEvent(AbstractAutoServiceRegistration.java:86)
	at org.springframework.cloud.client.serviceregistry.AbstractAutoServiceRegistration.onApplicationEvent(AbstractAutoServiceRegistration.java:47)
	at org.springframework.context.event.SimpleApplicationEventMulticaster.doInvokeListener(SimpleApplicationEventMulticaster.java:176)
	at org.springframework.context.event.SimpleApplicationEventMulticaster.invokeListener(SimpleApplicationEventMulticaster.java:169)
	at org.springframework.context.event.SimpleApplicationEventMulticaster.multicastEvent(SimpleApplicationEventMulticaster.java:143)
	at org.springframework.context.support.AbstractApplicationContext.publishEvent(AbstractApplicationContext.java:421)
	at org.springframework.context.support.AbstractApplicationContext.publishEvent(AbstractApplicationContext.java:378)
	at org.springframework.boot.web.servlet.context.WebServerStartStopLifecycle.start(WebServerStartStopLifecycle.java:46)
	at org.springframework.context.support.DefaultLifecycleProcessor.doStart(DefaultLifecycleProcessor.java:178)
	... 14 more
Caused by: ErrCode:-401, ErrMsg:Client not connected, current status:STARTING
	at com.alibaba.nacos.common.remote.client.RpcClient.request(RpcClient.java:639)
	at com.alibaba.nacos.common.remote.client.RpcClient.request(RpcClient.java:619)
	at com.alibaba.nacos.client.naming.remote.gprc.NamingGrpcClientProxy.requestToServer(NamingGrpcClientProxy.java:356)
	at com.alibaba.nacos.client.naming.remote.gprc.NamingGrpcClientProxy.doRegisterService(NamingGrpcClientProxy.java:209)
	at com.alibaba.nacos.client.naming.remote.gprc.NamingGrpcClientProxy.registerService(NamingGrpcClientProxy.java:123)
	at com.alibaba.nacos.client.naming.remote.NamingClientProxyDelegate.registerService(NamingClientProxyDelegate.java:98)
	at com.alibaba.nacos.client.naming.NacosNamingService.registerInstance(NacosNamingService.java:152)
	at com.alibaba.cloud.nacos.registry.NacosServiceRegistry.register(NacosServiceRegistry.java:75)
	... 27 more
2025-05-14 19:55:50,109 ERROR [main][SpringApplication.java:821] - Application run failed
org.springframework.context.ApplicationContextException: Failed to start bean 'webServerStartStop'; nested exception is java.lang.reflect.UndeclaredThrowableException
	at org.springframework.context.support.DefaultLifecycleProcessor.doStart(DefaultLifecycleProcessor.java:181)
	at org.springframework.context.support.DefaultLifecycleProcessor.access$200(DefaultLifecycleProcessor.java:54)
	at org.springframework.context.support.DefaultLifecycleProcessor$LifecycleGroup.start(DefaultLifecycleProcessor.java:356)
	at java.lang.Iterable.forEach(Iterable.java:75)
	at org.springframework.context.support.DefaultLifecycleProcessor.startBeans(DefaultLifecycleProcessor.java:155)
	at org.springframework.context.support.DefaultLifecycleProcessor.onRefresh(DefaultLifecycleProcessor.java:123)
	at org.springframework.context.support.AbstractApplicationContext.finishRefresh(AbstractApplicationContext.java:935)
	at org.springframework.context.support.AbstractApplicationContext.refresh(AbstractApplicationContext.java:586)
	at org.springframework.boot.web.servlet.context.ServletWebServerApplicationContext.refresh(ServletWebServerApplicationContext.java:147)
	at org.springframework.boot.SpringApplication.refresh(SpringApplication.java:731)
	at org.springframework.boot.SpringApplication.refreshContext(SpringApplication.java:408)
	at org.springframework.boot.SpringApplication.run(SpringApplication.java:307)
	at org.springframework.boot.SpringApplication.run(SpringApplication.java:1303)
	at org.springframework.boot.SpringApplication.run(SpringApplication.java:1292)
	at com.learningonline.content.api.LearningOnlineContentApiApplication.main(LearningOnlineContentApiApplication.java:14)
Caused by: java.lang.reflect.UndeclaredThrowableException
	at org.springframework.util.ReflectionUtils.rethrowRuntimeException(ReflectionUtils.java:147)
	at com.alibaba.cloud.nacos.registry.NacosServiceRegistry.register(NacosServiceRegistry.java:83)
	at org.springframework.cloud.client.serviceregistry.AbstractAutoServiceRegistration.register(AbstractAutoServiceRegistration.java:232)
	at com.alibaba.cloud.nacos.registry.NacosAutoServiceRegistration.register(NacosAutoServiceRegistration.java:78)
	at org.springframework.cloud.client.serviceregistry.AbstractAutoServiceRegistration.start(AbstractAutoServiceRegistration.java:133)
	at org.springframework.cloud.client.serviceregistry.AbstractAutoServiceRegistration.bind(AbstractAutoServiceRegistration.java:98)
	at org.springframework.cloud.client.serviceregistry.AbstractAutoServiceRegistration.onApplicationEvent(AbstractAutoServiceRegistration.java:86)
	at org.springframework.cloud.client.serviceregistry.AbstractAutoServiceRegistration.onApplicationEvent(AbstractAutoServiceRegistration.java:47)
	at org.springframework.context.event.SimpleApplicationEventMulticaster.doInvokeListener(SimpleApplicationEventMulticaster.java:176)
	at org.springframework.context.event.SimpleApplicationEventMulticaster.invokeListener(SimpleApplicationEventMulticaster.java:169)
	at org.springframework.context.event.SimpleApplicationEventMulticaster.multicastEvent(SimpleApplicationEventMulticaster.java:143)
	at org.springframework.context.support.AbstractApplicationContext.publishEvent(AbstractApplicationContext.java:421)
	at org.springframework.context.support.AbstractApplicationContext.publishEvent(AbstractApplicationContext.java:378)
	at org.springframework.boot.web.servlet.context.WebServerStartStopLifecycle.start(WebServerStartStopLifecycle.java:46)
	at org.springframework.context.support.DefaultLifecycleProcessor.doStart(DefaultLifecycleProcessor.java:178)
	... 14 more
Caused by: ErrCode:-401, ErrMsg:Client not connected, current status:STARTING
	at com.alibaba.nacos.common.remote.client.RpcClient.request(RpcClient.java:639)
	at com.alibaba.nacos.common.remote.client.RpcClient.request(RpcClient.java:619)
	at com.alibaba.nacos.client.naming.remote.gprc.NamingGrpcClientProxy.requestToServer(NamingGrpcClientProxy.java:356)
	at com.alibaba.nacos.client.naming.remote.gprc.NamingGrpcClientProxy.doRegisterService(NamingGrpcClientProxy.java:209)
	at com.alibaba.nacos.client.naming.remote.gprc.NamingGrpcClientProxy.registerService(NamingGrpcClientProxy.java:123)
	at com.alibaba.nacos.client.naming.remote.NamingClientProxyDelegate.registerService(NamingClientProxyDelegate.java:98)
	at com.alibaba.nacos.client.naming.NacosNamingService.registerInstance(NacosNamingService.java:152)
	at com.alibaba.cloud.nacos.registry.NacosServiceRegistry.register(NacosServiceRegistry.java:75)
	... 27 more
2025-05-14 19:55:50,111 WARN [Thread-4][HttpClientBeanHolder.java:102] - [HttpClientBeanHolder] Start destroying common HttpClient
2025-05-14 19:55:50,111 WARN [Thread-9][NotifyCenter.java:136] - [NotifyCenter] Start destroying Publisher
2025-05-14 19:55:50,111 WARN [Thread-4][HttpClientBeanHolder.java:102] - [HttpClientBeanHolder] Start destroying common HttpClient
2025-05-14 19:55:50,111 WARN [Thread-9][NotifyCenter.java:136] - [NotifyCenter] Start destroying Publisher
2025-05-14 19:55:50,111 WARN [Thread-9][NotifyCenter.java:153] - [NotifyCenter] Destruction of the end
2025-05-14 19:55:50,111 WARN [Thread-9][NotifyCenter.java:153] - [NotifyCenter] Destruction of the end
2025-05-14 19:55:50,112 WARN [Thread-4][HttpClientBeanHolder.java:111] - [HttpClientBeanHolder] Destruction of the end
2025-05-14 19:55:50,112 WARN [Thread-4][HttpClientBeanHolder.java:111] - [HttpClientBeanHolder] Destruction of the end
