2025-05-26 15:54:10,334 DEBUG [background-preinit][LoggerProviders.java:152] - Logging Provider: org.jboss.logging.Log4j2LoggerProvider
2025-05-26 15:54:10,334 DEBUG [background-preinit][LoggerProviders.java:152] - Logging Provider: org.jboss.logging.Log4j2LoggerProvider
2025-05-26 15:54:10,348 INFO [background-preinit][Version.java:21] - HV000001: Hibernate Validator 6.2.5.Final
2025-05-26 15:54:10,348 INFO [background-preinit][Version.java:21] - HV000001: Hibernate Validator 6.2.5.Final
2025-05-26 15:54:10,359 DEBUG [background-preinit][ValidationXmlParser.java:120] - Trying to load META-INF/validation.xml for XML based Validator configuration.
2025-05-26 15:54:10,359 DEBUG [background-preinit][ValidationXmlParser.java:120] - Trying to load META-INF/validation.xml for XML based Validator configuration.
2025-05-26 15:54:10,362 DEBUG [background-preinit][ResourceLoaderHelper.java:60] - Trying to load META-INF/validation.xml via TCCL
2025-05-26 15:54:10,362 DEBUG [background-preinit][ResourceLoaderHelper.java:60] - Trying to load META-INF/validation.xml via TCCL
2025-05-26 15:54:10,363 DEBUG [background-preinit][ResourceLoaderHelper.java:66] - Trying to load META-INF/validation.xml via Hibernate Validator's class loader
2025-05-26 15:54:10,363 DEBUG [background-preinit][ResourceLoaderHelper.java:66] - Trying to load META-INF/validation.xml via Hibernate Validator's class loader
2025-05-26 15:54:10,368 DEBUG [background-preinit][ValidationXmlParser.java:127] - No META-INF/validation.xml found. Using annotation based configuration only.
2025-05-26 15:54:10,368 DEBUG [background-preinit][ValidationXmlParser.java:127] - No META-INF/validation.xml found. Using annotation based configuration only.
2025-05-26 15:54:10,374 DEBUG [background-preinit][TraversableResolvers.java:60] - Cannot find javax.persistence.Persistence on classpath. Assuming non JPA 2 environment. All properties will per default be traversable.
2025-05-26 15:54:10,374 DEBUG [background-preinit][TraversableResolvers.java:60] - Cannot find javax.persistence.Persistence on classpath. Assuming non JPA 2 environment. All properties will per default be traversable.
2025-05-26 15:54:10,404 DEBUG [background-preinit][ResourceBundleMessageInterpolator.java:172] - Loaded expression factory via original TCCL
2025-05-26 15:54:10,404 DEBUG [background-preinit][ResourceBundleMessageInterpolator.java:172] - Loaded expression factory via original TCCL
2025-05-26 15:54:10,407 INFO [main][StartupInfoLogger.java:55] - Starting LearningOnlineMediaApiApplication using Java 1.8.0_432 on yhc with PID 22188 (C:\Users\86157\Desktop\在线学习平台\LearningPlatform\LearningOnline-media\LearningOnline-media-api\target\classes started by 86157 in C:\Users\86157\Desktop\在线学习平台\LearningPlatform)
2025-05-26 15:54:10,407 INFO [main][StartupInfoLogger.java:55] - Starting LearningOnlineMediaApiApplication using Java 1.8.0_432 on yhc with PID 22188 (C:\Users\86157\Desktop\在线学习平台\LearningPlatform\LearningOnline-media\LearningOnline-media-api\target\classes started by 86157 in C:\Users\86157\Desktop\在线学习平台\LearningPlatform)
2025-05-26 15:54:10,411 DEBUG [main][StartupInfoLogger.java:56] - Running with Spring Boot v2.7.6, Spring v5.3.24
2025-05-26 15:54:10,411 DEBUG [main][StartupInfoLogger.java:56] - Running with Spring Boot v2.7.6, Spring v5.3.24
2025-05-26 15:54:10,411 INFO [main][SpringApplication.java:637] - The following 1 profile is active: "dev"
2025-05-26 15:54:10,411 INFO [main][SpringApplication.java:637] - The following 1 profile is active: "dev"
2025-05-26 15:54:10,454 INFO [main][DeferredLog.java:255] - [Nacos Config] Load config[dataId=logging-dev.yaml, group=LearningPlatform-common] success
2025-05-26 15:54:10,454 INFO [main][DeferredLog.java:255] - [Nacos Config] Load config[dataId=logging-dev.yaml, group=LearningPlatform-common] success
2025-05-26 15:54:10,454 DEBUG [main][DeferredLog.java:252] - [Nacos Config] config[dataId=logging-dev.yaml, group=LearningPlatform-common] content: 
# 日志文件配置路径
logging:
  config: classpath:log4j2-dev.xml
  level:
    org.springframework.cloud.gateway: trace
2025-05-26 15:54:10,454 DEBUG [main][DeferredLog.java:252] - [Nacos Config] config[dataId=logging-dev.yaml, group=LearningPlatform-common] content: 
# 日志文件配置路径
logging:
  config: classpath:log4j2-dev.xml
  level:
    org.springframework.cloud.gateway: trace
2025-05-26 15:54:10,454 INFO [main][DeferredLog.java:255] - [Nacos Config] Load config[dataId=swagger-dev.yaml, group=LearningPlatform-common] success
2025-05-26 15:54:10,454 INFO [main][DeferredLog.java:255] - [Nacos Config] Load config[dataId=swagger-dev.yaml, group=LearningPlatform-common] success
2025-05-26 15:54:10,454 DEBUG [main][DeferredLog.java:252] - [Nacos Config] config[dataId=swagger-dev.yaml, group=LearningPlatform-common] content: 
# swagger 开启配置
spring:
  mvc:
    pathmatch:
      matching-strategy: ant_path_matcher
      
test_config:
 a: 1a
 b: 1b
 c: 1c
 d: 1d
2025-05-26 15:54:10,454 DEBUG [main][DeferredLog.java:252] - [Nacos Config] config[dataId=swagger-dev.yaml, group=LearningPlatform-common] content: 
# swagger 开启配置
spring:
  mvc:
    pathmatch:
      matching-strategy: ant_path_matcher
      
test_config:
 a: 1a
 b: 1b
 c: 1c
 d: 1d
2025-05-26 15:54:10,455 INFO [main][DeferredLog.java:255] - [Nacos Config] Load config[dataId=media-service-dev.yaml, group=LearningPlatform] success
2025-05-26 15:54:10,455 INFO [main][DeferredLog.java:255] - [Nacos Config] Load config[dataId=media-service-dev.yaml, group=LearningPlatform] success
2025-05-26 15:54:10,455 DEBUG [main][DeferredLog.java:252] - [Nacos Config] config[dataId=media-service-dev.yaml, group=LearningPlatform] content: 
spring:
  datasource:
    driver-class-name: com.mysql.cj.jdbc.Driver
    url: jdbc:mysql://192.168.130.1:3306/lo_media_db?serverTimezone=UTC&useUnicode=true&useSSL=false&allowPublicKeyRetrieval=true
    username: root
    password: 123456
  cloud:
   config:
    override-none: true

minio:
  endpoint: http://192.168.130.128:9000
  accessKey: minioadmin
  secretKey: minioadmin
  bucket:
    files: mediafiles
    videofiles: video
xxl:
  job:
    admin: 
      addresses: http://192.168.130.128:8088/xxl-job-admin
    executor:
      appname: media-process-service
      address: 
      ip: 
      port: 9999
      logpath: /data/applogs/xxl-job/jobhandler
      logretentiondays: 30
    accessToken: default_token

videoprocess:
 ffmpegpath: D:/soft/ffmpeg/ffmpeg.exe


2025-05-26 15:54:10,455 DEBUG [main][DeferredLog.java:252] - [Nacos Config] config[dataId=media-service-dev.yaml, group=LearningPlatform] content: 
spring:
  datasource:
    driver-class-name: com.mysql.cj.jdbc.Driver
    url: jdbc:mysql://192.168.130.1:3306/lo_media_db?serverTimezone=UTC&useUnicode=true&useSSL=false&allowPublicKeyRetrieval=true
    username: root
    password: 123456
  cloud:
   config:
    override-none: true

minio:
  endpoint: http://192.168.130.128:9000
  accessKey: minioadmin
  secretKey: minioadmin
  bucket:
    files: mediafiles
    videofiles: video
xxl:
  job:
    admin: 
      addresses: http://192.168.130.128:8088/xxl-job-admin
    executor:
      appname: media-process-service
      address: 
      ip: 
      port: 9999
      logpath: /data/applogs/xxl-job/jobhandler
      logretentiondays: 30
    accessToken: default_token

videoprocess:
 ffmpegpath: D:/soft/ffmpeg/ffmpeg.exe


2025-05-26 15:54:10,455 INFO [main][DeferredLog.java:255] - [Nacos Config] Load config[dataId=media-api-dev.yaml, group=LearningPlatform] success
2025-05-26 15:54:10,455 INFO [main][DeferredLog.java:255] - [Nacos Config] Load config[dataId=media-api-dev.yaml, group=LearningPlatform] success
2025-05-26 15:54:10,456 DEBUG [main][DeferredLog.java:252] - [Nacos Config] config[dataId=media-api-dev.yaml, group=LearningPlatform] content: 
server:
  servlet:
    context-path: /media
  port: 63050


2025-05-26 15:54:10,456 DEBUG [main][DeferredLog.java:252] - [Nacos Config] config[dataId=media-api-dev.yaml, group=LearningPlatform] content: 
server:
  servlet:
    context-path: /media
  port: 63050


2025-05-26 15:54:10,621 DEBUG [background-preinit][ValidatorFactoryConfigurationHelper.java:345] - HV000252: Using org.hibernate.validator.internal.engine.DefaultPropertyNodeNameProvider as property node name provider.
2025-05-26 15:54:10,621 DEBUG [background-preinit][ValidatorFactoryConfigurationHelper.java:345] - HV000252: Using org.hibernate.validator.internal.engine.DefaultPropertyNodeNameProvider as property node name provider.
2025-05-26 15:54:10,629 DEBUG [background-preinit][ValidatorFactoryConfigurationHelper.java:420] - HV000234: Using org.hibernate.validator.messageinterpolation.ResourceBundleMessageInterpolator as ValidatorFactory-scoped message interpolator.
2025-05-26 15:54:10,629 DEBUG [background-preinit][ValidatorFactoryConfigurationHelper.java:420] - HV000234: Using org.hibernate.validator.messageinterpolation.ResourceBundleMessageInterpolator as ValidatorFactory-scoped message interpolator.
2025-05-26 15:54:10,629 DEBUG [background-preinit][ValidatorFactoryConfigurationHelper.java:421] - HV000234: Using org.hibernate.validator.internal.engine.resolver.TraverseAllTraversableResolver as ValidatorFactory-scoped traversable resolver.
2025-05-26 15:54:10,629 DEBUG [background-preinit][ValidatorFactoryConfigurationHelper.java:421] - HV000234: Using org.hibernate.validator.internal.engine.resolver.TraverseAllTraversableResolver as ValidatorFactory-scoped traversable resolver.
2025-05-26 15:54:10,629 DEBUG [background-preinit][ValidatorFactoryConfigurationHelper.java:422] - HV000234: Using org.hibernate.validator.internal.util.ExecutableParameterNameProvider as ValidatorFactory-scoped parameter name provider.
2025-05-26 15:54:10,629 DEBUG [background-preinit][ValidatorFactoryConfigurationHelper.java:422] - HV000234: Using org.hibernate.validator.internal.util.ExecutableParameterNameProvider as ValidatorFactory-scoped parameter name provider.
2025-05-26 15:54:10,630 DEBUG [background-preinit][ValidatorFactoryConfigurationHelper.java:423] - HV000234: Using org.hibernate.validator.internal.engine.DefaultClockProvider as ValidatorFactory-scoped clock provider.
2025-05-26 15:54:10,630 DEBUG [background-preinit][ValidatorFactoryConfigurationHelper.java:423] - HV000234: Using org.hibernate.validator.internal.engine.DefaultClockProvider as ValidatorFactory-scoped clock provider.
2025-05-26 15:54:10,630 DEBUG [background-preinit][ValidatorFactoryConfigurationHelper.java:424] - HV000234: Using org.hibernate.validator.internal.engine.scripting.DefaultScriptEvaluatorFactory as ValidatorFactory-scoped script evaluator factory.
2025-05-26 15:54:10,630 DEBUG [background-preinit][ValidatorFactoryConfigurationHelper.java:424] - HV000234: Using org.hibernate.validator.internal.engine.scripting.DefaultScriptEvaluatorFactory as ValidatorFactory-scoped script evaluator factory.
2025-05-26 15:54:11,366 ERROR [main][SpringApplication.java:821] - Application run failed
java.lang.IllegalStateException: Error processing condition on org.springframework.boot.autoconfigure.context.PropertyPlaceholderAutoConfiguration.propertySourcesPlaceholderConfigurer
	at org.springframework.boot.autoconfigure.condition.SpringBootCondition.matches(SpringBootCondition.java:60)
	at org.springframework.context.annotation.ConditionEvaluator.shouldSkip(ConditionEvaluator.java:108)
	at org.springframework.context.annotation.ConfigurationClassBeanDefinitionReader.loadBeanDefinitionsForBeanMethod(ConfigurationClassBeanDefinitionReader.java:193)
	at org.springframework.context.annotation.ConfigurationClassBeanDefinitionReader.loadBeanDefinitionsForConfigurationClass(ConfigurationClassBeanDefinitionReader.java:153)
	at org.springframework.context.annotation.ConfigurationClassBeanDefinitionReader.loadBeanDefinitions(ConfigurationClassBeanDefinitionReader.java:129)
	at org.springframework.context.annotation.ConfigurationClassPostProcessor.processConfigBeanDefinitions(ConfigurationClassPostProcessor.java:343)
	at org.springframework.context.annotation.ConfigurationClassPostProcessor.postProcessBeanDefinitionRegistry(ConfigurationClassPostProcessor.java:247)
	at org.springframework.context.support.PostProcessorRegistrationDelegate.invokeBeanDefinitionRegistryPostProcessors(PostProcessorRegistrationDelegate.java:311)
	at org.springframework.context.support.PostProcessorRegistrationDelegate.invokeBeanFactoryPostProcessors(PostProcessorRegistrationDelegate.java:112)
	at org.springframework.context.support.AbstractApplicationContext.invokeBeanFactoryPostProcessors(AbstractApplicationContext.java:746)
	at org.springframework.context.support.AbstractApplicationContext.refresh(AbstractApplicationContext.java:564)
	at org.springframework.boot.web.servlet.context.ServletWebServerApplicationContext.refresh(ServletWebServerApplicationContext.java:147)
	at org.springframework.boot.SpringApplication.refresh(SpringApplication.java:731)
	at org.springframework.boot.SpringApplication.refreshContext(SpringApplication.java:408)
	at org.springframework.boot.SpringApplication.run(SpringApplication.java:307)
	at org.springframework.boot.SpringApplication.run(SpringApplication.java:1303)
	at org.springframework.boot.SpringApplication.run(SpringApplication.java:1292)
	at com.learningonline.media.LearningOnlineMediaApiApplication.main(LearningOnlineMediaApiApplication.java:14)
Caused by: java.lang.IllegalStateException: Failed to introspect Class [com.learningonline.media.config.XxlJobConfig] from ClassLoader [sun.misc.Launcher$AppClassLoader@18b4aac2]
	at org.springframework.util.ReflectionUtils.getDeclaredMethods(ReflectionUtils.java:485)
	at org.springframework.util.ReflectionUtils.doWithMethods(ReflectionUtils.java:361)
	at org.springframework.util.ReflectionUtils.getUniqueDeclaredMethods(ReflectionUtils.java:418)
	at org.springframework.beans.factory.support.AbstractAutowireCapableBeanFactory.lambda$getTypeForFactoryMethod$2(AbstractAutowireCapableBeanFactory.java:765)
	at java.util.concurrent.ConcurrentHashMap.computeIfAbsent(ConcurrentHashMap.java:1660)
	at org.springframework.beans.factory.support.AbstractAutowireCapableBeanFactory.getTypeForFactoryMethod(AbstractAutowireCapableBeanFactory.java:764)
	at org.springframework.beans.factory.support.AbstractAutowireCapableBeanFactory.determineTargetType(AbstractAutowireCapableBeanFactory.java:703)
	at org.springframework.beans.factory.support.AbstractAutowireCapableBeanFactory.predictBeanType(AbstractAutowireCapableBeanFactory.java:674)
	at org.springframework.beans.factory.support.AbstractBeanFactory.isFactoryBean(AbstractBeanFactory.java:1684)
	at org.springframework.beans.factory.support.DefaultListableBeanFactory.doGetBeanNamesForType(DefaultListableBeanFactory.java:570)
	at org.springframework.beans.factory.support.DefaultListableBeanFactory.getBeanNamesForType(DefaultListableBeanFactory.java:542)
	at org.springframework.boot.autoconfigure.condition.OnBeanCondition.collectBeanNamesForType(OnBeanCondition.java:250)
	at org.springframework.boot.autoconfigure.condition.OnBeanCondition.getBeanNamesForType(OnBeanCondition.java:243)
	at org.springframework.boot.autoconfigure.condition.OnBeanCondition.getBeanNamesForType(OnBeanCondition.java:233)
	at org.springframework.boot.autoconfigure.condition.OnBeanCondition.getMatchingBeans(OnBeanCondition.java:181)
	at org.springframework.boot.autoconfigure.condition.OnBeanCondition.getMatchOutcome(OnBeanCondition.java:156)
	at org.springframework.boot.autoconfigure.condition.SpringBootCondition.matches(SpringBootCondition.java:47)
	... 17 more
Caused by: java.lang.NoClassDefFoundError: com/xxl/job/core/executor/impl/XxlJobSpringExecutor
	at java.lang.Class.getDeclaredMethods0(Native Method)
	at java.lang.Class.privateGetDeclaredMethods(Class.java:2729)
	at java.lang.Class.getDeclaredMethods(Class.java:2003)
	at org.springframework.util.ReflectionUtils.getDeclaredMethods(ReflectionUtils.java:467)
	... 33 more
Caused by: java.lang.ClassNotFoundException: com.xxl.job.core.executor.impl.XxlJobSpringExecutor
	at java.net.URLClassLoader.findClass(URLClassLoader.java:387)
	at java.lang.ClassLoader.loadClass(ClassLoader.java:418)
	at sun.misc.Launcher$AppClassLoader.loadClass(Launcher.java:352)
	at java.lang.ClassLoader.loadClass(ClassLoader.java:351)
	... 37 more
2025-05-26 15:54:11,366 ERROR [main][SpringApplication.java:821] - Application run failed
java.lang.IllegalStateException: Error processing condition on org.springframework.boot.autoconfigure.context.PropertyPlaceholderAutoConfiguration.propertySourcesPlaceholderConfigurer
	at org.springframework.boot.autoconfigure.condition.SpringBootCondition.matches(SpringBootCondition.java:60)
	at org.springframework.context.annotation.ConditionEvaluator.shouldSkip(ConditionEvaluator.java:108)
	at org.springframework.context.annotation.ConfigurationClassBeanDefinitionReader.loadBeanDefinitionsForBeanMethod(ConfigurationClassBeanDefinitionReader.java:193)
	at org.springframework.context.annotation.ConfigurationClassBeanDefinitionReader.loadBeanDefinitionsForConfigurationClass(ConfigurationClassBeanDefinitionReader.java:153)
	at org.springframework.context.annotation.ConfigurationClassBeanDefinitionReader.loadBeanDefinitions(ConfigurationClassBeanDefinitionReader.java:129)
	at org.springframework.context.annotation.ConfigurationClassPostProcessor.processConfigBeanDefinitions(ConfigurationClassPostProcessor.java:343)
	at org.springframework.context.annotation.ConfigurationClassPostProcessor.postProcessBeanDefinitionRegistry(ConfigurationClassPostProcessor.java:247)
	at org.springframework.context.support.PostProcessorRegistrationDelegate.invokeBeanDefinitionRegistryPostProcessors(PostProcessorRegistrationDelegate.java:311)
	at org.springframework.context.support.PostProcessorRegistrationDelegate.invokeBeanFactoryPostProcessors(PostProcessorRegistrationDelegate.java:112)
	at org.springframework.context.support.AbstractApplicationContext.invokeBeanFactoryPostProcessors(AbstractApplicationContext.java:746)
	at org.springframework.context.support.AbstractApplicationContext.refresh(AbstractApplicationContext.java:564)
	at org.springframework.boot.web.servlet.context.ServletWebServerApplicationContext.refresh(ServletWebServerApplicationContext.java:147)
	at org.springframework.boot.SpringApplication.refresh(SpringApplication.java:731)
	at org.springframework.boot.SpringApplication.refreshContext(SpringApplication.java:408)
	at org.springframework.boot.SpringApplication.run(SpringApplication.java:307)
	at org.springframework.boot.SpringApplication.run(SpringApplication.java:1303)
	at org.springframework.boot.SpringApplication.run(SpringApplication.java:1292)
	at com.learningonline.media.LearningOnlineMediaApiApplication.main(LearningOnlineMediaApiApplication.java:14)
Caused by: java.lang.IllegalStateException: Failed to introspect Class [com.learningonline.media.config.XxlJobConfig] from ClassLoader [sun.misc.Launcher$AppClassLoader@18b4aac2]
	at org.springframework.util.ReflectionUtils.getDeclaredMethods(ReflectionUtils.java:485)
	at org.springframework.util.ReflectionUtils.doWithMethods(ReflectionUtils.java:361)
	at org.springframework.util.ReflectionUtils.getUniqueDeclaredMethods(ReflectionUtils.java:418)
	at org.springframework.beans.factory.support.AbstractAutowireCapableBeanFactory.lambda$getTypeForFactoryMethod$2(AbstractAutowireCapableBeanFactory.java:765)
	at java.util.concurrent.ConcurrentHashMap.computeIfAbsent(ConcurrentHashMap.java:1660)
	at org.springframework.beans.factory.support.AbstractAutowireCapableBeanFactory.getTypeForFactoryMethod(AbstractAutowireCapableBeanFactory.java:764)
	at org.springframework.beans.factory.support.AbstractAutowireCapableBeanFactory.determineTargetType(AbstractAutowireCapableBeanFactory.java:703)
	at org.springframework.beans.factory.support.AbstractAutowireCapableBeanFactory.predictBeanType(AbstractAutowireCapableBeanFactory.java:674)
	at org.springframework.beans.factory.support.AbstractBeanFactory.isFactoryBean(AbstractBeanFactory.java:1684)
	at org.springframework.beans.factory.support.DefaultListableBeanFactory.doGetBeanNamesForType(DefaultListableBeanFactory.java:570)
	at org.springframework.beans.factory.support.DefaultListableBeanFactory.getBeanNamesForType(DefaultListableBeanFactory.java:542)
	at org.springframework.boot.autoconfigure.condition.OnBeanCondition.collectBeanNamesForType(OnBeanCondition.java:250)
	at org.springframework.boot.autoconfigure.condition.OnBeanCondition.getBeanNamesForType(OnBeanCondition.java:243)
	at org.springframework.boot.autoconfigure.condition.OnBeanCondition.getBeanNamesForType(OnBeanCondition.java:233)
	at org.springframework.boot.autoconfigure.condition.OnBeanCondition.getMatchingBeans(OnBeanCondition.java:181)
	at org.springframework.boot.autoconfigure.condition.OnBeanCondition.getMatchOutcome(OnBeanCondition.java:156)
	at org.springframework.boot.autoconfigure.condition.SpringBootCondition.matches(SpringBootCondition.java:47)
	... 17 more
Caused by: java.lang.NoClassDefFoundError: com/xxl/job/core/executor/impl/XxlJobSpringExecutor
	at java.lang.Class.getDeclaredMethods0(Native Method)
	at java.lang.Class.privateGetDeclaredMethods(Class.java:2729)
	at java.lang.Class.getDeclaredMethods(Class.java:2003)
	at org.springframework.util.ReflectionUtils.getDeclaredMethods(ReflectionUtils.java:467)
	... 33 more
Caused by: java.lang.ClassNotFoundException: com.xxl.job.core.executor.impl.XxlJobSpringExecutor
	at java.net.URLClassLoader.findClass(URLClassLoader.java:387)
	at java.lang.ClassLoader.loadClass(ClassLoader.java:418)
	at sun.misc.Launcher$AppClassLoader.loadClass(Launcher.java:352)
	at java.lang.ClassLoader.loadClass(ClassLoader.java:351)
	... 37 more
2025-05-26 15:54:11,375 WARN [main][SpringApplication.java:793] - Unable to close ApplicationContext
java.lang.IllegalStateException: Failed to introspect Class [com.learningonline.media.config.XxlJobConfig] from ClassLoader [sun.misc.Launcher$AppClassLoader@18b4aac2]
	at org.springframework.util.ReflectionUtils.getDeclaredMethods(ReflectionUtils.java:485)
	at org.springframework.util.ReflectionUtils.doWithMethods(ReflectionUtils.java:361)
	at org.springframework.util.ReflectionUtils.getUniqueDeclaredMethods(ReflectionUtils.java:418)
	at org.springframework.beans.factory.support.AbstractAutowireCapableBeanFactory.lambda$getTypeForFactoryMethod$2(AbstractAutowireCapableBeanFactory.java:765)
	at java.util.concurrent.ConcurrentHashMap.computeIfAbsent(ConcurrentHashMap.java:1660)
	at org.springframework.beans.factory.support.AbstractAutowireCapableBeanFactory.getTypeForFactoryMethod(AbstractAutowireCapableBeanFactory.java:764)
	at org.springframework.beans.factory.support.AbstractAutowireCapableBeanFactory.determineTargetType(AbstractAutowireCapableBeanFactory.java:703)
	at org.springframework.beans.factory.support.AbstractAutowireCapableBeanFactory.predictBeanType(AbstractAutowireCapableBeanFactory.java:674)
	at org.springframework.beans.factory.support.AbstractBeanFactory.isFactoryBean(AbstractBeanFactory.java:1684)
	at org.springframework.beans.factory.support.DefaultListableBeanFactory.doGetBeanNamesForType(DefaultListableBeanFactory.java:570)
	at org.springframework.beans.factory.support.DefaultListableBeanFactory.getBeanNamesForType(DefaultListableBeanFactory.java:542)
	at org.springframework.beans.factory.support.DefaultListableBeanFactory.getBeansOfType(DefaultListableBeanFactory.java:669)
	at org.springframework.beans.factory.support.DefaultListableBeanFactory.getBeansOfType(DefaultListableBeanFactory.java:661)
	at org.springframework.context.support.AbstractApplicationContext.getBeansOfType(AbstractApplicationContext.java:1300)
	at org.springframework.boot.SpringApplication.getExitCodeFromMappedException(SpringApplication.java:864)
	at org.springframework.boot.SpringApplication.getExitCodeFromException(SpringApplication.java:852)
	at org.springframework.boot.SpringApplication.handleExitCode(SpringApplication.java:839)
	at org.springframework.boot.SpringApplication.handleRunFailure(SpringApplication.java:779)
	at org.springframework.boot.SpringApplication.run(SpringApplication.java:317)
	at org.springframework.boot.SpringApplication.run(SpringApplication.java:1303)
	at org.springframework.boot.SpringApplication.run(SpringApplication.java:1292)
	at com.learningonline.media.LearningOnlineMediaApiApplication.main(LearningOnlineMediaApiApplication.java:14)
Caused by: java.lang.NoClassDefFoundError: com/xxl/job/core/executor/impl/XxlJobSpringExecutor
	at java.lang.Class.getDeclaredMethods0(Native Method)
	at java.lang.Class.privateGetDeclaredMethods(Class.java:2729)
	at java.lang.Class.getDeclaredMethods(Class.java:2003)
	at org.springframework.util.ReflectionUtils.getDeclaredMethods(ReflectionUtils.java:467)
	... 21 more
Caused by: java.lang.ClassNotFoundException: com.xxl.job.core.executor.impl.XxlJobSpringExecutor
	at java.net.URLClassLoader.findClass(URLClassLoader.java:387)
	at java.lang.ClassLoader.loadClass(ClassLoader.java:418)
	at sun.misc.Launcher$AppClassLoader.loadClass(Launcher.java:352)
	at java.lang.ClassLoader.loadClass(ClassLoader.java:351)
	... 25 more
2025-05-26 15:54:11,375 WARN [main][SpringApplication.java:793] - Unable to close ApplicationContext
java.lang.IllegalStateException: Failed to introspect Class [com.learningonline.media.config.XxlJobConfig] from ClassLoader [sun.misc.Launcher$AppClassLoader@18b4aac2]
	at org.springframework.util.ReflectionUtils.getDeclaredMethods(ReflectionUtils.java:485)
	at org.springframework.util.ReflectionUtils.doWithMethods(ReflectionUtils.java:361)
	at org.springframework.util.ReflectionUtils.getUniqueDeclaredMethods(ReflectionUtils.java:418)
	at org.springframework.beans.factory.support.AbstractAutowireCapableBeanFactory.lambda$getTypeForFactoryMethod$2(AbstractAutowireCapableBeanFactory.java:765)
	at java.util.concurrent.ConcurrentHashMap.computeIfAbsent(ConcurrentHashMap.java:1660)
	at org.springframework.beans.factory.support.AbstractAutowireCapableBeanFactory.getTypeForFactoryMethod(AbstractAutowireCapableBeanFactory.java:764)
	at org.springframework.beans.factory.support.AbstractAutowireCapableBeanFactory.determineTargetType(AbstractAutowireCapableBeanFactory.java:703)
	at org.springframework.beans.factory.support.AbstractAutowireCapableBeanFactory.predictBeanType(AbstractAutowireCapableBeanFactory.java:674)
	at org.springframework.beans.factory.support.AbstractBeanFactory.isFactoryBean(AbstractBeanFactory.java:1684)
	at org.springframework.beans.factory.support.DefaultListableBeanFactory.doGetBeanNamesForType(DefaultListableBeanFactory.java:570)
	at org.springframework.beans.factory.support.DefaultListableBeanFactory.getBeanNamesForType(DefaultListableBeanFactory.java:542)
	at org.springframework.beans.factory.support.DefaultListableBeanFactory.getBeansOfType(DefaultListableBeanFactory.java:669)
	at org.springframework.beans.factory.support.DefaultListableBeanFactory.getBeansOfType(DefaultListableBeanFactory.java:661)
	at org.springframework.context.support.AbstractApplicationContext.getBeansOfType(AbstractApplicationContext.java:1300)
	at org.springframework.boot.SpringApplication.getExitCodeFromMappedException(SpringApplication.java:864)
	at org.springframework.boot.SpringApplication.getExitCodeFromException(SpringApplication.java:852)
	at org.springframework.boot.SpringApplication.handleExitCode(SpringApplication.java:839)
	at org.springframework.boot.SpringApplication.handleRunFailure(SpringApplication.java:779)
	at org.springframework.boot.SpringApplication.run(SpringApplication.java:317)
	at org.springframework.boot.SpringApplication.run(SpringApplication.java:1303)
	at org.springframework.boot.SpringApplication.run(SpringApplication.java:1292)
	at com.learningonline.media.LearningOnlineMediaApiApplication.main(LearningOnlineMediaApiApplication.java:14)
Caused by: java.lang.NoClassDefFoundError: com/xxl/job/core/executor/impl/XxlJobSpringExecutor
	at java.lang.Class.getDeclaredMethods0(Native Method)
	at java.lang.Class.privateGetDeclaredMethods(Class.java:2729)
	at java.lang.Class.getDeclaredMethods(Class.java:2003)
	at org.springframework.util.ReflectionUtils.getDeclaredMethods(ReflectionUtils.java:467)
	... 21 more
Caused by: java.lang.ClassNotFoundException: com.xxl.job.core.executor.impl.XxlJobSpringExecutor
	at java.net.URLClassLoader.findClass(URLClassLoader.java:387)
	at java.lang.ClassLoader.loadClass(ClassLoader.java:418)
	at sun.misc.Launcher$AppClassLoader.loadClass(Launcher.java:352)
	at java.lang.ClassLoader.loadClass(ClassLoader.java:351)
	... 25 more
2025-05-26 15:54:11,377 WARN [Thread-4][HttpClientBeanHolder.java:102] - [HttpClientBeanHolder] Start destroying common HttpClient
2025-05-26 15:54:11,377 WARN [Thread-4][HttpClientBeanHolder.java:102] - [HttpClientBeanHolder] Start destroying common HttpClient
2025-05-26 15:54:11,377 WARN [Thread-9][NotifyCenter.java:136] - [NotifyCenter] Start destroying Publisher
2025-05-26 15:54:11,377 WARN [Thread-9][NotifyCenter.java:136] - [NotifyCenter] Start destroying Publisher
2025-05-26 15:54:11,377 WARN [Thread-9][NotifyCenter.java:153] - [NotifyCenter] Destruction of the end
2025-05-26 15:54:11,377 WARN [Thread-9][NotifyCenter.java:153] - [NotifyCenter] Destruction of the end
2025-05-26 15:54:11,377 WARN [Thread-4][HttpClientBeanHolder.java:111] - [HttpClientBeanHolder] Destruction of the end
2025-05-26 15:54:11,377 WARN [Thread-4][HttpClientBeanHolder.java:111] - [HttpClientBeanHolder] Destruction of the end
2025-05-26 15:56:05,374 DEBUG [background-preinit][LoggerProviders.java:152] - Logging Provider: org.jboss.logging.Log4j2LoggerProvider
2025-05-26 15:56:05,374 DEBUG [background-preinit][LoggerProviders.java:152] - Logging Provider: org.jboss.logging.Log4j2LoggerProvider
2025-05-26 15:56:05,383 INFO [background-preinit][Version.java:21] - HV000001: Hibernate Validator 6.2.5.Final
2025-05-26 15:56:05,383 INFO [background-preinit][Version.java:21] - HV000001: Hibernate Validator 6.2.5.Final
2025-05-26 15:56:05,394 DEBUG [background-preinit][ValidationXmlParser.java:120] - Trying to load META-INF/validation.xml for XML based Validator configuration.
2025-05-26 15:56:05,394 DEBUG [background-preinit][ValidationXmlParser.java:120] - Trying to load META-INF/validation.xml for XML based Validator configuration.
2025-05-26 15:56:05,396 DEBUG [background-preinit][ResourceLoaderHelper.java:60] - Trying to load META-INF/validation.xml via TCCL
2025-05-26 15:56:05,396 DEBUG [background-preinit][ResourceLoaderHelper.java:60] - Trying to load META-INF/validation.xml via TCCL
2025-05-26 15:56:05,397 DEBUG [background-preinit][ResourceLoaderHelper.java:66] - Trying to load META-INF/validation.xml via Hibernate Validator's class loader
2025-05-26 15:56:05,397 DEBUG [background-preinit][ResourceLoaderHelper.java:66] - Trying to load META-INF/validation.xml via Hibernate Validator's class loader
2025-05-26 15:56:05,397 DEBUG [background-preinit][ValidationXmlParser.java:127] - No META-INF/validation.xml found. Using annotation based configuration only.
2025-05-26 15:56:05,397 DEBUG [background-preinit][ValidationXmlParser.java:127] - No META-INF/validation.xml found. Using annotation based configuration only.
2025-05-26 15:56:05,402 DEBUG [background-preinit][TraversableResolvers.java:60] - Cannot find javax.persistence.Persistence on classpath. Assuming non JPA 2 environment. All properties will per default be traversable.
2025-05-26 15:56:05,402 DEBUG [background-preinit][TraversableResolvers.java:60] - Cannot find javax.persistence.Persistence on classpath. Assuming non JPA 2 environment. All properties will per default be traversable.
2025-05-26 15:56:05,432 DEBUG [background-preinit][ResourceBundleMessageInterpolator.java:172] - Loaded expression factory via original TCCL
2025-05-26 15:56:05,432 DEBUG [background-preinit][ResourceBundleMessageInterpolator.java:172] - Loaded expression factory via original TCCL
2025-05-26 15:56:05,447 INFO [main][StartupInfoLogger.java:55] - Starting LearningOnlineMediaApiApplication using Java 1.8.0_432 on yhc with PID 24436 (C:\Users\86157\Desktop\在线学习平台\LearningPlatform\LearningOnline-media\LearningOnline-media-api\target\classes started by 86157 in C:\Users\86157\Desktop\在线学习平台\LearningPlatform)
2025-05-26 15:56:05,447 INFO [main][StartupInfoLogger.java:55] - Starting LearningOnlineMediaApiApplication using Java 1.8.0_432 on yhc with PID 24436 (C:\Users\86157\Desktop\在线学习平台\LearningPlatform\LearningOnline-media\LearningOnline-media-api\target\classes started by 86157 in C:\Users\86157\Desktop\在线学习平台\LearningPlatform)
2025-05-26 15:56:05,450 DEBUG [main][StartupInfoLogger.java:56] - Running with Spring Boot v2.7.6, Spring v5.3.24
2025-05-26 15:56:05,450 DEBUG [main][StartupInfoLogger.java:56] - Running with Spring Boot v2.7.6, Spring v5.3.24
2025-05-26 15:56:05,450 INFO [main][SpringApplication.java:637] - The following 1 profile is active: "dev"
2025-05-26 15:56:05,450 INFO [main][SpringApplication.java:637] - The following 1 profile is active: "dev"
2025-05-26 15:56:05,493 INFO [main][DeferredLog.java:255] - [Nacos Config] Load config[dataId=logging-dev.yaml, group=LearningPlatform-common] success
2025-05-26 15:56:05,493 INFO [main][DeferredLog.java:255] - [Nacos Config] Load config[dataId=logging-dev.yaml, group=LearningPlatform-common] success
2025-05-26 15:56:05,493 DEBUG [main][DeferredLog.java:252] - [Nacos Config] config[dataId=logging-dev.yaml, group=LearningPlatform-common] content: 
# 日志文件配置路径
logging:
  config: classpath:log4j2-dev.xml
  level:
    org.springframework.cloud.gateway: trace
2025-05-26 15:56:05,493 DEBUG [main][DeferredLog.java:252] - [Nacos Config] config[dataId=logging-dev.yaml, group=LearningPlatform-common] content: 
# 日志文件配置路径
logging:
  config: classpath:log4j2-dev.xml
  level:
    org.springframework.cloud.gateway: trace
2025-05-26 15:56:05,493 INFO [main][DeferredLog.java:255] - [Nacos Config] Load config[dataId=swagger-dev.yaml, group=LearningPlatform-common] success
2025-05-26 15:56:05,493 INFO [main][DeferredLog.java:255] - [Nacos Config] Load config[dataId=swagger-dev.yaml, group=LearningPlatform-common] success
2025-05-26 15:56:05,493 DEBUG [main][DeferredLog.java:252] - [Nacos Config] config[dataId=swagger-dev.yaml, group=LearningPlatform-common] content: 
# swagger 开启配置
spring:
  mvc:
    pathmatch:
      matching-strategy: ant_path_matcher
      
test_config:
 a: 1a
 b: 1b
 c: 1c
 d: 1d
2025-05-26 15:56:05,493 DEBUG [main][DeferredLog.java:252] - [Nacos Config] config[dataId=swagger-dev.yaml, group=LearningPlatform-common] content: 
# swagger 开启配置
spring:
  mvc:
    pathmatch:
      matching-strategy: ant_path_matcher
      
test_config:
 a: 1a
 b: 1b
 c: 1c
 d: 1d
2025-05-26 15:56:05,494 INFO [main][DeferredLog.java:255] - [Nacos Config] Load config[dataId=media-service-dev.yaml, group=LearningPlatform] success
2025-05-26 15:56:05,494 INFO [main][DeferredLog.java:255] - [Nacos Config] Load config[dataId=media-service-dev.yaml, group=LearningPlatform] success
2025-05-26 15:56:05,494 DEBUG [main][DeferredLog.java:252] - [Nacos Config] config[dataId=media-service-dev.yaml, group=LearningPlatform] content: 
spring:
  datasource:
    driver-class-name: com.mysql.cj.jdbc.Driver
    url: jdbc:mysql://192.168.130.1:3306/lo_media_db?serverTimezone=UTC&useUnicode=true&useSSL=false&allowPublicKeyRetrieval=true
    username: root
    password: 123456
  cloud:
   config:
    override-none: true

minio:
  endpoint: http://192.168.130.128:9000
  accessKey: minioadmin
  secretKey: minioadmin
  bucket:
    files: mediafiles
    videofiles: video
xxl:
  job:
    admin: 
      addresses: http://192.168.130.128:8080/xxl-job-admin
    executor:
      appname: media-process-service
      address: 
      ip: 
      port: 9999
      logpath: /data/applogs/xxl-job/jobhandler
      logretentiondays: 30
    accessToken: default_token

videoprocess:
 ffmpegpath: D:/soft/ffmpeg/ffmpeg.exe


2025-05-26 15:56:05,494 DEBUG [main][DeferredLog.java:252] - [Nacos Config] config[dataId=media-service-dev.yaml, group=LearningPlatform] content: 
spring:
  datasource:
    driver-class-name: com.mysql.cj.jdbc.Driver
    url: jdbc:mysql://192.168.130.1:3306/lo_media_db?serverTimezone=UTC&useUnicode=true&useSSL=false&allowPublicKeyRetrieval=true
    username: root
    password: 123456
  cloud:
   config:
    override-none: true

minio:
  endpoint: http://192.168.130.128:9000
  accessKey: minioadmin
  secretKey: minioadmin
  bucket:
    files: mediafiles
    videofiles: video
xxl:
  job:
    admin: 
      addresses: http://192.168.130.128:8080/xxl-job-admin
    executor:
      appname: media-process-service
      address: 
      ip: 
      port: 9999
      logpath: /data/applogs/xxl-job/jobhandler
      logretentiondays: 30
    accessToken: default_token

videoprocess:
 ffmpegpath: D:/soft/ffmpeg/ffmpeg.exe


2025-05-26 15:56:05,494 INFO [main][DeferredLog.java:255] - [Nacos Config] Load config[dataId=media-api-dev.yaml, group=LearningPlatform] success
2025-05-26 15:56:05,494 INFO [main][DeferredLog.java:255] - [Nacos Config] Load config[dataId=media-api-dev.yaml, group=LearningPlatform] success
2025-05-26 15:56:05,494 DEBUG [main][DeferredLog.java:252] - [Nacos Config] config[dataId=media-api-dev.yaml, group=LearningPlatform] content: 
server:
  servlet:
    context-path: /media
  port: 63050


2025-05-26 15:56:05,494 DEBUG [main][DeferredLog.java:252] - [Nacos Config] config[dataId=media-api-dev.yaml, group=LearningPlatform] content: 
server:
  servlet:
    context-path: /media
  port: 63050


2025-05-26 15:56:05,621 DEBUG [background-preinit][ValidatorFactoryConfigurationHelper.java:345] - HV000252: Using org.hibernate.validator.internal.engine.DefaultPropertyNodeNameProvider as property node name provider.
2025-05-26 15:56:05,621 DEBUG [background-preinit][ValidatorFactoryConfigurationHelper.java:345] - HV000252: Using org.hibernate.validator.internal.engine.DefaultPropertyNodeNameProvider as property node name provider.
2025-05-26 15:56:05,629 DEBUG [background-preinit][ValidatorFactoryConfigurationHelper.java:420] - HV000234: Using org.hibernate.validator.messageinterpolation.ResourceBundleMessageInterpolator as ValidatorFactory-scoped message interpolator.
2025-05-26 15:56:05,629 DEBUG [background-preinit][ValidatorFactoryConfigurationHelper.java:420] - HV000234: Using org.hibernate.validator.messageinterpolation.ResourceBundleMessageInterpolator as ValidatorFactory-scoped message interpolator.
2025-05-26 15:56:05,630 DEBUG [background-preinit][ValidatorFactoryConfigurationHelper.java:421] - HV000234: Using org.hibernate.validator.internal.engine.resolver.TraverseAllTraversableResolver as ValidatorFactory-scoped traversable resolver.
2025-05-26 15:56:05,630 DEBUG [background-preinit][ValidatorFactoryConfigurationHelper.java:421] - HV000234: Using org.hibernate.validator.internal.engine.resolver.TraverseAllTraversableResolver as ValidatorFactory-scoped traversable resolver.
2025-05-26 15:56:05,630 DEBUG [background-preinit][ValidatorFactoryConfigurationHelper.java:422] - HV000234: Using org.hibernate.validator.internal.util.ExecutableParameterNameProvider as ValidatorFactory-scoped parameter name provider.
2025-05-26 15:56:05,630 DEBUG [background-preinit][ValidatorFactoryConfigurationHelper.java:422] - HV000234: Using org.hibernate.validator.internal.util.ExecutableParameterNameProvider as ValidatorFactory-scoped parameter name provider.
2025-05-26 15:56:05,630 DEBUG [background-preinit][ValidatorFactoryConfigurationHelper.java:423] - HV000234: Using org.hibernate.validator.internal.engine.DefaultClockProvider as ValidatorFactory-scoped clock provider.
2025-05-26 15:56:05,630 DEBUG [background-preinit][ValidatorFactoryConfigurationHelper.java:423] - HV000234: Using org.hibernate.validator.internal.engine.DefaultClockProvider as ValidatorFactory-scoped clock provider.
2025-05-26 15:56:05,630 DEBUG [background-preinit][ValidatorFactoryConfigurationHelper.java:424] - HV000234: Using org.hibernate.validator.internal.engine.scripting.DefaultScriptEvaluatorFactory as ValidatorFactory-scoped script evaluator factory.
2025-05-26 15:56:05,630 DEBUG [background-preinit][ValidatorFactoryConfigurationHelper.java:424] - HV000234: Using org.hibernate.validator.internal.engine.scripting.DefaultScriptEvaluatorFactory as ValidatorFactory-scoped script evaluator factory.
2025-05-26 15:56:06,339 ERROR [main][SpringApplication.java:821] - Application run failed
java.lang.IllegalStateException: Error processing condition on org.springframework.boot.autoconfigure.context.PropertyPlaceholderAutoConfiguration.propertySourcesPlaceholderConfigurer
	at org.springframework.boot.autoconfigure.condition.SpringBootCondition.matches(SpringBootCondition.java:60)
	at org.springframework.context.annotation.ConditionEvaluator.shouldSkip(ConditionEvaluator.java:108)
	at org.springframework.context.annotation.ConfigurationClassBeanDefinitionReader.loadBeanDefinitionsForBeanMethod(ConfigurationClassBeanDefinitionReader.java:193)
	at org.springframework.context.annotation.ConfigurationClassBeanDefinitionReader.loadBeanDefinitionsForConfigurationClass(ConfigurationClassBeanDefinitionReader.java:153)
	at org.springframework.context.annotation.ConfigurationClassBeanDefinitionReader.loadBeanDefinitions(ConfigurationClassBeanDefinitionReader.java:129)
	at org.springframework.context.annotation.ConfigurationClassPostProcessor.processConfigBeanDefinitions(ConfigurationClassPostProcessor.java:343)
	at org.springframework.context.annotation.ConfigurationClassPostProcessor.postProcessBeanDefinitionRegistry(ConfigurationClassPostProcessor.java:247)
	at org.springframework.context.support.PostProcessorRegistrationDelegate.invokeBeanDefinitionRegistryPostProcessors(PostProcessorRegistrationDelegate.java:311)
	at org.springframework.context.support.PostProcessorRegistrationDelegate.invokeBeanFactoryPostProcessors(PostProcessorRegistrationDelegate.java:112)
	at org.springframework.context.support.AbstractApplicationContext.invokeBeanFactoryPostProcessors(AbstractApplicationContext.java:746)
	at org.springframework.context.support.AbstractApplicationContext.refresh(AbstractApplicationContext.java:564)
	at org.springframework.boot.web.servlet.context.ServletWebServerApplicationContext.refresh(ServletWebServerApplicationContext.java:147)
	at org.springframework.boot.SpringApplication.refresh(SpringApplication.java:731)
	at org.springframework.boot.SpringApplication.refreshContext(SpringApplication.java:408)
	at org.springframework.boot.SpringApplication.run(SpringApplication.java:307)
	at org.springframework.boot.SpringApplication.run(SpringApplication.java:1303)
	at org.springframework.boot.SpringApplication.run(SpringApplication.java:1292)
	at com.learningonline.media.LearningOnlineMediaApiApplication.main(LearningOnlineMediaApiApplication.java:14)
Caused by: java.lang.IllegalStateException: Failed to introspect Class [com.learningonline.media.config.XxlJobConfig] from ClassLoader [sun.misc.Launcher$AppClassLoader@18b4aac2]
	at org.springframework.util.ReflectionUtils.getDeclaredMethods(ReflectionUtils.java:485)
	at org.springframework.util.ReflectionUtils.doWithMethods(ReflectionUtils.java:361)
	at org.springframework.util.ReflectionUtils.getUniqueDeclaredMethods(ReflectionUtils.java:418)
	at org.springframework.beans.factory.support.AbstractAutowireCapableBeanFactory.lambda$getTypeForFactoryMethod$2(AbstractAutowireCapableBeanFactory.java:765)
	at java.util.concurrent.ConcurrentHashMap.computeIfAbsent(ConcurrentHashMap.java:1660)
	at org.springframework.beans.factory.support.AbstractAutowireCapableBeanFactory.getTypeForFactoryMethod(AbstractAutowireCapableBeanFactory.java:764)
	at org.springframework.beans.factory.support.AbstractAutowireCapableBeanFactory.determineTargetType(AbstractAutowireCapableBeanFactory.java:703)
	at org.springframework.beans.factory.support.AbstractAutowireCapableBeanFactory.predictBeanType(AbstractAutowireCapableBeanFactory.java:674)
	at org.springframework.beans.factory.support.AbstractBeanFactory.isFactoryBean(AbstractBeanFactory.java:1684)
	at org.springframework.beans.factory.support.DefaultListableBeanFactory.doGetBeanNamesForType(DefaultListableBeanFactory.java:570)
	at org.springframework.beans.factory.support.DefaultListableBeanFactory.getBeanNamesForType(DefaultListableBeanFactory.java:542)
	at org.springframework.boot.autoconfigure.condition.OnBeanCondition.collectBeanNamesForType(OnBeanCondition.java:250)
	at org.springframework.boot.autoconfigure.condition.OnBeanCondition.getBeanNamesForType(OnBeanCondition.java:243)
	at org.springframework.boot.autoconfigure.condition.OnBeanCondition.getBeanNamesForType(OnBeanCondition.java:233)
	at org.springframework.boot.autoconfigure.condition.OnBeanCondition.getMatchingBeans(OnBeanCondition.java:181)
	at org.springframework.boot.autoconfigure.condition.OnBeanCondition.getMatchOutcome(OnBeanCondition.java:156)
	at org.springframework.boot.autoconfigure.condition.SpringBootCondition.matches(SpringBootCondition.java:47)
	... 17 more
Caused by: java.lang.NoClassDefFoundError: com/xxl/job/core/executor/impl/XxlJobSpringExecutor
	at java.lang.Class.getDeclaredMethods0(Native Method)
	at java.lang.Class.privateGetDeclaredMethods(Class.java:2729)
	at java.lang.Class.getDeclaredMethods(Class.java:2003)
	at org.springframework.util.ReflectionUtils.getDeclaredMethods(ReflectionUtils.java:467)
	... 33 more
Caused by: java.lang.ClassNotFoundException: com.xxl.job.core.executor.impl.XxlJobSpringExecutor
	at java.net.URLClassLoader.findClass(URLClassLoader.java:387)
	at java.lang.ClassLoader.loadClass(ClassLoader.java:418)
	at sun.misc.Launcher$AppClassLoader.loadClass(Launcher.java:352)
	at java.lang.ClassLoader.loadClass(ClassLoader.java:351)
	... 37 more
2025-05-26 15:56:06,339 ERROR [main][SpringApplication.java:821] - Application run failed
java.lang.IllegalStateException: Error processing condition on org.springframework.boot.autoconfigure.context.PropertyPlaceholderAutoConfiguration.propertySourcesPlaceholderConfigurer
	at org.springframework.boot.autoconfigure.condition.SpringBootCondition.matches(SpringBootCondition.java:60)
	at org.springframework.context.annotation.ConditionEvaluator.shouldSkip(ConditionEvaluator.java:108)
	at org.springframework.context.annotation.ConfigurationClassBeanDefinitionReader.loadBeanDefinitionsForBeanMethod(ConfigurationClassBeanDefinitionReader.java:193)
	at org.springframework.context.annotation.ConfigurationClassBeanDefinitionReader.loadBeanDefinitionsForConfigurationClass(ConfigurationClassBeanDefinitionReader.java:153)
	at org.springframework.context.annotation.ConfigurationClassBeanDefinitionReader.loadBeanDefinitions(ConfigurationClassBeanDefinitionReader.java:129)
	at org.springframework.context.annotation.ConfigurationClassPostProcessor.processConfigBeanDefinitions(ConfigurationClassPostProcessor.java:343)
	at org.springframework.context.annotation.ConfigurationClassPostProcessor.postProcessBeanDefinitionRegistry(ConfigurationClassPostProcessor.java:247)
	at org.springframework.context.support.PostProcessorRegistrationDelegate.invokeBeanDefinitionRegistryPostProcessors(PostProcessorRegistrationDelegate.java:311)
	at org.springframework.context.support.PostProcessorRegistrationDelegate.invokeBeanFactoryPostProcessors(PostProcessorRegistrationDelegate.java:112)
	at org.springframework.context.support.AbstractApplicationContext.invokeBeanFactoryPostProcessors(AbstractApplicationContext.java:746)
	at org.springframework.context.support.AbstractApplicationContext.refresh(AbstractApplicationContext.java:564)
	at org.springframework.boot.web.servlet.context.ServletWebServerApplicationContext.refresh(ServletWebServerApplicationContext.java:147)
	at org.springframework.boot.SpringApplication.refresh(SpringApplication.java:731)
	at org.springframework.boot.SpringApplication.refreshContext(SpringApplication.java:408)
	at org.springframework.boot.SpringApplication.run(SpringApplication.java:307)
	at org.springframework.boot.SpringApplication.run(SpringApplication.java:1303)
	at org.springframework.boot.SpringApplication.run(SpringApplication.java:1292)
	at com.learningonline.media.LearningOnlineMediaApiApplication.main(LearningOnlineMediaApiApplication.java:14)
Caused by: java.lang.IllegalStateException: Failed to introspect Class [com.learningonline.media.config.XxlJobConfig] from ClassLoader [sun.misc.Launcher$AppClassLoader@18b4aac2]
	at org.springframework.util.ReflectionUtils.getDeclaredMethods(ReflectionUtils.java:485)
	at org.springframework.util.ReflectionUtils.doWithMethods(ReflectionUtils.java:361)
	at org.springframework.util.ReflectionUtils.getUniqueDeclaredMethods(ReflectionUtils.java:418)
	at org.springframework.beans.factory.support.AbstractAutowireCapableBeanFactory.lambda$getTypeForFactoryMethod$2(AbstractAutowireCapableBeanFactory.java:765)
	at java.util.concurrent.ConcurrentHashMap.computeIfAbsent(ConcurrentHashMap.java:1660)
	at org.springframework.beans.factory.support.AbstractAutowireCapableBeanFactory.getTypeForFactoryMethod(AbstractAutowireCapableBeanFactory.java:764)
	at org.springframework.beans.factory.support.AbstractAutowireCapableBeanFactory.determineTargetType(AbstractAutowireCapableBeanFactory.java:703)
	at org.springframework.beans.factory.support.AbstractAutowireCapableBeanFactory.predictBeanType(AbstractAutowireCapableBeanFactory.java:674)
	at org.springframework.beans.factory.support.AbstractBeanFactory.isFactoryBean(AbstractBeanFactory.java:1684)
	at org.springframework.beans.factory.support.DefaultListableBeanFactory.doGetBeanNamesForType(DefaultListableBeanFactory.java:570)
	at org.springframework.beans.factory.support.DefaultListableBeanFactory.getBeanNamesForType(DefaultListableBeanFactory.java:542)
	at org.springframework.boot.autoconfigure.condition.OnBeanCondition.collectBeanNamesForType(OnBeanCondition.java:250)
	at org.springframework.boot.autoconfigure.condition.OnBeanCondition.getBeanNamesForType(OnBeanCondition.java:243)
	at org.springframework.boot.autoconfigure.condition.OnBeanCondition.getBeanNamesForType(OnBeanCondition.java:233)
	at org.springframework.boot.autoconfigure.condition.OnBeanCondition.getMatchingBeans(OnBeanCondition.java:181)
	at org.springframework.boot.autoconfigure.condition.OnBeanCondition.getMatchOutcome(OnBeanCondition.java:156)
	at org.springframework.boot.autoconfigure.condition.SpringBootCondition.matches(SpringBootCondition.java:47)
	... 17 more
Caused by: java.lang.NoClassDefFoundError: com/xxl/job/core/executor/impl/XxlJobSpringExecutor
	at java.lang.Class.getDeclaredMethods0(Native Method)
	at java.lang.Class.privateGetDeclaredMethods(Class.java:2729)
	at java.lang.Class.getDeclaredMethods(Class.java:2003)
	at org.springframework.util.ReflectionUtils.getDeclaredMethods(ReflectionUtils.java:467)
	... 33 more
Caused by: java.lang.ClassNotFoundException: com.xxl.job.core.executor.impl.XxlJobSpringExecutor
	at java.net.URLClassLoader.findClass(URLClassLoader.java:387)
	at java.lang.ClassLoader.loadClass(ClassLoader.java:418)
	at sun.misc.Launcher$AppClassLoader.loadClass(Launcher.java:352)
	at java.lang.ClassLoader.loadClass(ClassLoader.java:351)
	... 37 more
2025-05-26 15:56:06,349 WARN [main][SpringApplication.java:793] - Unable to close ApplicationContext
java.lang.IllegalStateException: Failed to introspect Class [com.learningonline.media.config.XxlJobConfig] from ClassLoader [sun.misc.Launcher$AppClassLoader@18b4aac2]
	at org.springframework.util.ReflectionUtils.getDeclaredMethods(ReflectionUtils.java:485)
	at org.springframework.util.ReflectionUtils.doWithMethods(ReflectionUtils.java:361)
	at org.springframework.util.ReflectionUtils.getUniqueDeclaredMethods(ReflectionUtils.java:418)
	at org.springframework.beans.factory.support.AbstractAutowireCapableBeanFactory.lambda$getTypeForFactoryMethod$2(AbstractAutowireCapableBeanFactory.java:765)
	at java.util.concurrent.ConcurrentHashMap.computeIfAbsent(ConcurrentHashMap.java:1660)
	at org.springframework.beans.factory.support.AbstractAutowireCapableBeanFactory.getTypeForFactoryMethod(AbstractAutowireCapableBeanFactory.java:764)
	at org.springframework.beans.factory.support.AbstractAutowireCapableBeanFactory.determineTargetType(AbstractAutowireCapableBeanFactory.java:703)
	at org.springframework.beans.factory.support.AbstractAutowireCapableBeanFactory.predictBeanType(AbstractAutowireCapableBeanFactory.java:674)
	at org.springframework.beans.factory.support.AbstractBeanFactory.isFactoryBean(AbstractBeanFactory.java:1684)
	at org.springframework.beans.factory.support.DefaultListableBeanFactory.doGetBeanNamesForType(DefaultListableBeanFactory.java:570)
	at org.springframework.beans.factory.support.DefaultListableBeanFactory.getBeanNamesForType(DefaultListableBeanFactory.java:542)
	at org.springframework.beans.factory.support.DefaultListableBeanFactory.getBeansOfType(DefaultListableBeanFactory.java:669)
	at org.springframework.beans.factory.support.DefaultListableBeanFactory.getBeansOfType(DefaultListableBeanFactory.java:661)
	at org.springframework.context.support.AbstractApplicationContext.getBeansOfType(AbstractApplicationContext.java:1300)
	at org.springframework.boot.SpringApplication.getExitCodeFromMappedException(SpringApplication.java:864)
	at org.springframework.boot.SpringApplication.getExitCodeFromException(SpringApplication.java:852)
	at org.springframework.boot.SpringApplication.handleExitCode(SpringApplication.java:839)
	at org.springframework.boot.SpringApplication.handleRunFailure(SpringApplication.java:779)
	at org.springframework.boot.SpringApplication.run(SpringApplication.java:317)
	at org.springframework.boot.SpringApplication.run(SpringApplication.java:1303)
	at org.springframework.boot.SpringApplication.run(SpringApplication.java:1292)
	at com.learningonline.media.LearningOnlineMediaApiApplication.main(LearningOnlineMediaApiApplication.java:14)
Caused by: java.lang.NoClassDefFoundError: com/xxl/job/core/executor/impl/XxlJobSpringExecutor
	at java.lang.Class.getDeclaredMethods0(Native Method)
	at java.lang.Class.privateGetDeclaredMethods(Class.java:2729)
	at java.lang.Class.getDeclaredMethods(Class.java:2003)
	at org.springframework.util.ReflectionUtils.getDeclaredMethods(ReflectionUtils.java:467)
	... 21 more
Caused by: java.lang.ClassNotFoundException: com.xxl.job.core.executor.impl.XxlJobSpringExecutor
	at java.net.URLClassLoader.findClass(URLClassLoader.java:387)
	at java.lang.ClassLoader.loadClass(ClassLoader.java:418)
	at sun.misc.Launcher$AppClassLoader.loadClass(Launcher.java:352)
	at java.lang.ClassLoader.loadClass(ClassLoader.java:351)
	... 25 more
2025-05-26 15:56:06,349 WARN [main][SpringApplication.java:793] - Unable to close ApplicationContext
java.lang.IllegalStateException: Failed to introspect Class [com.learningonline.media.config.XxlJobConfig] from ClassLoader [sun.misc.Launcher$AppClassLoader@18b4aac2]
	at org.springframework.util.ReflectionUtils.getDeclaredMethods(ReflectionUtils.java:485)
	at org.springframework.util.ReflectionUtils.doWithMethods(ReflectionUtils.java:361)
	at org.springframework.util.ReflectionUtils.getUniqueDeclaredMethods(ReflectionUtils.java:418)
	at org.springframework.beans.factory.support.AbstractAutowireCapableBeanFactory.lambda$getTypeForFactoryMethod$2(AbstractAutowireCapableBeanFactory.java:765)
	at java.util.concurrent.ConcurrentHashMap.computeIfAbsent(ConcurrentHashMap.java:1660)
	at org.springframework.beans.factory.support.AbstractAutowireCapableBeanFactory.getTypeForFactoryMethod(AbstractAutowireCapableBeanFactory.java:764)
	at org.springframework.beans.factory.support.AbstractAutowireCapableBeanFactory.determineTargetType(AbstractAutowireCapableBeanFactory.java:703)
	at org.springframework.beans.factory.support.AbstractAutowireCapableBeanFactory.predictBeanType(AbstractAutowireCapableBeanFactory.java:674)
	at org.springframework.beans.factory.support.AbstractBeanFactory.isFactoryBean(AbstractBeanFactory.java:1684)
	at org.springframework.beans.factory.support.DefaultListableBeanFactory.doGetBeanNamesForType(DefaultListableBeanFactory.java:570)
	at org.springframework.beans.factory.support.DefaultListableBeanFactory.getBeanNamesForType(DefaultListableBeanFactory.java:542)
	at org.springframework.beans.factory.support.DefaultListableBeanFactory.getBeansOfType(DefaultListableBeanFactory.java:669)
	at org.springframework.beans.factory.support.DefaultListableBeanFactory.getBeansOfType(DefaultListableBeanFactory.java:661)
	at org.springframework.context.support.AbstractApplicationContext.getBeansOfType(AbstractApplicationContext.java:1300)
	at org.springframework.boot.SpringApplication.getExitCodeFromMappedException(SpringApplication.java:864)
	at org.springframework.boot.SpringApplication.getExitCodeFromException(SpringApplication.java:852)
	at org.springframework.boot.SpringApplication.handleExitCode(SpringApplication.java:839)
	at org.springframework.boot.SpringApplication.handleRunFailure(SpringApplication.java:779)
	at org.springframework.boot.SpringApplication.run(SpringApplication.java:317)
	at org.springframework.boot.SpringApplication.run(SpringApplication.java:1303)
	at org.springframework.boot.SpringApplication.run(SpringApplication.java:1292)
	at com.learningonline.media.LearningOnlineMediaApiApplication.main(LearningOnlineMediaApiApplication.java:14)
Caused by: java.lang.NoClassDefFoundError: com/xxl/job/core/executor/impl/XxlJobSpringExecutor
	at java.lang.Class.getDeclaredMethods0(Native Method)
	at java.lang.Class.privateGetDeclaredMethods(Class.java:2729)
	at java.lang.Class.getDeclaredMethods(Class.java:2003)
	at org.springframework.util.ReflectionUtils.getDeclaredMethods(ReflectionUtils.java:467)
	... 21 more
Caused by: java.lang.ClassNotFoundException: com.xxl.job.core.executor.impl.XxlJobSpringExecutor
	at java.net.URLClassLoader.findClass(URLClassLoader.java:387)
	at java.lang.ClassLoader.loadClass(ClassLoader.java:418)
	at sun.misc.Launcher$AppClassLoader.loadClass(Launcher.java:352)
	at java.lang.ClassLoader.loadClass(ClassLoader.java:351)
	... 25 more
2025-05-26 15:56:06,350 WARN [Thread-10][NotifyCenter.java:136] - [NotifyCenter] Start destroying Publisher
2025-05-26 15:56:06,350 WARN [Thread-10][NotifyCenter.java:136] - [NotifyCenter] Start destroying Publisher
2025-05-26 15:56:06,350 WARN [Thread-4][HttpClientBeanHolder.java:102] - [HttpClientBeanHolder] Start destroying common HttpClient
2025-05-26 15:56:06,350 WARN [Thread-4][HttpClientBeanHolder.java:102] - [HttpClientBeanHolder] Start destroying common HttpClient
2025-05-26 15:56:06,350 WARN [Thread-10][NotifyCenter.java:153] - [NotifyCenter] Destruction of the end
2025-05-26 15:56:06,350 WARN [Thread-10][NotifyCenter.java:153] - [NotifyCenter] Destruction of the end
2025-05-26 15:56:06,350 WARN [Thread-4][HttpClientBeanHolder.java:111] - [HttpClientBeanHolder] Destruction of the end
2025-05-26 15:56:06,350 WARN [Thread-4][HttpClientBeanHolder.java:111] - [HttpClientBeanHolder] Destruction of the end
