2025-05-12 18:00:17,138 DEBUG [HikariPool-1 housekeeper][HikariPool.java:421] - HikariPool-1 - Pool stats (total=10, active=0, idle=10, waiting=0)
2025-05-12 18:00:17,138 DEBUG [HikariPool-1 housekeeper][HikariPool.java:421] - HikariPool-1 - Pool stats (total=10, active=0, idle=10, waiting=0)
2025-05-12 18:00:17,138 DEBUG [HikariPool-1 housekeeper][HikariPool.java:518] - HikariPool-1 - Fill pool skipped, pool is at sufficient level.
2025-05-12 18:00:17,138 DEBUG [HikariPool-1 housekeeper][HikariPool.java:518] - HikariPool-1 - Fill pool skipped, pool is at sufficient level.
2025-05-12 18:00:39,934 DEBUG [HikariPool-1 housekeeper][HikariPool.java:421] - HikariPool-1 - Pool stats (total=10, active=0, idle=10, waiting=0)
2025-05-12 18:00:39,934 DEBUG [HikariPool-1 housekeeper][HikariPool.java:421] - HikariPool-1 - Pool stats (total=10, active=0, idle=10, waiting=0)
2025-05-12 18:00:39,934 DEBUG [HikariPool-1 housekeeper][HikariPool.java:518] - HikariPool-1 - Fill pool skipped, pool is at sufficient level.
2025-05-12 18:00:39,934 DEBUG [HikariPool-1 housekeeper][HikariPool.java:518] - HikariPool-1 - Fill pool skipped, pool is at sufficient level.
2025-05-12 18:00:47,145 DEBUG [HikariPool-1 housekeeper][HikariPool.java:421] - HikariPool-1 - Pool stats (total=10, active=0, idle=10, waiting=0)
2025-05-12 18:00:47,145 DEBUG [HikariPool-1 housekeeper][HikariPool.java:421] - HikariPool-1 - Pool stats (total=10, active=0, idle=10, waiting=0)
2025-05-12 18:00:47,145 DEBUG [HikariPool-1 housekeeper][HikariPool.java:518] - HikariPool-1 - Fill pool skipped, pool is at sufficient level.
2025-05-12 18:00:47,145 DEBUG [HikariPool-1 housekeeper][HikariPool.java:518] - HikariPool-1 - Fill pool skipped, pool is at sufficient level.
2025-05-12 18:01:09,942 DEBUG [HikariPool-1 housekeeper][HikariPool.java:421] - HikariPool-1 - Pool stats (total=10, active=0, idle=10, waiting=0)
2025-05-12 18:01:09,942 DEBUG [HikariPool-1 housekeeper][HikariPool.java:421] - HikariPool-1 - Pool stats (total=10, active=0, idle=10, waiting=0)
2025-05-12 18:01:09,942 DEBUG [HikariPool-1 housekeeper][HikariPool.java:518] - HikariPool-1 - Fill pool skipped, pool is at sufficient level.
2025-05-12 18:01:09,942 DEBUG [HikariPool-1 housekeeper][HikariPool.java:518] - HikariPool-1 - Fill pool skipped, pool is at sufficient level.
2025-05-12 18:01:17,154 DEBUG [HikariPool-1 housekeeper][HikariPool.java:421] - HikariPool-1 - Pool stats (total=10, active=0, idle=10, waiting=0)
2025-05-12 18:01:17,154 DEBUG [HikariPool-1 housekeeper][HikariPool.java:421] - HikariPool-1 - Pool stats (total=10, active=0, idle=10, waiting=0)
2025-05-12 18:01:17,154 DEBUG [HikariPool-1 housekeeper][HikariPool.java:518] - HikariPool-1 - Fill pool skipped, pool is at sufficient level.
2025-05-12 18:01:17,154 DEBUG [HikariPool-1 housekeeper][HikariPool.java:518] - HikariPool-1 - Fill pool skipped, pool is at sufficient level.
2025-05-12 18:01:39,946 DEBUG [HikariPool-1 housekeeper][HikariPool.java:421] - HikariPool-1 - Pool stats (total=10, active=0, idle=10, waiting=0)
2025-05-12 18:01:39,946 DEBUG [HikariPool-1 housekeeper][HikariPool.java:421] - HikariPool-1 - Pool stats (total=10, active=0, idle=10, waiting=0)
2025-05-12 18:01:39,946 DEBUG [HikariPool-1 housekeeper][HikariPool.java:518] - HikariPool-1 - Fill pool skipped, pool is at sufficient level.
2025-05-12 18:01:39,946 DEBUG [HikariPool-1 housekeeper][HikariPool.java:518] - HikariPool-1 - Fill pool skipped, pool is at sufficient level.
2025-05-12 18:01:47,169 DEBUG [HikariPool-1 housekeeper][HikariPool.java:421] - HikariPool-1 - Pool stats (total=10, active=0, idle=10, waiting=0)
2025-05-12 18:01:47,169 DEBUG [HikariPool-1 housekeeper][HikariPool.java:421] - HikariPool-1 - Pool stats (total=10, active=0, idle=10, waiting=0)
2025-05-12 18:01:47,169 DEBUG [HikariPool-1 housekeeper][HikariPool.java:518] - HikariPool-1 - Fill pool skipped, pool is at sufficient level.
2025-05-12 18:01:47,169 DEBUG [HikariPool-1 housekeeper][HikariPool.java:518] - HikariPool-1 - Fill pool skipped, pool is at sufficient level.
2025-05-12 18:02:09,957 DEBUG [HikariPool-1 housekeeper][HikariPool.java:421] - HikariPool-1 - Pool stats (total=10, active=0, idle=10, waiting=0)
2025-05-12 18:02:09,957 DEBUG [HikariPool-1 housekeeper][HikariPool.java:421] - HikariPool-1 - Pool stats (total=10, active=0, idle=10, waiting=0)
2025-05-12 18:02:09,957 DEBUG [HikariPool-1 housekeeper][HikariPool.java:518] - HikariPool-1 - Fill pool skipped, pool is at sufficient level.
2025-05-12 18:02:09,957 DEBUG [HikariPool-1 housekeeper][HikariPool.java:518] - HikariPool-1 - Fill pool skipped, pool is at sufficient level.
2025-05-12 18:02:17,172 DEBUG [HikariPool-1 housekeeper][HikariPool.java:421] - HikariPool-1 - Pool stats (total=10, active=0, idle=10, waiting=0)
2025-05-12 18:02:17,172 DEBUG [HikariPool-1 housekeeper][HikariPool.java:421] - HikariPool-1 - Pool stats (total=10, active=0, idle=10, waiting=0)
2025-05-12 18:02:17,172 DEBUG [HikariPool-1 housekeeper][HikariPool.java:518] - HikariPool-1 - Fill pool skipped, pool is at sufficient level.
2025-05-12 18:02:17,172 DEBUG [HikariPool-1 housekeeper][HikariPool.java:518] - HikariPool-1 - Fill pool skipped, pool is at sufficient level.
2025-05-12 18:02:39,960 DEBUG [HikariPool-1 housekeeper][HikariPool.java:421] - HikariPool-1 - Pool stats (total=10, active=0, idle=10, waiting=0)
2025-05-12 18:02:39,960 DEBUG [HikariPool-1 housekeeper][HikariPool.java:421] - HikariPool-1 - Pool stats (total=10, active=0, idle=10, waiting=0)
2025-05-12 18:02:39,960 DEBUG [HikariPool-1 housekeeper][HikariPool.java:518] - HikariPool-1 - Fill pool skipped, pool is at sufficient level.
2025-05-12 18:02:39,960 DEBUG [HikariPool-1 housekeeper][HikariPool.java:518] - HikariPool-1 - Fill pool skipped, pool is at sufficient level.
2025-05-12 18:02:47,178 DEBUG [HikariPool-1 housekeeper][HikariPool.java:421] - HikariPool-1 - Pool stats (total=10, active=0, idle=10, waiting=0)
2025-05-12 18:02:47,178 DEBUG [HikariPool-1 housekeeper][HikariPool.java:421] - HikariPool-1 - Pool stats (total=10, active=0, idle=10, waiting=0)
2025-05-12 18:02:47,178 DEBUG [HikariPool-1 housekeeper][HikariPool.java:518] - HikariPool-1 - Fill pool skipped, pool is at sufficient level.
2025-05-12 18:02:47,178 DEBUG [HikariPool-1 housekeeper][HikariPool.java:518] - HikariPool-1 - Fill pool skipped, pool is at sufficient level.
2025-05-12 18:03:09,974 DEBUG [HikariPool-1 housekeeper][HikariPool.java:421] - HikariPool-1 - Pool stats (total=10, active=0, idle=10, waiting=0)
2025-05-12 18:03:09,974 DEBUG [HikariPool-1 housekeeper][HikariPool.java:421] - HikariPool-1 - Pool stats (total=10, active=0, idle=10, waiting=0)
2025-05-12 18:03:09,974 DEBUG [HikariPool-1 housekeeper][HikariPool.java:518] - HikariPool-1 - Fill pool skipped, pool is at sufficient level.
2025-05-12 18:03:09,974 DEBUG [HikariPool-1 housekeeper][HikariPool.java:518] - HikariPool-1 - Fill pool skipped, pool is at sufficient level.
2025-05-12 18:03:17,193 DEBUG [HikariPool-1 housekeeper][HikariPool.java:421] - HikariPool-1 - Pool stats (total=10, active=0, idle=10, waiting=0)
2025-05-12 18:03:17,193 DEBUG [HikariPool-1 housekeeper][HikariPool.java:421] - HikariPool-1 - Pool stats (total=10, active=0, idle=10, waiting=0)
2025-05-12 18:03:17,193 DEBUG [HikariPool-1 housekeeper][HikariPool.java:518] - HikariPool-1 - Fill pool skipped, pool is at sufficient level.
2025-05-12 18:03:17,193 DEBUG [HikariPool-1 housekeeper][HikariPool.java:518] - HikariPool-1 - Fill pool skipped, pool is at sufficient level.
2025-05-12 18:03:39,976 DEBUG [HikariPool-1 housekeeper][HikariPool.java:421] - HikariPool-1 - Pool stats (total=10, active=0, idle=10, waiting=0)
2025-05-12 18:03:39,976 DEBUG [HikariPool-1 housekeeper][HikariPool.java:421] - HikariPool-1 - Pool stats (total=10, active=0, idle=10, waiting=0)
2025-05-12 18:03:39,976 DEBUG [HikariPool-1 housekeeper][HikariPool.java:518] - HikariPool-1 - Fill pool skipped, pool is at sufficient level.
2025-05-12 18:03:39,976 DEBUG [HikariPool-1 housekeeper][HikariPool.java:518] - HikariPool-1 - Fill pool skipped, pool is at sufficient level.
2025-05-12 18:03:47,197 DEBUG [HikariPool-1 housekeeper][HikariPool.java:421] - HikariPool-1 - Pool stats (total=10, active=0, idle=10, waiting=0)
2025-05-12 18:03:47,197 DEBUG [HikariPool-1 housekeeper][HikariPool.java:421] - HikariPool-1 - Pool stats (total=10, active=0, idle=10, waiting=0)
2025-05-12 18:03:47,197 DEBUG [HikariPool-1 housekeeper][HikariPool.java:518] - HikariPool-1 - Fill pool skipped, pool is at sufficient level.
2025-05-12 18:03:47,197 DEBUG [HikariPool-1 housekeeper][HikariPool.java:518] - HikariPool-1 - Fill pool skipped, pool is at sufficient level.
2025-05-12 18:03:57,802 INFO [SpringApplicationShutdownHook][HikariDataSource.java:350] - HikariPool-1 - Shutdown initiated...
2025-05-12 18:03:57,802 INFO [SpringApplicationShutdownHook][HikariDataSource.java:350] - HikariPool-1 - Shutdown initiated...
2025-05-12 18:03:57,802 DEBUG [SpringApplicationShutdownHook][HikariPool.java:421] - HikariPool-1 - Before shutdown stats (total=10, active=0, idle=10, waiting=0)
2025-05-12 18:03:57,802 DEBUG [SpringApplicationShutdownHook][HikariPool.java:421] - HikariPool-1 - Before shutdown stats (total=10, active=0, idle=10, waiting=0)
2025-05-12 18:03:57,802 DEBUG [HikariPool-1 connection closer][PoolBase.java:134] - HikariPool-1 - Closing connection com.mysql.cj.jdbc.ConnectionImpl@6656536e: (connection evicted)
2025-05-12 18:03:57,802 DEBUG [HikariPool-1 connection closer][PoolBase.java:134] - HikariPool-1 - Closing connection com.mysql.cj.jdbc.ConnectionImpl@6656536e: (connection evicted)
2025-05-12 18:03:57,802 DEBUG [HikariPool-1 connection closer][PoolBase.java:134] - HikariPool-1 - Closing connection com.mysql.cj.jdbc.ConnectionImpl@2cf48d2f: (connection evicted)
2025-05-12 18:03:57,802 DEBUG [HikariPool-1 connection closer][PoolBase.java:134] - HikariPool-1 - Closing connection com.mysql.cj.jdbc.ConnectionImpl@2cf48d2f: (connection evicted)
2025-05-12 18:03:57,802 DEBUG [HikariPool-1 connection closer][PoolBase.java:134] - HikariPool-1 - Closing connection com.mysql.cj.jdbc.ConnectionImpl@58d5ee39: (connection evicted)
2025-05-12 18:03:57,802 DEBUG [HikariPool-1 connection closer][PoolBase.java:134] - HikariPool-1 - Closing connection com.mysql.cj.jdbc.ConnectionImpl@58d5ee39: (connection evicted)
2025-05-12 18:03:57,802 DEBUG [HikariPool-1 connection closer][PoolBase.java:134] - HikariPool-1 - Closing connection com.mysql.cj.jdbc.ConnectionImpl@686cc770: (connection evicted)
2025-05-12 18:03:57,802 DEBUG [HikariPool-1 connection closer][PoolBase.java:134] - HikariPool-1 - Closing connection com.mysql.cj.jdbc.ConnectionImpl@686cc770: (connection evicted)
2025-05-12 18:03:57,802 DEBUG [HikariPool-1 connection closer][PoolBase.java:134] - HikariPool-1 - Closing connection com.mysql.cj.jdbc.ConnectionImpl@d9704f2: (connection evicted)
2025-05-12 18:03:57,802 DEBUG [HikariPool-1 connection closer][PoolBase.java:134] - HikariPool-1 - Closing connection com.mysql.cj.jdbc.ConnectionImpl@d9704f2: (connection evicted)
2025-05-12 18:03:57,802 DEBUG [HikariPool-1 connection closer][PoolBase.java:134] - HikariPool-1 - Closing connection com.mysql.cj.jdbc.ConnectionImpl@cf0192e: (connection evicted)
2025-05-12 18:03:57,802 DEBUG [HikariPool-1 connection closer][PoolBase.java:134] - HikariPool-1 - Closing connection com.mysql.cj.jdbc.ConnectionImpl@cf0192e: (connection evicted)
2025-05-12 18:03:57,802 DEBUG [HikariPool-1 connection closer][PoolBase.java:134] - HikariPool-1 - Closing connection com.mysql.cj.jdbc.ConnectionImpl@11e6a54b: (connection evicted)
2025-05-12 18:03:57,802 DEBUG [HikariPool-1 connection closer][PoolBase.java:134] - HikariPool-1 - Closing connection com.mysql.cj.jdbc.ConnectionImpl@11e6a54b: (connection evicted)
2025-05-12 18:03:57,802 DEBUG [HikariPool-1 connection closer][PoolBase.java:134] - HikariPool-1 - Closing connection com.mysql.cj.jdbc.ConnectionImpl@7c974982: (connection evicted)
2025-05-12 18:03:57,802 DEBUG [HikariPool-1 connection closer][PoolBase.java:134] - HikariPool-1 - Closing connection com.mysql.cj.jdbc.ConnectionImpl@7c974982: (connection evicted)
2025-05-12 18:03:57,802 DEBUG [HikariPool-1 connection closer][PoolBase.java:134] - HikariPool-1 - Closing connection com.mysql.cj.jdbc.ConnectionImpl@573e62ac: (connection evicted)
2025-05-12 18:03:57,802 DEBUG [HikariPool-1 connection closer][PoolBase.java:134] - HikariPool-1 - Closing connection com.mysql.cj.jdbc.ConnectionImpl@573e62ac: (connection evicted)
2025-05-12 18:03:57,802 DEBUG [HikariPool-1 connection closer][PoolBase.java:134] - HikariPool-1 - Closing connection com.mysql.cj.jdbc.ConnectionImpl@3c5d73aa: (connection evicted)
2025-05-12 18:03:57,802 DEBUG [HikariPool-1 connection closer][PoolBase.java:134] - HikariPool-1 - Closing connection com.mysql.cj.jdbc.ConnectionImpl@3c5d73aa: (connection evicted)
2025-05-12 18:03:57,802 DEBUG [SpringApplicationShutdownHook][HikariPool.java:421] - HikariPool-1 - After shutdown stats (total=0, active=0, idle=0, waiting=0)
2025-05-12 18:03:57,802 DEBUG [SpringApplicationShutdownHook][HikariPool.java:421] - HikariPool-1 - After shutdown stats (total=0, active=0, idle=0, waiting=0)
2025-05-12 18:03:57,802 INFO [SpringApplicationShutdownHook][HikariDataSource.java:352] - HikariPool-1 - Shutdown completed.
2025-05-12 18:03:57,802 INFO [SpringApplicationShutdownHook][HikariDataSource.java:352] - HikariPool-1 - Shutdown completed.
