2025-05-12 14:00:00,865 DEBUG [HikariPool-1 connection closer][PoolBase.java:134] - HikariPool-1 - Closing connection com.mysql.cj.jdbc.ConnectionImpl@45e9f9da: (connection has passed maxLifetime)
2025-05-12 14:00:00,865 DEBUG [HikariPool-1 connection adder][HikariPool.java:729] - HikariPool-1 - Added connection com.mysql.cj.jdbc.ConnectionImpl@7d7a979d
2025-05-12 14:00:00,865 DEBUG [HikariPool-1 connection closer][PoolBase.java:134] - HikariPool-1 - Closing connection com.mysql.cj.jdbc.ConnectionImpl@45e9f9da: (connection has passed maxLifetime)
2025-05-12 14:00:00,870 DEBUG [HikariPool-1 connection adder][HikariPool.java:729] - HikariPool-1 - Added connection com.mysql.cj.jdbc.ConnectionImpl@7d7a979d
2025-05-12 14:00:00,881 DEBUG [HikariPool-1 connection closer][HikariPool.java:518] - HikariPool-1 - Fill pool skipped, pool is at sufficient level.
2025-05-12 14:00:00,881 DEBUG [HikariPool-1 connection closer][HikariPool.java:518] - HikariPool-1 - Fill pool skipped, pool is at sufficient level.
2025-05-12 14:00:02,653 DEBUG [HikariPool-1 connection closer][PoolBase.java:134] - HikariPool-1 - Closing connection com.mysql.cj.jdbc.ConnectionImpl@621f4a93: (connection has passed maxLifetime)
2025-05-12 14:00:02,653 DEBUG [HikariPool-1 connection closer][PoolBase.java:134] - HikariPool-1 - Closing connection com.mysql.cj.jdbc.ConnectionImpl@621f4a93: (connection has passed maxLifetime)
2025-05-12 14:00:02,660 DEBUG [HikariPool-1 connection adder][HikariPool.java:729] - HikariPool-1 - Added connection com.mysql.cj.jdbc.ConnectionImpl@3c479da6
2025-05-12 14:00:02,660 DEBUG [HikariPool-1 connection adder][HikariPool.java:729] - HikariPool-1 - Added connection com.mysql.cj.jdbc.ConnectionImpl@3c479da6
2025-05-12 14:00:09,067 DEBUG [HikariPool-1 connection closer][PoolBase.java:134] - HikariPool-1 - Closing connection com.mysql.cj.jdbc.ConnectionImpl@16700f8: (connection has passed maxLifetime)
2025-05-12 14:00:09,067 DEBUG [HikariPool-1 connection closer][PoolBase.java:134] - HikariPool-1 - Closing connection com.mysql.cj.jdbc.ConnectionImpl@16700f8: (connection has passed maxLifetime)
2025-05-12 14:00:09,067 DEBUG [HikariPool-1 connection adder][HikariPool.java:729] - HikariPool-1 - Added connection com.mysql.cj.jdbc.ConnectionImpl@6f1d4a14
2025-05-12 14:00:09,067 DEBUG [HikariPool-1 connection adder][HikariPool.java:729] - HikariPool-1 - Added connection com.mysql.cj.jdbc.ConnectionImpl@6f1d4a14
2025-05-12 14:00:10,459 DEBUG [HikariPool-1 connection closer][PoolBase.java:134] - HikariPool-1 - Closing connection com.mysql.cj.jdbc.ConnectionImpl@6f65863e: (connection has passed maxLifetime)
2025-05-12 14:00:10,459 DEBUG [HikariPool-1 connection closer][PoolBase.java:134] - HikariPool-1 - Closing connection com.mysql.cj.jdbc.ConnectionImpl@6f65863e: (connection has passed maxLifetime)
2025-05-12 14:00:10,459 DEBUG [HikariPool-1 connection adder][HikariPool.java:729] - HikariPool-1 - Added connection com.mysql.cj.jdbc.ConnectionImpl@5e384757
2025-05-12 14:00:10,459 DEBUG [HikariPool-1 connection adder][HikariPool.java:729] - HikariPool-1 - Added connection com.mysql.cj.jdbc.ConnectionImpl@5e384757
2025-05-12 14:00:12,986 DEBUG [HikariPool-1 housekeeper][HikariPool.java:421] - HikariPool-1 - Pool stats (total=10, active=0, idle=10, waiting=0)
2025-05-12 14:00:12,986 DEBUG [HikariPool-1 housekeeper][HikariPool.java:421] - HikariPool-1 - Pool stats (total=10, active=0, idle=10, waiting=0)
2025-05-12 14:00:12,986 DEBUG [HikariPool-1 housekeeper][HikariPool.java:518] - HikariPool-1 - Fill pool skipped, pool is at sufficient level.
2025-05-12 14:00:12,986 DEBUG [HikariPool-1 housekeeper][HikariPool.java:518] - HikariPool-1 - Fill pool skipped, pool is at sufficient level.
2025-05-12 14:00:19,467 DEBUG [HikariPool-1 connection closer][PoolBase.java:134] - HikariPool-1 - Closing connection com.mysql.cj.jdbc.ConnectionImpl@3d8f69cf: (connection has passed maxLifetime)
2025-05-12 14:00:19,467 DEBUG [HikariPool-1 connection closer][PoolBase.java:134] - HikariPool-1 - Closing connection com.mysql.cj.jdbc.ConnectionImpl@3d8f69cf: (connection has passed maxLifetime)
2025-05-12 14:00:19,467 DEBUG [HikariPool-1 connection adder][HikariPool.java:729] - HikariPool-1 - Added connection com.mysql.cj.jdbc.ConnectionImpl@24406a85
2025-05-12 14:00:19,467 DEBUG [HikariPool-1 connection adder][HikariPool.java:729] - HikariPool-1 - Added connection com.mysql.cj.jdbc.ConnectionImpl@24406a85
2025-05-12 14:00:19,610 DEBUG [HikariPool-1 connection closer][PoolBase.java:134] - HikariPool-1 - Closing connection com.mysql.cj.jdbc.ConnectionImpl@33d05d7d: (connection has passed maxLifetime)
2025-05-12 14:00:19,610 DEBUG [HikariPool-1 connection closer][PoolBase.java:134] - HikariPool-1 - Closing connection com.mysql.cj.jdbc.ConnectionImpl@33d05d7d: (connection has passed maxLifetime)
2025-05-12 14:00:19,610 DEBUG [HikariPool-1 connection adder][HikariPool.java:729] - HikariPool-1 - Added connection com.mysql.cj.jdbc.ConnectionImpl@657d60be
2025-05-12 14:00:19,610 DEBUG [HikariPool-1 connection adder][HikariPool.java:729] - HikariPool-1 - Added connection com.mysql.cj.jdbc.ConnectionImpl@657d60be
2025-05-12 14:00:21,444 DEBUG [HikariPool-1 connection closer][PoolBase.java:134] - HikariPool-1 - Closing connection com.mysql.cj.jdbc.ConnectionImpl@53b7c8c3: (connection has passed maxLifetime)
2025-05-12 14:00:21,444 DEBUG [HikariPool-1 connection closer][PoolBase.java:134] - HikariPool-1 - Closing connection com.mysql.cj.jdbc.ConnectionImpl@53b7c8c3: (connection has passed maxLifetime)
2025-05-12 14:00:21,444 DEBUG [HikariPool-1 connection adder][HikariPool.java:729] - HikariPool-1 - Added connection com.mysql.cj.jdbc.ConnectionImpl@545207b6
2025-05-12 14:00:21,444 DEBUG [HikariPool-1 connection adder][HikariPool.java:729] - HikariPool-1 - Added connection com.mysql.cj.jdbc.ConnectionImpl@545207b6
2025-05-12 14:00:23,616 DEBUG [HikariPool-1 connection closer][PoolBase.java:134] - HikariPool-1 - Closing connection com.mysql.cj.jdbc.ConnectionImpl@49a95afa: (connection has passed maxLifetime)
2025-05-12 14:00:23,616 DEBUG [HikariPool-1 connection closer][PoolBase.java:134] - HikariPool-1 - Closing connection com.mysql.cj.jdbc.ConnectionImpl@49a95afa: (connection has passed maxLifetime)
2025-05-12 14:00:23,616 DEBUG [HikariPool-1 connection adder][HikariPool.java:729] - HikariPool-1 - Added connection com.mysql.cj.jdbc.ConnectionImpl@5529ff1
2025-05-12 14:00:23,616 DEBUG [HikariPool-1 connection adder][HikariPool.java:729] - HikariPool-1 - Added connection com.mysql.cj.jdbc.ConnectionImpl@5529ff1
2025-05-12 14:00:29,291 DEBUG [HikariPool-1 connection closer][PoolBase.java:134] - HikariPool-1 - Closing connection com.mysql.cj.jdbc.ConnectionImpl@232240a8: (connection has passed maxLifetime)
2025-05-12 14:00:29,291 DEBUG [HikariPool-1 connection closer][PoolBase.java:134] - HikariPool-1 - Closing connection com.mysql.cj.jdbc.ConnectionImpl@232240a8: (connection has passed maxLifetime)
2025-05-12 14:00:29,291 DEBUG [HikariPool-1 connection adder][HikariPool.java:729] - HikariPool-1 - Added connection com.mysql.cj.jdbc.ConnectionImpl@23b6769d
2025-05-12 14:00:29,291 DEBUG [HikariPool-1 connection adder][HikariPool.java:729] - HikariPool-1 - Added connection com.mysql.cj.jdbc.ConnectionImpl@23b6769d
