2025-05-13 14:00:09,156 DEBUG [HikariPool-1 housekeeper][HikariPool.java:421] - HikariPool-1 - Pool stats (total=10, active=0, idle=10, waiting=0)
2025-05-13 14:00:09,156 DEBUG [HikariPool-1 housekeeper][HikariPool.java:421] - HikariPool-1 - Pool stats (total=10, active=0, idle=10, waiting=0)
2025-05-13 14:00:09,163 DEBUG [HikariPool-1 housekeeper][HikariPool.java:518] - HikariPool-1 - Fill pool skipped, pool is at sufficient level.
2025-05-13 14:00:09,163 DEBUG [HikariPool-1 housekeeper][HikariPool.java:518] - HikariPool-1 - Fill pool skipped, pool is at sufficient level.
2025-05-13 14:00:39,173 DEBUG [HikariPool-1 housekeeper][HikariPool.java:421] - HikariPool-1 - Pool stats (total=10, active=0, idle=10, waiting=0)
2025-05-13 14:00:39,173 DEBUG [HikariPool-1 housekeeper][HikariPool.java:421] - HikariPool-1 - Pool stats (total=10, active=0, idle=10, waiting=0)
2025-05-13 14:00:39,174 DEBUG [HikariPool-1 housekeeper][HikariPool.java:518] - HikariPool-1 - Fill pool skipped, pool is at sufficient level.
2025-05-13 14:00:39,174 DEBUG [HikariPool-1 housekeeper][HikariPool.java:518] - HikariPool-1 - Fill pool skipped, pool is at sufficient level.
2025-05-13 14:01:09,187 DEBUG [HikariPool-1 housekeeper][HikariPool.java:421] - HikariPool-1 - Pool stats (total=10, active=0, idle=10, waiting=0)
2025-05-13 14:01:09,187 DEBUG [HikariPool-1 housekeeper][HikariPool.java:421] - HikariPool-1 - Pool stats (total=10, active=0, idle=10, waiting=0)
2025-05-13 14:01:09,187 DEBUG [HikariPool-1 housekeeper][HikariPool.java:518] - HikariPool-1 - Fill pool skipped, pool is at sufficient level.
2025-05-13 14:01:09,187 DEBUG [HikariPool-1 housekeeper][HikariPool.java:518] - HikariPool-1 - Fill pool skipped, pool is at sufficient level.
2025-05-13 14:01:39,198 DEBUG [HikariPool-1 housekeeper][HikariPool.java:421] - HikariPool-1 - Pool stats (total=10, active=0, idle=10, waiting=0)
2025-05-13 14:01:39,198 DEBUG [HikariPool-1 housekeeper][HikariPool.java:421] - HikariPool-1 - Pool stats (total=10, active=0, idle=10, waiting=0)
2025-05-13 14:01:39,198 DEBUG [HikariPool-1 housekeeper][HikariPool.java:518] - HikariPool-1 - Fill pool skipped, pool is at sufficient level.
2025-05-13 14:01:39,198 DEBUG [HikariPool-1 housekeeper][HikariPool.java:518] - HikariPool-1 - Fill pool skipped, pool is at sufficient level.
2025-05-13 14:02:09,201 DEBUG [HikariPool-1 housekeeper][HikariPool.java:421] - HikariPool-1 - Pool stats (total=10, active=0, idle=10, waiting=0)
2025-05-13 14:02:09,201 DEBUG [HikariPool-1 housekeeper][HikariPool.java:421] - HikariPool-1 - Pool stats (total=10, active=0, idle=10, waiting=0)
2025-05-13 14:02:09,201 DEBUG [HikariPool-1 housekeeper][HikariPool.java:518] - HikariPool-1 - Fill pool skipped, pool is at sufficient level.
2025-05-13 14:02:09,201 DEBUG [HikariPool-1 housekeeper][HikariPool.java:518] - HikariPool-1 - Fill pool skipped, pool is at sufficient level.
2025-05-13 14:02:39,218 DEBUG [HikariPool-1 housekeeper][HikariPool.java:421] - HikariPool-1 - Pool stats (total=10, active=0, idle=10, waiting=0)
2025-05-13 14:02:39,218 DEBUG [HikariPool-1 housekeeper][HikariPool.java:421] - HikariPool-1 - Pool stats (total=10, active=0, idle=10, waiting=0)
2025-05-13 14:02:39,219 DEBUG [HikariPool-1 housekeeper][HikariPool.java:518] - HikariPool-1 - Fill pool skipped, pool is at sufficient level.
2025-05-13 14:02:39,219 DEBUG [HikariPool-1 housekeeper][HikariPool.java:518] - HikariPool-1 - Fill pool skipped, pool is at sufficient level.
2025-05-13 14:03:09,233 DEBUG [HikariPool-1 housekeeper][HikariPool.java:421] - HikariPool-1 - Pool stats (total=10, active=0, idle=10, waiting=0)
2025-05-13 14:03:09,233 DEBUG [HikariPool-1 housekeeper][HikariPool.java:421] - HikariPool-1 - Pool stats (total=10, active=0, idle=10, waiting=0)
2025-05-13 14:03:09,233 DEBUG [HikariPool-1 housekeeper][HikariPool.java:518] - HikariPool-1 - Fill pool skipped, pool is at sufficient level.
2025-05-13 14:03:09,233 DEBUG [HikariPool-1 housekeeper][HikariPool.java:518] - HikariPool-1 - Fill pool skipped, pool is at sufficient level.
2025-05-13 14:03:39,249 DEBUG [HikariPool-1 housekeeper][HikariPool.java:421] - HikariPool-1 - Pool stats (total=10, active=0, idle=10, waiting=0)
2025-05-13 14:03:39,249 DEBUG [HikariPool-1 housekeeper][HikariPool.java:421] - HikariPool-1 - Pool stats (total=10, active=0, idle=10, waiting=0)
2025-05-13 14:03:39,250 DEBUG [HikariPool-1 housekeeper][HikariPool.java:518] - HikariPool-1 - Fill pool skipped, pool is at sufficient level.
2025-05-13 14:03:39,250 DEBUG [HikariPool-1 housekeeper][HikariPool.java:518] - HikariPool-1 - Fill pool skipped, pool is at sufficient level.
2025-05-13 14:04:09,254 DEBUG [HikariPool-1 housekeeper][HikariPool.java:421] - HikariPool-1 - Pool stats (total=10, active=0, idle=10, waiting=0)
2025-05-13 14:04:09,254 DEBUG [HikariPool-1 housekeeper][HikariPool.java:421] - HikariPool-1 - Pool stats (total=10, active=0, idle=10, waiting=0)
2025-05-13 14:04:09,254 DEBUG [HikariPool-1 housekeeper][HikariPool.java:518] - HikariPool-1 - Fill pool skipped, pool is at sufficient level.
2025-05-13 14:04:09,254 DEBUG [HikariPool-1 housekeeper][HikariPool.java:518] - HikariPool-1 - Fill pool skipped, pool is at sufficient level.
2025-05-13 14:04:39,264 DEBUG [HikariPool-1 housekeeper][HikariPool.java:421] - HikariPool-1 - Pool stats (total=10, active=0, idle=10, waiting=0)
2025-05-13 14:04:39,264 DEBUG [HikariPool-1 housekeeper][HikariPool.java:421] - HikariPool-1 - Pool stats (total=10, active=0, idle=10, waiting=0)
2025-05-13 14:04:39,264 DEBUG [HikariPool-1 housekeeper][HikariPool.java:518] - HikariPool-1 - Fill pool skipped, pool is at sufficient level.
2025-05-13 14:04:39,264 DEBUG [HikariPool-1 housekeeper][HikariPool.java:518] - HikariPool-1 - Fill pool skipped, pool is at sufficient level.
2025-05-13 14:05:09,279 DEBUG [HikariPool-1 housekeeper][HikariPool.java:421] - HikariPool-1 - Pool stats (total=10, active=0, idle=10, waiting=0)
2025-05-13 14:05:09,279 DEBUG [HikariPool-1 housekeeper][HikariPool.java:421] - HikariPool-1 - Pool stats (total=10, active=0, idle=10, waiting=0)
2025-05-13 14:05:09,279 DEBUG [HikariPool-1 housekeeper][HikariPool.java:518] - HikariPool-1 - Fill pool skipped, pool is at sufficient level.
2025-05-13 14:05:09,279 DEBUG [HikariPool-1 housekeeper][HikariPool.java:518] - HikariPool-1 - Fill pool skipped, pool is at sufficient level.
2025-05-13 14:05:39,297 DEBUG [HikariPool-1 housekeeper][HikariPool.java:421] - HikariPool-1 - Pool stats (total=10, active=0, idle=10, waiting=0)
2025-05-13 14:05:39,297 DEBUG [HikariPool-1 housekeeper][HikariPool.java:421] - HikariPool-1 - Pool stats (total=10, active=0, idle=10, waiting=0)
2025-05-13 14:05:39,297 DEBUG [HikariPool-1 housekeeper][HikariPool.java:518] - HikariPool-1 - Fill pool skipped, pool is at sufficient level.
2025-05-13 14:05:39,297 DEBUG [HikariPool-1 housekeeper][HikariPool.java:518] - HikariPool-1 - Fill pool skipped, pool is at sufficient level.
2025-05-13 14:06:09,311 DEBUG [HikariPool-1 housekeeper][HikariPool.java:421] - HikariPool-1 - Pool stats (total=10, active=0, idle=10, waiting=0)
2025-05-13 14:06:09,311 DEBUG [HikariPool-1 housekeeper][HikariPool.java:421] - HikariPool-1 - Pool stats (total=10, active=0, idle=10, waiting=0)
2025-05-13 14:06:09,311 DEBUG [HikariPool-1 housekeeper][HikariPool.java:518] - HikariPool-1 - Fill pool skipped, pool is at sufficient level.
2025-05-13 14:06:09,311 DEBUG [HikariPool-1 housekeeper][HikariPool.java:518] - HikariPool-1 - Fill pool skipped, pool is at sufficient level.
2025-05-13 14:06:39,325 DEBUG [HikariPool-1 housekeeper][HikariPool.java:421] - HikariPool-1 - Pool stats (total=10, active=0, idle=10, waiting=0)
2025-05-13 14:06:39,325 DEBUG [HikariPool-1 housekeeper][HikariPool.java:421] - HikariPool-1 - Pool stats (total=10, active=0, idle=10, waiting=0)
2025-05-13 14:06:39,325 DEBUG [HikariPool-1 housekeeper][HikariPool.java:518] - HikariPool-1 - Fill pool skipped, pool is at sufficient level.
2025-05-13 14:06:39,325 DEBUG [HikariPool-1 housekeeper][HikariPool.java:518] - HikariPool-1 - Fill pool skipped, pool is at sufficient level.
2025-05-13 14:07:09,327 DEBUG [HikariPool-1 housekeeper][HikariPool.java:421] - HikariPool-1 - Pool stats (total=10, active=0, idle=10, waiting=0)
2025-05-13 14:07:09,327 DEBUG [HikariPool-1 housekeeper][HikariPool.java:421] - HikariPool-1 - Pool stats (total=10, active=0, idle=10, waiting=0)
2025-05-13 14:07:09,327 DEBUG [HikariPool-1 housekeeper][HikariPool.java:518] - HikariPool-1 - Fill pool skipped, pool is at sufficient level.
2025-05-13 14:07:09,327 DEBUG [HikariPool-1 housekeeper][HikariPool.java:518] - HikariPool-1 - Fill pool skipped, pool is at sufficient level.
2025-05-13 14:07:39,341 DEBUG [HikariPool-1 housekeeper][HikariPool.java:421] - HikariPool-1 - Pool stats (total=10, active=0, idle=10, waiting=0)
2025-05-13 14:07:39,341 DEBUG [HikariPool-1 housekeeper][HikariPool.java:421] - HikariPool-1 - Pool stats (total=10, active=0, idle=10, waiting=0)
2025-05-13 14:07:39,341 DEBUG [HikariPool-1 housekeeper][HikariPool.java:518] - HikariPool-1 - Fill pool skipped, pool is at sufficient level.
2025-05-13 14:07:39,341 DEBUG [HikariPool-1 housekeeper][HikariPool.java:518] - HikariPool-1 - Fill pool skipped, pool is at sufficient level.
2025-05-13 14:08:09,356 DEBUG [HikariPool-1 housekeeper][HikariPool.java:421] - HikariPool-1 - Pool stats (total=10, active=0, idle=10, waiting=0)
2025-05-13 14:08:09,356 DEBUG [HikariPool-1 housekeeper][HikariPool.java:421] - HikariPool-1 - Pool stats (total=10, active=0, idle=10, waiting=0)
2025-05-13 14:08:09,356 DEBUG [HikariPool-1 housekeeper][HikariPool.java:518] - HikariPool-1 - Fill pool skipped, pool is at sufficient level.
2025-05-13 14:08:09,356 DEBUG [HikariPool-1 housekeeper][HikariPool.java:518] - HikariPool-1 - Fill pool skipped, pool is at sufficient level.
2025-05-13 14:08:39,372 DEBUG [HikariPool-1 housekeeper][HikariPool.java:421] - HikariPool-1 - Pool stats (total=10, active=0, idle=10, waiting=0)
2025-05-13 14:08:39,372 DEBUG [HikariPool-1 housekeeper][HikariPool.java:421] - HikariPool-1 - Pool stats (total=10, active=0, idle=10, waiting=0)
2025-05-13 14:08:39,372 DEBUG [HikariPool-1 housekeeper][HikariPool.java:518] - HikariPool-1 - Fill pool skipped, pool is at sufficient level.
2025-05-13 14:08:39,372 DEBUG [HikariPool-1 housekeeper][HikariPool.java:518] - HikariPool-1 - Fill pool skipped, pool is at sufficient level.
2025-05-13 14:09:09,387 DEBUG [HikariPool-1 housekeeper][HikariPool.java:421] - HikariPool-1 - Pool stats (total=10, active=0, idle=10, waiting=0)
2025-05-13 14:09:09,387 DEBUG [HikariPool-1 housekeeper][HikariPool.java:421] - HikariPool-1 - Pool stats (total=10, active=0, idle=10, waiting=0)
2025-05-13 14:09:09,387 DEBUG [HikariPool-1 housekeeper][HikariPool.java:518] - HikariPool-1 - Fill pool skipped, pool is at sufficient level.
2025-05-13 14:09:09,387 DEBUG [HikariPool-1 housekeeper][HikariPool.java:518] - HikariPool-1 - Fill pool skipped, pool is at sufficient level.
2025-05-13 14:09:39,388 DEBUG [HikariPool-1 housekeeper][HikariPool.java:421] - HikariPool-1 - Pool stats (total=10, active=0, idle=10, waiting=0)
2025-05-13 14:09:39,388 DEBUG [HikariPool-1 housekeeper][HikariPool.java:421] - HikariPool-1 - Pool stats (total=10, active=0, idle=10, waiting=0)
2025-05-13 14:09:39,388 DEBUG [HikariPool-1 housekeeper][HikariPool.java:518] - HikariPool-1 - Fill pool skipped, pool is at sufficient level.
2025-05-13 14:09:39,388 DEBUG [HikariPool-1 housekeeper][HikariPool.java:518] - HikariPool-1 - Fill pool skipped, pool is at sufficient level.
2025-05-13 14:10:09,403 DEBUG [HikariPool-1 housekeeper][HikariPool.java:421] - HikariPool-1 - Pool stats (total=10, active=0, idle=10, waiting=0)
2025-05-13 14:10:09,403 DEBUG [HikariPool-1 housekeeper][HikariPool.java:421] - HikariPool-1 - Pool stats (total=10, active=0, idle=10, waiting=0)
2025-05-13 14:10:09,403 DEBUG [HikariPool-1 housekeeper][HikariPool.java:518] - HikariPool-1 - Fill pool skipped, pool is at sufficient level.
2025-05-13 14:10:09,403 DEBUG [HikariPool-1 housekeeper][HikariPool.java:518] - HikariPool-1 - Fill pool skipped, pool is at sufficient level.
2025-05-13 14:10:39,418 DEBUG [HikariPool-1 housekeeper][HikariPool.java:421] - HikariPool-1 - Pool stats (total=10, active=0, idle=10, waiting=0)
2025-05-13 14:10:39,418 DEBUG [HikariPool-1 housekeeper][HikariPool.java:421] - HikariPool-1 - Pool stats (total=10, active=0, idle=10, waiting=0)
2025-05-13 14:10:39,418 DEBUG [HikariPool-1 housekeeper][HikariPool.java:518] - HikariPool-1 - Fill pool skipped, pool is at sufficient level.
2025-05-13 14:10:39,418 DEBUG [HikariPool-1 housekeeper][HikariPool.java:518] - HikariPool-1 - Fill pool skipped, pool is at sufficient level.
2025-05-13 14:11:09,434 DEBUG [HikariPool-1 housekeeper][HikariPool.java:421] - HikariPool-1 - Pool stats (total=10, active=0, idle=10, waiting=0)
2025-05-13 14:11:09,434 DEBUG [HikariPool-1 housekeeper][HikariPool.java:421] - HikariPool-1 - Pool stats (total=10, active=0, idle=10, waiting=0)
2025-05-13 14:11:09,434 DEBUG [HikariPool-1 housekeeper][HikariPool.java:518] - HikariPool-1 - Fill pool skipped, pool is at sufficient level.
2025-05-13 14:11:09,434 DEBUG [HikariPool-1 housekeeper][HikariPool.java:518] - HikariPool-1 - Fill pool skipped, pool is at sufficient level.
2025-05-13 14:11:39,450 DEBUG [HikariPool-1 housekeeper][HikariPool.java:421] - HikariPool-1 - Pool stats (total=10, active=0, idle=10, waiting=0)
2025-05-13 14:11:39,450 DEBUG [HikariPool-1 housekeeper][HikariPool.java:421] - HikariPool-1 - Pool stats (total=10, active=0, idle=10, waiting=0)
2025-05-13 14:11:39,450 DEBUG [HikariPool-1 housekeeper][HikariPool.java:518] - HikariPool-1 - Fill pool skipped, pool is at sufficient level.
2025-05-13 14:11:39,450 DEBUG [HikariPool-1 housekeeper][HikariPool.java:518] - HikariPool-1 - Fill pool skipped, pool is at sufficient level.
2025-05-13 14:12:09,464 DEBUG [HikariPool-1 housekeeper][HikariPool.java:421] - HikariPool-1 - Pool stats (total=10, active=0, idle=10, waiting=0)
2025-05-13 14:12:09,464 DEBUG [HikariPool-1 housekeeper][HikariPool.java:421] - HikariPool-1 - Pool stats (total=10, active=0, idle=10, waiting=0)
2025-05-13 14:12:09,464 DEBUG [HikariPool-1 housekeeper][HikariPool.java:518] - HikariPool-1 - Fill pool skipped, pool is at sufficient level.
2025-05-13 14:12:09,464 DEBUG [HikariPool-1 housekeeper][HikariPool.java:518] - HikariPool-1 - Fill pool skipped, pool is at sufficient level.
2025-05-13 14:12:39,465 DEBUG [HikariPool-1 housekeeper][HikariPool.java:421] - HikariPool-1 - Pool stats (total=10, active=0, idle=10, waiting=0)
2025-05-13 14:12:39,465 DEBUG [HikariPool-1 housekeeper][HikariPool.java:421] - HikariPool-1 - Pool stats (total=10, active=0, idle=10, waiting=0)
2025-05-13 14:12:39,466 DEBUG [HikariPool-1 housekeeper][HikariPool.java:518] - HikariPool-1 - Fill pool skipped, pool is at sufficient level.
2025-05-13 14:12:39,466 DEBUG [HikariPool-1 housekeeper][HikariPool.java:518] - HikariPool-1 - Fill pool skipped, pool is at sufficient level.
2025-05-13 14:13:09,480 DEBUG [HikariPool-1 housekeeper][HikariPool.java:421] - HikariPool-1 - Pool stats (total=10, active=0, idle=10, waiting=0)
2025-05-13 14:13:09,480 DEBUG [HikariPool-1 housekeeper][HikariPool.java:421] - HikariPool-1 - Pool stats (total=10, active=0, idle=10, waiting=0)
2025-05-13 14:13:09,480 DEBUG [HikariPool-1 housekeeper][HikariPool.java:518] - HikariPool-1 - Fill pool skipped, pool is at sufficient level.
2025-05-13 14:13:09,480 DEBUG [HikariPool-1 housekeeper][HikariPool.java:518] - HikariPool-1 - Fill pool skipped, pool is at sufficient level.
2025-05-13 14:13:39,495 DEBUG [HikariPool-1 housekeeper][HikariPool.java:421] - HikariPool-1 - Pool stats (total=10, active=0, idle=10, waiting=0)
2025-05-13 14:13:39,495 DEBUG [HikariPool-1 housekeeper][HikariPool.java:421] - HikariPool-1 - Pool stats (total=10, active=0, idle=10, waiting=0)
2025-05-13 14:13:39,495 DEBUG [HikariPool-1 housekeeper][HikariPool.java:518] - HikariPool-1 - Fill pool skipped, pool is at sufficient level.
2025-05-13 14:13:39,495 DEBUG [HikariPool-1 housekeeper][HikariPool.java:518] - HikariPool-1 - Fill pool skipped, pool is at sufficient level.
2025-05-13 14:14:09,503 DEBUG [HikariPool-1 housekeeper][HikariPool.java:421] - HikariPool-1 - Pool stats (total=10, active=0, idle=10, waiting=0)
2025-05-13 14:14:09,503 DEBUG [HikariPool-1 housekeeper][HikariPool.java:421] - HikariPool-1 - Pool stats (total=10, active=0, idle=10, waiting=0)
2025-05-13 14:14:09,503 DEBUG [HikariPool-1 housekeeper][HikariPool.java:518] - HikariPool-1 - Fill pool skipped, pool is at sufficient level.
2025-05-13 14:14:09,503 DEBUG [HikariPool-1 housekeeper][HikariPool.java:518] - HikariPool-1 - Fill pool skipped, pool is at sufficient level.
2025-05-13 14:14:39,517 DEBUG [HikariPool-1 housekeeper][HikariPool.java:421] - HikariPool-1 - Pool stats (total=10, active=0, idle=10, waiting=0)
2025-05-13 14:14:39,517 DEBUG [HikariPool-1 housekeeper][HikariPool.java:421] - HikariPool-1 - Pool stats (total=10, active=0, idle=10, waiting=0)
2025-05-13 14:14:39,517 DEBUG [HikariPool-1 housekeeper][HikariPool.java:518] - HikariPool-1 - Fill pool skipped, pool is at sufficient level.
2025-05-13 14:14:39,517 DEBUG [HikariPool-1 housekeeper][HikariPool.java:518] - HikariPool-1 - Fill pool skipped, pool is at sufficient level.
2025-05-13 14:15:09,522 DEBUG [HikariPool-1 housekeeper][HikariPool.java:421] - HikariPool-1 - Pool stats (total=10, active=0, idle=10, waiting=0)
2025-05-13 14:15:09,522 DEBUG [HikariPool-1 housekeeper][HikariPool.java:421] - HikariPool-1 - Pool stats (total=10, active=0, idle=10, waiting=0)
2025-05-13 14:15:09,522 DEBUG [HikariPool-1 housekeeper][HikariPool.java:518] - HikariPool-1 - Fill pool skipped, pool is at sufficient level.
2025-05-13 14:15:09,522 DEBUG [HikariPool-1 housekeeper][HikariPool.java:518] - HikariPool-1 - Fill pool skipped, pool is at sufficient level.
2025-05-13 14:15:39,537 DEBUG [HikariPool-1 housekeeper][HikariPool.java:421] - HikariPool-1 - Pool stats (total=10, active=0, idle=10, waiting=0)
2025-05-13 14:15:39,537 DEBUG [HikariPool-1 housekeeper][HikariPool.java:421] - HikariPool-1 - Pool stats (total=10, active=0, idle=10, waiting=0)
2025-05-13 14:15:39,537 DEBUG [HikariPool-1 housekeeper][HikariPool.java:518] - HikariPool-1 - Fill pool skipped, pool is at sufficient level.
2025-05-13 14:15:39,537 DEBUG [HikariPool-1 housekeeper][HikariPool.java:518] - HikariPool-1 - Fill pool skipped, pool is at sufficient level.
2025-05-13 14:16:09,550 DEBUG [HikariPool-1 housekeeper][HikariPool.java:421] - HikariPool-1 - Pool stats (total=10, active=0, idle=10, waiting=0)
2025-05-13 14:16:09,550 DEBUG [HikariPool-1 housekeeper][HikariPool.java:421] - HikariPool-1 - Pool stats (total=10, active=0, idle=10, waiting=0)
2025-05-13 14:16:09,550 DEBUG [HikariPool-1 housekeeper][HikariPool.java:518] - HikariPool-1 - Fill pool skipped, pool is at sufficient level.
2025-05-13 14:16:09,550 DEBUG [HikariPool-1 housekeeper][HikariPool.java:518] - HikariPool-1 - Fill pool skipped, pool is at sufficient level.
2025-05-13 14:16:39,557 DEBUG [HikariPool-1 housekeeper][HikariPool.java:421] - HikariPool-1 - Pool stats (total=10, active=0, idle=10, waiting=0)
2025-05-13 14:16:39,557 DEBUG [HikariPool-1 housekeeper][HikariPool.java:421] - HikariPool-1 - Pool stats (total=10, active=0, idle=10, waiting=0)
2025-05-13 14:16:39,557 DEBUG [HikariPool-1 housekeeper][HikariPool.java:518] - HikariPool-1 - Fill pool skipped, pool is at sufficient level.
2025-05-13 14:16:39,557 DEBUG [HikariPool-1 housekeeper][HikariPool.java:518] - HikariPool-1 - Fill pool skipped, pool is at sufficient level.
2025-05-13 14:17:09,568 DEBUG [HikariPool-1 housekeeper][HikariPool.java:421] - HikariPool-1 - Pool stats (total=10, active=0, idle=10, waiting=0)
2025-05-13 14:17:09,568 DEBUG [HikariPool-1 housekeeper][HikariPool.java:421] - HikariPool-1 - Pool stats (total=10, active=0, idle=10, waiting=0)
2025-05-13 14:17:09,568 DEBUG [HikariPool-1 housekeeper][HikariPool.java:518] - HikariPool-1 - Fill pool skipped, pool is at sufficient level.
2025-05-13 14:17:09,568 DEBUG [HikariPool-1 housekeeper][HikariPool.java:518] - HikariPool-1 - Fill pool skipped, pool is at sufficient level.
2025-05-13 14:17:39,571 DEBUG [HikariPool-1 housekeeper][HikariPool.java:421] - HikariPool-1 - Pool stats (total=10, active=0, idle=10, waiting=0)
2025-05-13 14:17:39,571 DEBUG [HikariPool-1 housekeeper][HikariPool.java:421] - HikariPool-1 - Pool stats (total=10, active=0, idle=10, waiting=0)
2025-05-13 14:17:39,571 DEBUG [HikariPool-1 housekeeper][HikariPool.java:518] - HikariPool-1 - Fill pool skipped, pool is at sufficient level.
2025-05-13 14:17:39,571 DEBUG [HikariPool-1 housekeeper][HikariPool.java:518] - HikariPool-1 - Fill pool skipped, pool is at sufficient level.
2025-05-13 14:17:44,503 INFO [SpringApplicationShutdownHook][HikariDataSource.java:350] - HikariPool-1 - Shutdown initiated...
2025-05-13 14:17:44,503 INFO [SpringApplicationShutdownHook][HikariDataSource.java:350] - HikariPool-1 - Shutdown initiated...
2025-05-13 14:17:44,503 DEBUG [SpringApplicationShutdownHook][HikariPool.java:421] - HikariPool-1 - Before shutdown stats (total=10, active=0, idle=10, waiting=0)
2025-05-13 14:17:44,503 DEBUG [SpringApplicationShutdownHook][HikariPool.java:421] - HikariPool-1 - Before shutdown stats (total=10, active=0, idle=10, waiting=0)
2025-05-13 14:17:44,504 DEBUG [HikariPool-1 connection closer][PoolBase.java:134] - HikariPool-1 - Closing connection com.mysql.cj.jdbc.ConnectionImpl@4a92924b: (connection evicted)
2025-05-13 14:17:44,504 DEBUG [HikariPool-1 connection closer][PoolBase.java:134] - HikariPool-1 - Closing connection com.mysql.cj.jdbc.ConnectionImpl@4a92924b: (connection evicted)
2025-05-13 14:17:44,509 DEBUG [HikariPool-1 connection closer][PoolBase.java:134] - HikariPool-1 - Closing connection com.mysql.cj.jdbc.ConnectionImpl@1e497b34: (connection evicted)
2025-05-13 14:17:44,509 DEBUG [HikariPool-1 connection closer][PoolBase.java:134] - HikariPool-1 - Closing connection com.mysql.cj.jdbc.ConnectionImpl@1e497b34: (connection evicted)
2025-05-13 14:17:44,510 DEBUG [HikariPool-1 connection closer][PoolBase.java:134] - HikariPool-1 - Closing connection com.mysql.cj.jdbc.ConnectionImpl@5f74710f: (connection evicted)
2025-05-13 14:17:44,510 DEBUG [HikariPool-1 connection closer][PoolBase.java:134] - HikariPool-1 - Closing connection com.mysql.cj.jdbc.ConnectionImpl@5f74710f: (connection evicted)
2025-05-13 14:17:44,510 DEBUG [HikariPool-1 connection closer][PoolBase.java:134] - HikariPool-1 - Closing connection com.mysql.cj.jdbc.ConnectionImpl@6ee1ad00: (connection evicted)
2025-05-13 14:17:44,510 DEBUG [HikariPool-1 connection closer][PoolBase.java:134] - HikariPool-1 - Closing connection com.mysql.cj.jdbc.ConnectionImpl@6ee1ad00: (connection evicted)
2025-05-13 14:17:44,510 DEBUG [HikariPool-1 connection closer][PoolBase.java:134] - HikariPool-1 - Closing connection com.mysql.cj.jdbc.ConnectionImpl@3f5b8e40: (connection evicted)
2025-05-13 14:17:44,510 DEBUG [HikariPool-1 connection closer][PoolBase.java:134] - HikariPool-1 - Closing connection com.mysql.cj.jdbc.ConnectionImpl@3f5b8e40: (connection evicted)
2025-05-13 14:17:44,510 DEBUG [HikariPool-1 connection closer][PoolBase.java:134] - HikariPool-1 - Closing connection com.mysql.cj.jdbc.ConnectionImpl@4005b8c9: (connection evicted)
2025-05-13 14:17:44,510 DEBUG [HikariPool-1 connection closer][PoolBase.java:134] - HikariPool-1 - Closing connection com.mysql.cj.jdbc.ConnectionImpl@4005b8c9: (connection evicted)
2025-05-13 14:17:44,511 DEBUG [HikariPool-1 connection closer][PoolBase.java:134] - HikariPool-1 - Closing connection com.mysql.cj.jdbc.ConnectionImpl@3b15d5ba: (connection evicted)
2025-05-13 14:17:44,511 DEBUG [HikariPool-1 connection closer][PoolBase.java:134] - HikariPool-1 - Closing connection com.mysql.cj.jdbc.ConnectionImpl@3b15d5ba: (connection evicted)
2025-05-13 14:17:44,512 DEBUG [HikariPool-1 connection closer][PoolBase.java:134] - HikariPool-1 - Closing connection com.mysql.cj.jdbc.ConnectionImpl@2afc1673: (connection evicted)
2025-05-13 14:17:44,512 DEBUG [HikariPool-1 connection closer][PoolBase.java:134] - HikariPool-1 - Closing connection com.mysql.cj.jdbc.ConnectionImpl@2afc1673: (connection evicted)
2025-05-13 14:17:44,512 DEBUG [HikariPool-1 connection closer][PoolBase.java:134] - HikariPool-1 - Closing connection com.mysql.cj.jdbc.ConnectionImpl@721585dd: (connection evicted)
2025-05-13 14:17:44,512 DEBUG [HikariPool-1 connection closer][PoolBase.java:134] - HikariPool-1 - Closing connection com.mysql.cj.jdbc.ConnectionImpl@721585dd: (connection evicted)
2025-05-13 14:17:44,513 DEBUG [HikariPool-1 connection closer][PoolBase.java:134] - HikariPool-1 - Closing connection com.mysql.cj.jdbc.ConnectionImpl@699b3687: (connection evicted)
2025-05-13 14:17:44,513 DEBUG [HikariPool-1 connection closer][PoolBase.java:134] - HikariPool-1 - Closing connection com.mysql.cj.jdbc.ConnectionImpl@699b3687: (connection evicted)
2025-05-13 14:17:44,513 DEBUG [SpringApplicationShutdownHook][HikariPool.java:421] - HikariPool-1 - After shutdown stats (total=0, active=0, idle=0, waiting=0)
2025-05-13 14:17:44,513 DEBUG [SpringApplicationShutdownHook][HikariPool.java:421] - HikariPool-1 - After shutdown stats (total=0, active=0, idle=0, waiting=0)
2025-05-13 14:17:44,513 INFO [SpringApplicationShutdownHook][HikariDataSource.java:352] - HikariPool-1 - Shutdown completed.
2025-05-13 14:17:44,513 INFO [SpringApplicationShutdownHook][HikariDataSource.java:352] - HikariPool-1 - Shutdown completed.
